>> init: executionAsyncId: 0 | asyncId: 8, type: "PIPESERVERWRAP", triggerAsyncId: 0, resource: Pipe
>> init: executionAsyncId: 0 | asyncId: 9, type: "TickObject", triggerAsyncId: 8, resource: Object
>> before: executionAsyncId: 9 | asyncId: 9
Example app listening on Unix domain socket /tmp/sock!
>> init: executionAsyncId: 9 | asyncId: 13, type: "TickObject", triggerAsyncId: 9, resource: Object
>> after: executionAsyncId: 9 | asyncId: 9, durationMs: 1
>> before: executionAsyncId: 13 | asyncId: 13
>> after: executionAsyncId: 13 | asyncId: 13, durationMs: 0
>> destroy: executionAsyncId: 0 | asyncId: 9
>> destroy: executionAsyncId: 0 | asyncId: 13
>> init: executionAsyncId: 0 | asyncId: 14, type: "PIPEWRAP", triggerAsyncId: 8, resource: Pipe
>> before: executionAsyncId: 8 | asyncId: 8
>> init: executionAsyncId: 8 | asyncId: 15, type: "Timeout", triggerAsyncId: 14, resource: Timeout
>> init: executionAsyncId: 8 | asyncId: 16, type: "HTTPINCOMINGMESSAGE", triggerAsyncId: 14, resource: HTTPServerAsyncResource
>> init: executionAsyncId: 8 | asyncId: 17, type: "TickObject", triggerAsyncId: 14, resource: Object
>> after: executionAsyncId: 8 | asyncId: 8, durationMs: 2
>> before: executionAsyncId: 17 | asyncId: 17
>> after: executionAsyncId: 17 | asyncId: 17, durationMs: 0
>> init: executionAsyncId: 0 | asyncId: 18, type: "PIPEWRAP", triggerAsyncId: 8, resource: Pipe
>> before: executionAsyncId: 8 | asyncId: 8
>> init: executionAsyncId: 8 | asyncId: 19, type: "Timeout", triggerAsyncId: 18, resource: Timeout
>> init: executionAsyncId: 8 | asyncId: 20, type: "HTTPINCOMINGMESSAGE", triggerAsyncId: 18, resource: HTTPServerAsyncResource
>> init: executionAsyncId: 8 | asyncId: 21, type: "TickObject", triggerAsyncId: 18, resource: Object
>> after: executionAsyncId: 8 | asyncId: 8, durationMs: 0
>> before: executionAsyncId: 21 | asyncId: 21
>> after: executionAsyncId: 21 | asyncId: 21, durationMs: 0
>> destroy: executionAsyncId: 0 | asyncId: 17
>> destroy: executionAsyncId: 0 | asyncId: 21
>> init: executionAsyncId: 0 | asyncId: 22, type: "PIPEWRAP", triggerAsyncId: 8, resource: Pipe
>> before: executionAsyncId: 8 | asyncId: 8
>> init: executionAsyncId: 8 | asyncId: 23, type: "Timeout", triggerAsyncId: 22, resource: Timeout
>> init: executionAsyncId: 8 | asyncId: 24, type: "HTTPINCOMINGMESSAGE", triggerAsyncId: 22, resource: HTTPServerAsyncResource
>> init: executionAsyncId: 8 | asyncId: 25, type: "TickObject", triggerAsyncId: 22, resource: Object
>> after: executionAsyncId: 8 | asyncId: 8, durationMs: 0
>> before: executionAsyncId: 25 | asyncId: 25
>> after: executionAsyncId: 25 | asyncId: 25, durationMs: 0
>> init: executionAsyncId: 0 | asyncId: 26, type: "PIPEWRAP", triggerAsyncId: 8, resource: Pipe
>> before: executionAsyncId: 8 | asyncId: 8
>> init: executionAsyncId: 8 | asyncId: 27, type: "Timeout", triggerAsyncId: 26, resource: Timeout
>> init: executionAsyncId: 8 | asyncId: 28, type: "HTTPINCOMINGMESSAGE", triggerAsyncId: 26, resource: HTTPServerAsyncResource
>> init: executionAsyncId: 8 | asyncId: 29, type: "TickObject", triggerAsyncId: 26, resource: Object
>> after: executionAsyncId: 8 | asyncId: 8, durationMs: 0
>> before: executionAsyncId: 29 | asyncId: 29
>> after: executionAsyncId: 29 | asyncId: 29, durationMs: 0
>> init: executionAsyncId: 0 | asyncId: 30, type: "PIPEWRAP", triggerAsyncId: 8, resource: Pipe
>> before: executionAsyncId: 8 | asyncId: 8
>> init: executionAsyncId: 8 | asyncId: 31, type: "Timeout", triggerAsyncId: 30, resource: Timeout
>> init: executionAsyncId: 8 | asyncId: 32, type: "HTTPINCOMINGMESSAGE", triggerAsyncId: 30, resource: HTTPServerAsyncResource
>> init: executionAsyncId: 8 | asyncId: 33, type: "TickObject", triggerAsyncId: 30, resource: Object
>> after: executionAsyncId: 8 | asyncId: 8, durationMs: 0
>> before: executionAsyncId: 33 | asyncId: 33
>> after: executionAsyncId: 33 | asyncId: 33, durationMs: 0
>> before: executionAsyncId: 16 | asyncId: 16
>> init: executionAsyncId: 16 | asyncId: 34, type: "PROMISE", triggerAsyncId: 16, resource: PromiseWrap
>> init: executionAsyncId: 16 | asyncId: 35, type: "PROMISE", triggerAsyncId: 16, resource: PromiseWrap
[0] Serializing response for request 1...
>> init: executionAsyncId: 16 | asyncId: 36, type: "TickObject", triggerAsyncId: 16, resource: Object
[324] Sending 55MB response for request 1...
>> [456] init: executionAsyncId: 16 | asyncId: 37, type: "Timeout", triggerAsyncId: 16, resource: Timeout
>> [457] init: executionAsyncId: 16 | asyncId: 38, type: "WRITEWRAP", triggerAsyncId: 14, resource: WriteWrap
[457] - Handler done for request 1 -
>> [457] after: executionAsyncId: 16 | asyncId: 16, durationMs: 459, event loop blocked!
>> [457] before: executionAsyncId: 16 | asyncId: 16
>> [457] init: executionAsyncId: 16 | asyncId: 39, type: "TickObject", triggerAsyncId: 16, resource: Object
>> [457] after: executionAsyncId: 16 | asyncId: 16, durationMs: 0
>> [457] before: executionAsyncId: 16 | asyncId: 16
>> [457] after: executionAsyncId: 16 | asyncId: 16, durationMs: 0
>> [457] before: executionAsyncId: 36 | asyncId: 36
>> [457] after: executionAsyncId: 36 | asyncId: 36, durationMs: 0
>> [457] before: executionAsyncId: 39 | asyncId: 39
>> [457] after: executionAsyncId: 39 | asyncId: 39, durationMs: 0
>> [457] before: executionAsyncId: 20 | asyncId: 20
>> [458] init: executionAsyncId: 20 | asyncId: 40, type: "PROMISE", triggerAsyncId: 20, resource: PromiseWrap
>> [458] init: executionAsyncId: 20 | asyncId: 41, type: "PROMISE", triggerAsyncId: 20, resource: PromiseWrap
[458] Serializing response for request 2...
>> [458] init: executionAsyncId: 20 | asyncId: 42, type: "TickObject", triggerAsyncId: 20, resource: Object
[780] Sending 55MB response for request 2...
>> [917] init: executionAsyncId: 20 | asyncId: 43, type: "WRITEWRAP", triggerAsyncId: 18, resource: WriteWrap
[917] - Handler done for request 2 -
>> [917] after: executionAsyncId: 20 | asyncId: 20, durationMs: 460, event loop blocked!
>> [917] before: executionAsyncId: 20 | asyncId: 20
>> [917] init: executionAsyncId: 20 | asyncId: 44, type: "TickObject", triggerAsyncId: 20, resource: Object
>> [917] after: executionAsyncId: 20 | asyncId: 20, durationMs: 0
>> [917] before: executionAsyncId: 20 | asyncId: 20
>> [917] after: executionAsyncId: 20 | asyncId: 20, durationMs: 0
>> [917] before: executionAsyncId: 42 | asyncId: 42
>> [917] after: executionAsyncId: 42 | asyncId: 42, durationMs: 0
>> [918] before: executionAsyncId: 44 | asyncId: 44
>> [918] after: executionAsyncId: 44 | asyncId: 44, durationMs: 0
>> [918] destroy: executionAsyncId: 0 | asyncId: 25
>> [918] destroy: executionAsyncId: 0 | asyncId: 29
>> [918] destroy: executionAsyncId: 0 | asyncId: 33
>> [918] destroy: executionAsyncId: 0 | asyncId: 12
>> [918] destroy: executionAsyncId: 0 | asyncId: 10
>> [918] destroy: executionAsyncId: 0 | asyncId: 11
>> [918] destroy: executionAsyncId: 0 | asyncId: 36
>> [918] destroy: executionAsyncId: 0 | asyncId: 39
>> [918] destroy: executionAsyncId: 0 | asyncId: 34
>> [918] destroy: executionAsyncId: 0 | asyncId: 35
>> [918] destroy: executionAsyncId: 0 | asyncId: 42
>> [918] destroy: executionAsyncId: 0 | asyncId: 44
>> [918] before: executionAsyncId: 37 | asyncId: 37
>> [918] after: executionAsyncId: 37 | asyncId: 37, durationMs: 0
>> [918] before: executionAsyncId: 24 | asyncId: 24
>> [918] init: executionAsyncId: 24 | asyncId: 45, type: "PROMISE", triggerAsyncId: 24, resource: PromiseWrap
>> [918] init: executionAsyncId: 24 | asyncId: 46, type: "PROMISE", triggerAsyncId: 24, resource: PromiseWrap
[918] Serializing response for request 3...
>> [918] init: executionAsyncId: 24 | asyncId: 47, type: "TickObject", triggerAsyncId: 24, resource: Object
[1229] Sending 55MB response for request 3...
>> [1363] init: executionAsyncId: 24 | asyncId: 48, type: "Timeout", triggerAsyncId: 24, resource: Timeout
>> [1363] init: executionAsyncId: 24 | asyncId: 49, type: "WRITEWRAP", triggerAsyncId: 22, resource: WriteWrap
[1363] - Handler done for request 3 -
>> [1363] after: executionAsyncId: 24 | asyncId: 24, durationMs: 445, event loop blocked!
>> [1363] before: executionAsyncId: 24 | asyncId: 24
>> [1363] init: executionAsyncId: 24 | asyncId: 50, type: "TickObject", triggerAsyncId: 24, resource: Object
>> [1363] after: executionAsyncId: 24 | asyncId: 24, durationMs: 0
>> [1363] before: executionAsyncId: 24 | asyncId: 24
>> [1363] after: executionAsyncId: 24 | asyncId: 24, durationMs: 0
>> [1363] before: executionAsyncId: 47 | asyncId: 47
>> [1363] after: executionAsyncId: 47 | asyncId: 47, durationMs: 0
>> [1363] before: executionAsyncId: 50 | asyncId: 50
>> [1363] after: executionAsyncId: 50 | asyncId: 50, durationMs: 0
>> [1363] before: executionAsyncId: 28 | asyncId: 28
>> [1364] init: executionAsyncId: 28 | asyncId: 51, type: "PROMISE", triggerAsyncId: 28, resource: PromiseWrap
>> [1364] init: executionAsyncId: 28 | asyncId: 52, type: "PROMISE", triggerAsyncId: 28, resource: PromiseWrap
[1364] Serializing response for request 4...
>> [1364] init: executionAsyncId: 28 | asyncId: 53, type: "TickObject", triggerAsyncId: 28, resource: Object
[1675] Sending 55MB response for request 4...
>> [1807] init: executionAsyncId: 28 | asyncId: 54, type: "WRITEWRAP", triggerAsyncId: 26, resource: WriteWrap
[1807] - Handler done for request 4 -
>> [1807] after: executionAsyncId: 28 | asyncId: 28, durationMs: 444, event loop blocked!
>> [1807] before: executionAsyncId: 28 | asyncId: 28
>> [1807] init: executionAsyncId: 28 | asyncId: 55, type: "TickObject", triggerAsyncId: 28, resource: Object
>> [1807] after: executionAsyncId: 28 | asyncId: 28, durationMs: 0
>> [1807] before: executionAsyncId: 28 | asyncId: 28
>> [1807] after: executionAsyncId: 28 | asyncId: 28, durationMs: 0
>> [1807] before: executionAsyncId: 53 | asyncId: 53
>> [1807] after: executionAsyncId: 53 | asyncId: 53, durationMs: 0
>> [1807] before: executionAsyncId: 55 | asyncId: 55
>> [1807] after: executionAsyncId: 55 | asyncId: 55, durationMs: 0
>> [1807] before: executionAsyncId: 32 | asyncId: 32
>> [1808] init: executionAsyncId: 32 | asyncId: 56, type: "PROMISE", triggerAsyncId: 32, resource: PromiseWrap
>> [1809] init: executionAsyncId: 32 | asyncId: 57, type: "PROMISE", triggerAsyncId: 32, resource: PromiseWrap
[1809] Serializing response for request 5...
>> [1809] init: executionAsyncId: 32 | asyncId: 58, type: "TickObject", triggerAsyncId: 32, resource: Object
[2114] Sending 55MB response for request 5...
>> [2245] init: executionAsyncId: 32 | asyncId: 59, type: "WRITEWRAP", triggerAsyncId: 30, resource: WriteWrap
[2245] - Handler done for request 5 -
>> [2245] after: executionAsyncId: 32 | asyncId: 32, durationMs: 438, event loop blocked!
>> [2245] before: executionAsyncId: 32 | asyncId: 32
>> [2245] init: executionAsyncId: 32 | asyncId: 60, type: "TickObject", triggerAsyncId: 32, resource: Object
>> [2245] after: executionAsyncId: 32 | asyncId: 32, durationMs: 0
>> [2245] before: executionAsyncId: 32 | asyncId: 32
>> [2245] after: executionAsyncId: 32 | asyncId: 32, durationMs: 0
>> [2245] before: executionAsyncId: 58 | asyncId: 58
>> [2245] after: executionAsyncId: 58 | asyncId: 58, durationMs: 0
>> [2245] before: executionAsyncId: 60 | asyncId: 60
>> [2245] after: executionAsyncId: 60 | asyncId: 60, durationMs: 0
>> [2245] destroy: executionAsyncId: 0 | asyncId: 37
>> [2246] destroy: executionAsyncId: 0 | asyncId: 41
>> [2246] destroy: executionAsyncId: 0 | asyncId: 40
>> [2246] destroy: executionAsyncId: 0 | asyncId: 47
>> [2246] destroy: executionAsyncId: 0 | asyncId: 50
>> [2246] destroy: executionAsyncId: 0 | asyncId: 46
>> [2246] destroy: executionAsyncId: 0 | asyncId: 45
>> [2246] destroy: executionAsyncId: 0 | asyncId: 53
>> [2246] destroy: executionAsyncId: 0 | asyncId: 55
>> [2246] destroy: executionAsyncId: 0 | asyncId: 51
>> [2246] destroy: executionAsyncId: 0 | asyncId: 52
>> [2246] destroy: executionAsyncId: 0 | asyncId: 58
>> [2246] destroy: executionAsyncId: 0 | asyncId: 60
>> [2246] before: executionAsyncId: 48 | asyncId: 48
>> [2246] after: executionAsyncId: 48 | asyncId: 48, durationMs: 0
>> [2246] destroy: executionAsyncId: 0 | asyncId: 48
>> [2395] before: executionAsyncId: 59 | asyncId: 59
>> [2395] init: executionAsyncId: 59 | asyncId: 61, type: "TickObject", triggerAsyncId: 59, resource: Object
>> [2396] init: executionAsyncId: 59 | asyncId: 62, type: "TickObject", triggerAsyncId: 59, resource: Object
>> [2396] init: executionAsyncId: 59 | asyncId: 63, type: "Timeout", triggerAsyncId: 59, resource: Timeout
>> [2396] res.finish: executionAsyncId: 59 |
[2396] -- Took 282ms to flush response for request 5 --
>> [2396] init: executionAsyncId: 59 | asyncId: 64, type: "TickObject", triggerAsyncId: 59, resource: Object
>> [2396] after: executionAsyncId: 59 | asyncId: 59, durationMs: 1
>> [2396] before: executionAsyncId: 61 | asyncId: 61
>> [2396] init: executionAsyncId: 61 | asyncId: 65, type: "TickObject", triggerAsyncId: 61, resource: Object
>> [2396] init: executionAsyncId: 61 | asyncId: 66, type: "TickObject", triggerAsyncId: 61, resource: Object
>> [2396] init: executionAsyncId: 61 | asyncId: 67, type: "TickObject", triggerAsyncId: 61, resource: Object
>> [2396] after: executionAsyncId: 61 | asyncId: 61, durationMs: 0
>> [2397] before: executionAsyncId: 62 | asyncId: 62
>> [2397] after: executionAsyncId: 62 | asyncId: 62, durationMs: 0
>> [2397] before: executionAsyncId: 64 | asyncId: 64
>> [2397] after: executionAsyncId: 64 | asyncId: 64, durationMs: 0
>> [2397] before: executionAsyncId: 65 | asyncId: 65
>> [2397] after: executionAsyncId: 65 | asyncId: 65, durationMs: 0
>> [2397] before: executionAsyncId: 66 | asyncId: 66
>> [2397] after: executionAsyncId: 66 | asyncId: 66, durationMs: 0
>> [2397] before: executionAsyncId: 67 | asyncId: 67
>> [2397] after: executionAsyncId: 67 | asyncId: 67, durationMs: 0
>> [2397] destroy: executionAsyncId: 0 | asyncId: 31
>> [2397] destroy: executionAsyncId: 0 | asyncId: 61
>> [2397] destroy: executionAsyncId: 0 | asyncId: 62
>> [2397] destroy: executionAsyncId: 0 | asyncId: 64
>> [2397] destroy: executionAsyncId: 0 | asyncId: 65
>> [2397] destroy: executionAsyncId: 0 | asyncId: 66
>> [2397] destroy: executionAsyncId: 0 | asyncId: 67
>> [2397] destroy: executionAsyncId: 0 | asyncId: 59
>> [2397] before: executionAsyncId: 30 | asyncId: 30
>> [2397] init: executionAsyncId: 30 | asyncId: 68, type: "TickObject", triggerAsyncId: 30, resource: Object
>> [2397] init: executionAsyncId: 30 | asyncId: 69, type: "TickObject", triggerAsyncId: 30, resource: Object
>> [2397] after: executionAsyncId: 30 | asyncId: 30, durationMs: 0
>> [2397] before: executionAsyncId: 68 | asyncId: 68
>> [2397] init: executionAsyncId: 68 | asyncId: 70, type: "TickObject", triggerAsyncId: 68, resource: Object
>> [2397] after: executionAsyncId: 68 | asyncId: 68, durationMs: 0
>> [2397] before: executionAsyncId: 69 | asyncId: 69
>> [2397] after: executionAsyncId: 69 | asyncId: 69, durationMs: 0
>> [2397] before: executionAsyncId: 70 | asyncId: 70
>> [2397] init: executionAsyncId: 70 | asyncId: 71, type: "SHUTDOWNWRAP", triggerAsyncId: 30, resource: ShutdownWrap
>> [2397] after: executionAsyncId: 70 | asyncId: 70, durationMs: 0
>> [2397] destroy: executionAsyncId: 0 | asyncId: 68
>> [2397] destroy: executionAsyncId: 0 | asyncId: 69
>> [2397] destroy: executionAsyncId: 0 | asyncId: 70
>> [2397] before: executionAsyncId: 71 | asyncId: 71
>> [2398] init: executionAsyncId: 71 | asyncId: 72, type: "TickObject", triggerAsyncId: 71, resource: Object
>> [2398] after: executionAsyncId: 71 | asyncId: 71, durationMs: 0
>> [2398] before: executionAsyncId: 72 | asyncId: 72
>> [2398] after: executionAsyncId: 72 | asyncId: 72, durationMs: 0
>> [2398] destroy: executionAsyncId: 0 | asyncId: 63
>> [2398] destroy: executionAsyncId: 0 | asyncId: 72
>> [2398] destroy: executionAsyncId: 0 | asyncId: 71
>> [2398] before: executionAsyncId: 30 | asyncId: 30
>> [2398] after: executionAsyncId: 30 | asyncId: 30, durationMs: 0
>> [2398] destroy: executionAsyncId: 0 | asyncId: 32
>> [2398] destroy: executionAsyncId: 0 | asyncId: 30
>> [2402] before: executionAsyncId: 43 | asyncId: 43
>> [2402] init: executionAsyncId: 43 | asyncId: 73, type: "TickObject", triggerAsyncId: 43, resource: Object
>> [2402] init: executionAsyncId: 43 | asyncId: 74, type: "TickObject", triggerAsyncId: 43, resource: Object
>> [2402] init: executionAsyncId: 43 | asyncId: 75, type: "Timeout", triggerAsyncId: 43, resource: Timeout
>> [2402] res.finish: executionAsyncId: 43 |
[2402] -- Took 1622ms to flush response for request 2 --
>> [2402] init: executionAsyncId: 43 | asyncId: 76, type: "TickObject", triggerAsyncId: 43, resource: Object
>> [2402] after: executionAsyncId: 43 | asyncId: 43, durationMs: 0
>> [2402] before: executionAsyncId: 73 | asyncId: 73
>> [2402] init: executionAsyncId: 73 | asyncId: 77, type: "TickObject", triggerAsyncId: 73, resource: Object
>> [2402] init: executionAsyncId: 73 | asyncId: 78, type: "TickObject", triggerAsyncId: 73, resource: Object
>> [2402] init: executionAsyncId: 73 | asyncId: 79, type: "TickObject", triggerAsyncId: 73, resource: Object
>> [2402] after: executionAsyncId: 73 | asyncId: 73, durationMs: 0
>> [2402] before: executionAsyncId: 74 | asyncId: 74
>> [2402] after: executionAsyncId: 74 | asyncId: 74, durationMs: 0
>> [2402] before: executionAsyncId: 76 | asyncId: 76
>> [2402] after: executionAsyncId: 76 | asyncId: 76, durationMs: 0
>> [2402] before: executionAsyncId: 77 | asyncId: 77
>> [2402] after: executionAsyncId: 77 | asyncId: 77, durationMs: 0
>> [2402] before: executionAsyncId: 78 | asyncId: 78
>> [2402] after: executionAsyncId: 78 | asyncId: 78, durationMs: 0
>> [2402] before: executionAsyncId: 79 | asyncId: 79
>> [2402] after: executionAsyncId: 79 | asyncId: 79, durationMs: 0
>> [2402] destroy: executionAsyncId: 0 | asyncId: 19
>> [2402] destroy: executionAsyncId: 0 | asyncId: 73
>> [2402] destroy: executionAsyncId: 0 | asyncId: 74
>> [2402] destroy: executionAsyncId: 0 | asyncId: 76
>> [2402] destroy: executionAsyncId: 0 | asyncId: 77
>> [2402] destroy: executionAsyncId: 0 | asyncId: 78
>> [2402] destroy: executionAsyncId: 0 | asyncId: 79
>> [2402] destroy: executionAsyncId: 0 | asyncId: 43
>> [2402] before: executionAsyncId: 18 | asyncId: 18
>> [2402] init: executionAsyncId: 18 | asyncId: 80, type: "TickObject", triggerAsyncId: 18, resource: Object
>> [2402] init: executionAsyncId: 18 | asyncId: 81, type: "TickObject", triggerAsyncId: 18, resource: Object
>> [2402] after: executionAsyncId: 18 | asyncId: 18, durationMs: 0
>> [2402] before: executionAsyncId: 80 | asyncId: 80
>> [2402] init: executionAsyncId: 80 | asyncId: 82, type: "TickObject", triggerAsyncId: 80, resource: Object
>> [2402] after: executionAsyncId: 80 | asyncId: 80, durationMs: 0
>> [2402] before: executionAsyncId: 81 | asyncId: 81
>> [2402] after: executionAsyncId: 81 | asyncId: 81, durationMs: 0
>> [2402] before: executionAsyncId: 82 | asyncId: 82
>> [2402] init: executionAsyncId: 82 | asyncId: 83, type: "SHUTDOWNWRAP", triggerAsyncId: 18, resource: ShutdownWrap
>> [2402] after: executionAsyncId: 82 | asyncId: 82, durationMs: 0
>> [2402] destroy: executionAsyncId: 0 | asyncId: 80
>> [2402] destroy: executionAsyncId: 0 | asyncId: 81
>> [2402] destroy: executionAsyncId: 0 | asyncId: 82
>> [2402] before: executionAsyncId: 83 | asyncId: 83
>> [2403] init: executionAsyncId: 83 | asyncId: 84, type: "TickObject", triggerAsyncId: 83, resource: Object
>> [2403] after: executionAsyncId: 83 | asyncId: 83, durationMs: 0
>> [2403] before: executionAsyncId: 84 | asyncId: 84
>> [2403] after: executionAsyncId: 84 | asyncId: 84, durationMs: 0
>> [2403] destroy: executionAsyncId: 0 | asyncId: 75
>> [2403] destroy: executionAsyncId: 0 | asyncId: 84
>> [2403] destroy: executionAsyncId: 0 | asyncId: 83
>> [2403] before: executionAsyncId: 18 | asyncId: 18
>> [2403] after: executionAsyncId: 18 | asyncId: 18, durationMs: 0
>> [2403] destroy: executionAsyncId: 0 | asyncId: 20
>> [2403] destroy: executionAsyncId: 0 | asyncId: 18
>> [2405] before: executionAsyncId: 38 | asyncId: 38
>> [2405] init: executionAsyncId: 38 | asyncId: 85, type: "TickObject", triggerAsyncId: 38, resource: Object
>> [2405] init: executionAsyncId: 38 | asyncId: 86, type: "TickObject", triggerAsyncId: 38, resource: Object
>> [2405] init: executionAsyncId: 38 | asyncId: 87, type: "Timeout", triggerAsyncId: 38, resource: Timeout
>> [2405] res.finish: executionAsyncId: 38 |
[2405] -- Took 2081ms to flush response for request 1 --
>> [2405] init: executionAsyncId: 38 | asyncId: 88, type: "TickObject", triggerAsyncId: 38, resource: Object
>> [2405] after: executionAsyncId: 38 | asyncId: 38, durationMs: 0
>> [2405] before: executionAsyncId: 85 | asyncId: 85
>> [2405] init: executionAsyncId: 85 | asyncId: 89, type: "TickObject", triggerAsyncId: 85, resource: Object
>> [2405] init: executionAsyncId: 85 | asyncId: 90, type: "TickObject", triggerAsyncId: 85, resource: Object
>> [2405] init: executionAsyncId: 85 | asyncId: 91, type: "TickObject", triggerAsyncId: 85, resource: Object
>> [2405] after: executionAsyncId: 85 | asyncId: 85, durationMs: 0
>> [2405] before: executionAsyncId: 86 | asyncId: 86
>> [2405] after: executionAsyncId: 86 | asyncId: 86, durationMs: 0
>> [2405] before: executionAsyncId: 88 | asyncId: 88
>> [2405] after: executionAsyncId: 88 | asyncId: 88, durationMs: 0
>> [2405] before: executionAsyncId: 89 | asyncId: 89
>> [2405] after: executionAsyncId: 89 | asyncId: 89, durationMs: 0
>> [2405] before: executionAsyncId: 90 | asyncId: 90
>> [2405] after: executionAsyncId: 90 | asyncId: 90, durationMs: 0
>> [2405] before: executionAsyncId: 91 | asyncId: 91
>> [2405] after: executionAsyncId: 91 | asyncId: 91, durationMs: 0
>> [2405] destroy: executionAsyncId: 0 | asyncId: 15
>> [2405] destroy: executionAsyncId: 0 | asyncId: 85
>> [2405] destroy: executionAsyncId: 0 | asyncId: 86
>> [2405] destroy: executionAsyncId: 0 | asyncId: 88
>> [2405] destroy: executionAsyncId: 0 | asyncId: 89
>> [2405] destroy: executionAsyncId: 0 | asyncId: 90
>> [2405] destroy: executionAsyncId: 0 | asyncId: 91
>> [2405] destroy: executionAsyncId: 0 | asyncId: 38
>> [2405] before: executionAsyncId: 14 | asyncId: 14
>> [2405] init: executionAsyncId: 14 | asyncId: 92, type: "TickObject", triggerAsyncId: 14, resource: Object
>> [2405] init: executionAsyncId: 14 | asyncId: 93, type: "TickObject", triggerAsyncId: 14, resource: Object
>> [2405] after: executionAsyncId: 14 | asyncId: 14, durationMs: 0
>> [2405] before: executionAsyncId: 92 | asyncId: 92
>> [2405] init: executionAsyncId: 92 | asyncId: 94, type: "TickObject", triggerAsyncId: 92, resource: Object
>> [2405] after: executionAsyncId: 92 | asyncId: 92, durationMs: 0
>> [2405] before: executionAsyncId: 93 | asyncId: 93
>> [2405] after: executionAsyncId: 93 | asyncId: 93, durationMs: 0
>> [2405] before: executionAsyncId: 94 | asyncId: 94
>> [2405] init: executionAsyncId: 94 | asyncId: 95, type: "SHUTDOWNWRAP", triggerAsyncId: 14, resource: ShutdownWrap
>> [2405] after: executionAsyncId: 94 | asyncId: 94, durationMs: 0
>> [2405] destroy: executionAsyncId: 0 | asyncId: 92
>> [2405] destroy: executionAsyncId: 0 | asyncId: 93
>> [2405] destroy: executionAsyncId: 0 | asyncId: 94
>> [2405] before: executionAsyncId: 95 | asyncId: 95
>> [2405] init: executionAsyncId: 95 | asyncId: 96, type: "TickObject", triggerAsyncId: 95, resource: Object
>> [2405] after: executionAsyncId: 95 | asyncId: 95, durationMs: 0
>> [2405] before: executionAsyncId: 96 | asyncId: 96
>> [2405] after: executionAsyncId: 96 | asyncId: 96, durationMs: 0
>> [2405] destroy: executionAsyncId: 0 | asyncId: 87
>> [2405] destroy: executionAsyncId: 0 | asyncId: 96
>> [2406] destroy: executionAsyncId: 0 | asyncId: 95
>> [2406] before: executionAsyncId: 14 | asyncId: 14
>> [2406] after: executionAsyncId: 14 | asyncId: 14, durationMs: 0
>> [2406] destroy: executionAsyncId: 0 | asyncId: 16
>> [2406] destroy: executionAsyncId: 0 | asyncId: 14
>> [2407] before: executionAsyncId: 54 | asyncId: 54
>> [2407] init: executionAsyncId: 54 | asyncId: 97, type: "TickObject", triggerAsyncId: 54, resource: Object
>> [2407] init: executionAsyncId: 54 | asyncId: 98, type: "TickObject", triggerAsyncId: 54, resource: Object
>> [2407] init: executionAsyncId: 54 | asyncId: 99, type: "Timeout", triggerAsyncId: 54, resource: Timeout
>> [2407] res.finish: executionAsyncId: 54 |
[2407] -- Took 732ms to flush response for request 4 --
>> [2407] init: executionAsyncId: 54 | asyncId: 100, type: "TickObject", triggerAsyncId: 54, resource: Object
>> [2407] after: executionAsyncId: 54 | asyncId: 54, durationMs: 0
>> [2407] before: executionAsyncId: 97 | asyncId: 97
>> [2407] init: executionAsyncId: 97 | asyncId: 101, type: "TickObject", triggerAsyncId: 97, resource: Object
>> [2407] init: executionAsyncId: 97 | asyncId: 102, type: "TickObject", triggerAsyncId: 97, resource: Object
>> [2407] init: executionAsyncId: 97 | asyncId: 103, type: "TickObject", triggerAsyncId: 97, resource: Object
>> [2407] after: executionAsyncId: 97 | asyncId: 97, durationMs: 0
>> [2407] before: executionAsyncId: 98 | asyncId: 98
>> [2407] after: executionAsyncId: 98 | asyncId: 98, durationMs: 0
>> [2407] before: executionAsyncId: 100 | asyncId: 100
>> [2407] after: executionAsyncId: 100 | asyncId: 100, durationMs: 0
>> [2407] before: executionAsyncId: 101 | asyncId: 101
>> [2407] after: executionAsyncId: 101 | asyncId: 101, durationMs: 0
>> [2407] before: executionAsyncId: 102 | asyncId: 102
>> [2407] after: executionAsyncId: 102 | asyncId: 102, durationMs: 0
>> [2407] before: executionAsyncId: 103 | asyncId: 103
>> [2407] after: executionAsyncId: 103 | asyncId: 103, durationMs: 0
>> [2407] destroy: executionAsyncId: 0 | asyncId: 27
>> [2407] destroy: executionAsyncId: 0 | asyncId: 97
>> [2407] destroy: executionAsyncId: 0 | asyncId: 98
>> [2407] destroy: executionAsyncId: 0 | asyncId: 100
>> [2407] destroy: executionAsyncId: 0 | asyncId: 101
>> [2407] destroy: executionAsyncId: 0 | asyncId: 102
>> [2407] destroy: executionAsyncId: 0 | asyncId: 103
>> [2407] destroy: executionAsyncId: 0 | asyncId: 54
>> [2407] before: executionAsyncId: 26 | asyncId: 26
>> [2407] init: executionAsyncId: 26 | asyncId: 104, type: "TickObject", triggerAsyncId: 26, resource: Object
>> [2407] init: executionAsyncId: 26 | asyncId: 105, type: "TickObject", triggerAsyncId: 26, resource: Object
>> [2407] after: executionAsyncId: 26 | asyncId: 26, durationMs: 0
>> [2407] before: executionAsyncId: 104 | asyncId: 104
>> [2407] init: executionAsyncId: 104 | asyncId: 106, type: "TickObject", triggerAsyncId: 104, resource: Object
>> [2407] after: executionAsyncId: 104 | asyncId: 104, durationMs: 0
>> [2407] before: executionAsyncId: 105 | asyncId: 105
>> [2407] after: executionAsyncId: 105 | asyncId: 105, durationMs: 0
>> [2407] before: executionAsyncId: 106 | asyncId: 106
>> [2407] init: executionAsyncId: 106 | asyncId: 107, type: "SHUTDOWNWRAP", triggerAsyncId: 26, resource: ShutdownWrap
>> [2407] after: executionAsyncId: 106 | asyncId: 106, durationMs: 0
>> [2407] destroy: executionAsyncId: 0 | asyncId: 104
>> [2407] destroy: executionAsyncId: 0 | asyncId: 105
>> [2407] destroy: executionAsyncId: 0 | asyncId: 106
>> [2407] before: executionAsyncId: 107 | asyncId: 107
>> [2408] init: executionAsyncId: 107 | asyncId: 108, type: "TickObject", triggerAsyncId: 107, resource: Object
>> [2408] after: executionAsyncId: 107 | asyncId: 107, durationMs: 0
>> [2408] before: executionAsyncId: 108 | asyncId: 108
>> [2408] after: executionAsyncId: 108 | asyncId: 108, durationMs: 0
>> [2408] destroy: executionAsyncId: 0 | asyncId: 99
>> [2408] destroy: executionAsyncId: 0 | asyncId: 108
>> [2408] destroy: executionAsyncId: 0 | asyncId: 107
>> [2408] before: executionAsyncId: 26 | asyncId: 26
>> [2408] after: executionAsyncId: 26 | asyncId: 26, durationMs: 0
>> [2408] destroy: executionAsyncId: 0 | asyncId: 28
>> [2408] destroy: executionAsyncId: 0 | asyncId: 26
>> [2410] before: executionAsyncId: 49 | asyncId: 49
>> [2410] init: executionAsyncId: 49 | asyncId: 109, type: "TickObject", triggerAsyncId: 49, resource: Object
>> [2410] init: executionAsyncId: 49 | asyncId: 110, type: "TickObject", triggerAsyncId: 49, resource: Object
>> [2410] init: executionAsyncId: 49 | asyncId: 111, type: "Timeout", triggerAsyncId: 49, resource: Timeout
>> [2410] res.finish: executionAsyncId: 49 |
[2410] -- Took 1181ms to flush response for request 3 --
>> [2410] init: executionAsyncId: 49 | asyncId: 112, type: "TickObject", triggerAsyncId: 49, resource: Object
>> [2410] after: executionAsyncId: 49 | asyncId: 49, durationMs: 0
>> [2410] before: executionAsyncId: 109 | asyncId: 109
>> [2410] init: executionAsyncId: 109 | asyncId: 113, type: "TickObject", triggerAsyncId: 109, resource: Object
>> [2410] init: executionAsyncId: 109 | asyncId: 114, type: "TickObject", triggerAsyncId: 109, resource: Object
>> [2410] init: executionAsyncId: 109 | asyncId: 115, type: "TickObject", triggerAsyncId: 109, resource: Object
>> [2410] after: executionAsyncId: 109 | asyncId: 109, durationMs: 0
>> [2410] before: executionAsyncId: 110 | asyncId: 110
>> [2410] after: executionAsyncId: 110 | asyncId: 110, durationMs: 0
>> [2410] before: executionAsyncId: 112 | asyncId: 112
>> [2410] after: executionAsyncId: 112 | asyncId: 112, durationMs: 0
>> [2410] before: executionAsyncId: 113 | asyncId: 113
>> [2410] after: executionAsyncId: 113 | asyncId: 113, durationMs: 0
>> [2410] before: executionAsyncId: 114 | asyncId: 114
>> [2410] after: executionAsyncId: 114 | asyncId: 114, durationMs: 0
>> [2410] before: executionAsyncId: 115 | asyncId: 115
>> [2410] after: executionAsyncId: 115 | asyncId: 115, durationMs: 0
>> [2410] destroy: executionAsyncId: 0 | asyncId: 23
>> [2410] destroy: executionAsyncId: 0 | asyncId: 109
>> [2410] destroy: executionAsyncId: 0 | asyncId: 110
>> [2410] destroy: executionAsyncId: 0 | asyncId: 112
>> [2410] destroy: executionAsyncId: 0 | asyncId: 113
>> [2410] destroy: executionAsyncId: 0 | asyncId: 114
>> [2410] destroy: executionAsyncId: 0 | asyncId: 115
>> [2410] destroy: executionAsyncId: 0 | asyncId: 49
>> [2410] before: executionAsyncId: 22 | asyncId: 22
>> [2410] init: executionAsyncId: 22 | asyncId: 116, type: "TickObject", triggerAsyncId: 22, resource: Object
>> [2410] init: executionAsyncId: 22 | asyncId: 117, type: "TickObject", triggerAsyncId: 22, resource: Object
>> [2410] after: executionAsyncId: 22 | asyncId: 22, durationMs: 0
>> [2411] before: executionAsyncId: 116 | asyncId: 116
>> [2411] init: executionAsyncId: 116 | asyncId: 118, type: "TickObject", triggerAsyncId: 116, resource: Object
>> [2411] after: executionAsyncId: 116 | asyncId: 116, durationMs: 0
>> [2411] before: executionAsyncId: 117 | asyncId: 117
>> [2411] after: executionAsyncId: 117 | asyncId: 117, durationMs: 0
>> [2411] before: executionAsyncId: 118 | asyncId: 118
>> [2411] init: executionAsyncId: 118 | asyncId: 119, type: "SHUTDOWNWRAP", triggerAsyncId: 22, resource: ShutdownWrap
>> [2411] after: executionAsyncId: 118 | asyncId: 118, durationMs: 0
>> [2411] destroy: executionAsyncId: 0 | asyncId: 116
>> [2411] destroy: executionAsyncId: 0 | asyncId: 117
>> [2411] destroy: executionAsyncId: 0 | asyncId: 118
>> [2411] before: executionAsyncId: 119 | asyncId: 119
>> [2411] init: executionAsyncId: 119 | asyncId: 120, type: "TickObject", triggerAsyncId: 119, resource: Object
>> [2411] after: executionAsyncId: 119 | asyncId: 119, durationMs: 0
>> [2411] before: executionAsyncId: 120 | asyncId: 120
>> [2411] after: executionAsyncId: 120 | asyncId: 120, durationMs: 0
>> [2411] destroy: executionAsyncId: 0 | asyncId: 111
>> [2411] destroy: executionAsyncId: 0 | asyncId: 120
>> [2411] destroy: executionAsyncId: 0 | asyncId: 119
>> [2411] before: executionAsyncId: 22 | asyncId: 22
>> [2411] after: executionAsyncId: 22 | asyncId: 22, durationMs: 0
