>> init: executionAsyncId: 0 | asyncId: 8, type: "PIPESERVERWRAP", triggerAsyncId: 0, resource: Pipe
>> init: executionAsyncId: 0 | asyncId: 9, type: "TickObject", triggerAsyncId: 8, resource: Object
>> before: executionAsyncId: 9 | asyncId: 9
Example app listening on Unix domain socket /tmp/sock!
>> init: executionAsyncId: 9 | asyncId: 13, type: "TickObject", triggerAsyncId: 9, resource: Object
>> after: executionAsyncId: 9 | asyncId: 9, durationMs: 1
>> before: executionAsyncId: 13 | asyncId: 13
>> after: executionAsyncId: 13 | asyncId: 13, durationMs: 0
>> destroy: executionAsyncId: 0 | asyncId: 9
>> destroy: executionAsyncId: 0 | asyncId: 13
>> init: executionAsyncId: 0 | asyncId: 14, type: "PIPEWRAP", triggerAsyncId: 8, resource: Pipe
>> before: executionAsyncId: 8 | asyncId: 8
>> init: executionAsyncId: 8 | asyncId: 15, type: "Timeout", triggerAsyncId: 14, resource: Timeout
>> init: executionAsyncId: 8 | asyncId: 16, type: "HTTPINCOMINGMESSAGE", triggerAsyncId: 14, resource: HTTPServerAsyncResource
>> init: executionAsyncId: 8 | asyncId: 17, type: "TickObject", triggerAsyncId: 14, resource: Object
>> after: executionAsyncId: 8 | asyncId: 8, durationMs: 2
>> before: executionAsyncId: 17 | asyncId: 17
>> after: executionAsyncId: 17 | asyncId: 17, durationMs: 0
>> destroy: executionAsyncId: 0 | asyncId: 17
>> init: executionAsyncId: 0 | asyncId: 18, type: "PIPEWRAP", triggerAsyncId: 8, resource: Pipe
>> before: executionAsyncId: 8 | asyncId: 8
>> init: executionAsyncId: 8 | asyncId: 19, type: "Timeout", triggerAsyncId: 18, resource: Timeout
>> init: executionAsyncId: 8 | asyncId: 20, type: "HTTPINCOMINGMESSAGE", triggerAsyncId: 18, resource: HTTPServerAsyncResource
>> init: executionAsyncId: 8 | asyncId: 21, type: "TickObject", triggerAsyncId: 18, resource: Object
>> after: executionAsyncId: 8 | asyncId: 8, durationMs: 0
>> before: executionAsyncId: 21 | asyncId: 21
>> after: executionAsyncId: 21 | asyncId: 21, durationMs: 0
>> init: executionAsyncId: 0 | asyncId: 22, type: "PIPEWRAP", triggerAsyncId: 8, resource: Pipe
>> before: executionAsyncId: 8 | asyncId: 8
>> init: executionAsyncId: 8 | asyncId: 23, type: "Timeout", triggerAsyncId: 22, resource: Timeout
>> init: executionAsyncId: 8 | asyncId: 24, type: "HTTPINCOMINGMESSAGE", triggerAsyncId: 22, resource: HTTPServerAsyncResource
>> init: executionAsyncId: 8 | asyncId: 25, type: "TickObject", triggerAsyncId: 22, resource: Object
>> after: executionAsyncId: 8 | asyncId: 8, durationMs: 0
>> before: executionAsyncId: 25 | asyncId: 25
>> after: executionAsyncId: 25 | asyncId: 25, durationMs: 0
>> before: executionAsyncId: 16 | asyncId: 16
>> init: executionAsyncId: 16 | asyncId: 26, type: "PROMISE", triggerAsyncId: 16, resource: PromiseWrap
>> init: executionAsyncId: 16 | asyncId: 27, type: "PROMISE", triggerAsyncId: 16, resource: PromiseWrap
[0] Serializing response for request 1...
>> init: executionAsyncId: 16 | asyncId: 28, type: "TickObject", triggerAsyncId: 16, resource: Object
[333] Sending 55MB response for request 1...
>> [462] init: executionAsyncId: 16 | asyncId: 29, type: "Timeout", triggerAsyncId: 16, resource: Timeout
>> [463] init: executionAsyncId: 16 | asyncId: 30, type: "WRITEWRAP", triggerAsyncId: 14, resource: WriteWrap
[463] - Handler done for request 1 -
>> [463] after: executionAsyncId: 16 | asyncId: 16, durationMs: 465, event loop blocked!
>> [463] before: executionAsyncId: 16 | asyncId: 16
>> [463] init: executionAsyncId: 16 | asyncId: 31, type: "TickObject", triggerAsyncId: 16, resource: Object
>> [463] after: executionAsyncId: 16 | asyncId: 16, durationMs: 0
>> [463] before: executionAsyncId: 16 | asyncId: 16
>> [463] after: executionAsyncId: 16 | asyncId: 16, durationMs: 0
>> [463] before: executionAsyncId: 28 | asyncId: 28
>> [463] after: executionAsyncId: 28 | asyncId: 28, durationMs: 0
>> [463] before: executionAsyncId: 31 | asyncId: 31
>> [463] after: executionAsyncId: 31 | asyncId: 31, durationMs: 0
>> [464] destroy: executionAsyncId: 0 | asyncId: 21
>> [464] destroy: executionAsyncId: 0 | asyncId: 25
>> [464] destroy: executionAsyncId: 0 | asyncId: 12
>> [464] destroy: executionAsyncId: 0 | asyncId: 10
>> [464] destroy: executionAsyncId: 0 | asyncId: 11
>> [464] destroy: executionAsyncId: 0 | asyncId: 28
>> [464] destroy: executionAsyncId: 0 | asyncId: 31
>> [464] init: executionAsyncId: 0 | asyncId: 32, type: "PIPEWRAP", triggerAsyncId: 8, resource: Pipe
>> [464] before: executionAsyncId: 8 | asyncId: 8
>> [464] init: executionAsyncId: 8 | asyncId: 33, type: "Timeout", triggerAsyncId: 32, resource: Timeout
>> [464] init: executionAsyncId: 8 | asyncId: 34, type: "HTTPINCOMINGMESSAGE", triggerAsyncId: 32, resource: HTTPServerAsyncResource
>> [464] init: executionAsyncId: 8 | asyncId: 35, type: "TickObject", triggerAsyncId: 32, resource: Object
>> [464] after: executionAsyncId: 8 | asyncId: 8, durationMs: 0
>> [464] before: executionAsyncId: 35 | asyncId: 35
>> [464] after: executionAsyncId: 35 | asyncId: 35, durationMs: 0
>> [464] init: executionAsyncId: 0 | asyncId: 36, type: "PIPEWRAP", triggerAsyncId: 8, resource: Pipe
>> [464] before: executionAsyncId: 8 | asyncId: 8
>> [464] init: executionAsyncId: 8 | asyncId: 37, type: "Timeout", triggerAsyncId: 36, resource: Timeout
>> [464] init: executionAsyncId: 8 | asyncId: 38, type: "HTTPINCOMINGMESSAGE", triggerAsyncId: 36, resource: HTTPServerAsyncResource
>> [464] init: executionAsyncId: 8 | asyncId: 39, type: "TickObject", triggerAsyncId: 36, resource: Object
>> [464] after: executionAsyncId: 8 | asyncId: 8, durationMs: 0
>> [464] before: executionAsyncId: 39 | asyncId: 39
>> [464] after: executionAsyncId: 39 | asyncId: 39, durationMs: 0
>> [464] before: executionAsyncId: 20 | asyncId: 20
>> [464] init: executionAsyncId: 20 | asyncId: 40, type: "PROMISE", triggerAsyncId: 20, resource: PromiseWrap
>> [464] init: executionAsyncId: 20 | asyncId: 41, type: "PROMISE", triggerAsyncId: 20, resource: PromiseWrap
[464] Serializing response for request 2...
>> [464] init: executionAsyncId: 20 | asyncId: 42, type: "TickObject", triggerAsyncId: 20, resource: Object
[768] Sending 55MB response for request 2...
>> [900] init: executionAsyncId: 20 | asyncId: 43, type: "WRITEWRAP", triggerAsyncId: 18, resource: WriteWrap
[900] - Handler done for request 2 -
>> [900] after: executionAsyncId: 20 | asyncId: 20, durationMs: 436, event loop blocked!
>> [900] before: executionAsyncId: 20 | asyncId: 20
>> [900] init: executionAsyncId: 20 | asyncId: 44, type: "TickObject", triggerAsyncId: 20, resource: Object
>> [900] after: executionAsyncId: 20 | asyncId: 20, durationMs: 0
>> [900] before: executionAsyncId: 20 | asyncId: 20
>> [900] after: executionAsyncId: 20 | asyncId: 20, durationMs: 0
>> [900] before: executionAsyncId: 42 | asyncId: 42
>> [900] after: executionAsyncId: 42 | asyncId: 42, durationMs: 0
>> [900] before: executionAsyncId: 44 | asyncId: 44
>> [900] after: executionAsyncId: 44 | asyncId: 44, durationMs: 0
>> [900] before: executionAsyncId: 24 | asyncId: 24
>> [900] init: executionAsyncId: 24 | asyncId: 45, type: "PROMISE", triggerAsyncId: 24, resource: PromiseWrap
>> [900] init: executionAsyncId: 24 | asyncId: 46, type: "PROMISE", triggerAsyncId: 24, resource: PromiseWrap
[900] Serializing response for request 3...
>> [900] init: executionAsyncId: 24 | asyncId: 47, type: "TickObject", triggerAsyncId: 24, resource: Object
[1217] Sending 55MB response for request 3...
>> [1343] init: executionAsyncId: 24 | asyncId: 48, type: "WRITEWRAP", triggerAsyncId: 22, resource: WriteWrap
[1343] - Handler done for request 3 -
>> [1343] after: executionAsyncId: 24 | asyncId: 24, durationMs: 443, event loop blocked!
>> [1343] before: executionAsyncId: 24 | asyncId: 24
>> [1343] init: executionAsyncId: 24 | asyncId: 49, type: "TickObject", triggerAsyncId: 24, resource: Object
>> [1343] after: executionAsyncId: 24 | asyncId: 24, durationMs: 0
>> [1343] before: executionAsyncId: 24 | asyncId: 24
>> [1343] after: executionAsyncId: 24 | asyncId: 24, durationMs: 0
>> [1343] before: executionAsyncId: 47 | asyncId: 47
>> [1343] after: executionAsyncId: 47 | asyncId: 47, durationMs: 0
>> [1343] before: executionAsyncId: 49 | asyncId: 49
>> [1343] after: executionAsyncId: 49 | asyncId: 49, durationMs: 0
>> [1343] destroy: executionAsyncId: 0 | asyncId: 35
>> [1343] destroy: executionAsyncId: 0 | asyncId: 39
>> [1343] destroy: executionAsyncId: 0 | asyncId: 26
>> [1343] destroy: executionAsyncId: 0 | asyncId: 27
>> [1344] destroy: executionAsyncId: 0 | asyncId: 42
>> [1344] destroy: executionAsyncId: 0 | asyncId: 44
>> [1344] destroy: executionAsyncId: 0 | asyncId: 40
>> [1344] destroy: executionAsyncId: 0 | asyncId: 41
>> [1344] destroy: executionAsyncId: 0 | asyncId: 47
>> [1344] destroy: executionAsyncId: 0 | asyncId: 49
>> [1344] before: executionAsyncId: 29 | asyncId: 29
>> [1344] after: executionAsyncId: 29 | asyncId: 29, durationMs: 0
>> [1344] before: executionAsyncId: 34 | asyncId: 34
>> [1344] init: executionAsyncId: 34 | asyncId: 50, type: "PROMISE", triggerAsyncId: 34, resource: PromiseWrap
>> [1345] init: executionAsyncId: 34 | asyncId: 51, type: "PROMISE", triggerAsyncId: 34, resource: PromiseWrap
[1345] Serializing response for request 4...
>> [1345] init: executionAsyncId: 34 | asyncId: 52, type: "TickObject", triggerAsyncId: 34, resource: Object
[1647] Sending 55MB response for request 4...
>> [1781] init: executionAsyncId: 34 | asyncId: 53, type: "Timeout", triggerAsyncId: 34, resource: Timeout
>> [1782] init: executionAsyncId: 34 | asyncId: 54, type: "WRITEWRAP", triggerAsyncId: 32, resource: WriteWrap
[1782] - Handler done for request 4 -
>> [1782] after: executionAsyncId: 34 | asyncId: 34, durationMs: 438, event loop blocked!
>> [1782] before: executionAsyncId: 34 | asyncId: 34
>> [1782] init: executionAsyncId: 34 | asyncId: 55, type: "TickObject", triggerAsyncId: 34, resource: Object
>> [1782] after: executionAsyncId: 34 | asyncId: 34, durationMs: 0
>> [1782] before: executionAsyncId: 34 | asyncId: 34
>> [1782] after: executionAsyncId: 34 | asyncId: 34, durationMs: 0
>> [1782] before: executionAsyncId: 52 | asyncId: 52
>> [1782] after: executionAsyncId: 52 | asyncId: 52, durationMs: 0
>> [1782] before: executionAsyncId: 55 | asyncId: 55
>> [1782] after: executionAsyncId: 55 | asyncId: 55, durationMs: 0
>> [1782] before: executionAsyncId: 38 | asyncId: 38
>> [1782] init: executionAsyncId: 38 | asyncId: 56, type: "PROMISE", triggerAsyncId: 38, resource: PromiseWrap
>> [1782] init: executionAsyncId: 38 | asyncId: 57, type: "PROMISE", triggerAsyncId: 38, resource: PromiseWrap
[1782] Serializing response for request 5...
>> [1782] init: executionAsyncId: 38 | asyncId: 58, type: "TickObject", triggerAsyncId: 38, resource: Object
[2086] Sending 55MB response for request 5...
>> [2214] init: executionAsyncId: 38 | asyncId: 59, type: "WRITEWRAP", triggerAsyncId: 36, resource: WriteWrap
[2215] - Handler done for request 5 -
>> [2215] after: executionAsyncId: 38 | asyncId: 38, durationMs: 433, event loop blocked!
>> [2215] before: executionAsyncId: 38 | asyncId: 38
>> [2215] init: executionAsyncId: 38 | asyncId: 60, type: "TickObject", triggerAsyncId: 38, resource: Object
>> [2215] after: executionAsyncId: 38 | asyncId: 38, durationMs: 0
>> [2215] before: executionAsyncId: 38 | asyncId: 38
>> [2215] after: executionAsyncId: 38 | asyncId: 38, durationMs: 0
>> [2215] before: executionAsyncId: 58 | asyncId: 58
>> [2215] after: executionAsyncId: 58 | asyncId: 58, durationMs: 0
>> [2215] before: executionAsyncId: 60 | asyncId: 60
>> [2215] after: executionAsyncId: 60 | asyncId: 60, durationMs: 0
>> [2215] destroy: executionAsyncId: 0 | asyncId: 29
>> [2215] destroy: executionAsyncId: 0 | asyncId: 46
>> [2215] destroy: executionAsyncId: 0 | asyncId: 45
>> [2215] destroy: executionAsyncId: 0 | asyncId: 52
>> [2215] destroy: executionAsyncId: 0 | asyncId: 55
>> [2215] destroy: executionAsyncId: 0 | asyncId: 51
>> [2215] destroy: executionAsyncId: 0 | asyncId: 50
>> [2215] destroy: executionAsyncId: 0 | asyncId: 58
>> [2215] destroy: executionAsyncId: 0 | asyncId: 60
>> [2383] before: executionAsyncId: 54 | asyncId: 54
>> [2383] init: executionAsyncId: 54 | asyncId: 61, type: "TickObject", triggerAsyncId: 54, resource: Object
>> [2384] init: executionAsyncId: 54 | asyncId: 62, type: "TickObject", triggerAsyncId: 54, resource: Object
>> [2384] init: executionAsyncId: 54 | asyncId: 63, type: "Timeout", triggerAsyncId: 54, resource: Timeout
>> [2384] res.finish: executionAsyncId: 54 |
[2384] -- Took 737ms to flush response for request 4 --
>> [2384] init: executionAsyncId: 54 | asyncId: 64, type: "TickObject", triggerAsyncId: 54, resource: Object
>> [2384] after: executionAsyncId: 54 | asyncId: 54, durationMs: 1
>> [2384] before: executionAsyncId: 61 | asyncId: 61
>> [2384] init: executionAsyncId: 61 | asyncId: 65, type: "TickObject", triggerAsyncId: 61, resource: Object
>> [2384] init: executionAsyncId: 61 | asyncId: 66, type: "TickObject", triggerAsyncId: 61, resource: Object
>> [2384] init: executionAsyncId: 61 | asyncId: 67, type: "TickObject", triggerAsyncId: 61, resource: Object
>> [2384] after: executionAsyncId: 61 | asyncId: 61, durationMs: 0
>> [2384] before: executionAsyncId: 62 | asyncId: 62
>> [2384] res.close: executionAsyncId: 62 |
>> [2384] after: executionAsyncId: 62 | asyncId: 62, durationMs: 0
>> [2384] before: executionAsyncId: 64 | asyncId: 64
>> [2384] after: executionAsyncId: 64 | asyncId: 64, durationMs: 0
>> [2384] before: executionAsyncId: 65 | asyncId: 65
>> [2384] after: executionAsyncId: 65 | asyncId: 65, durationMs: 0
>> [2384] before: executionAsyncId: 66 | asyncId: 66
>> [2384] after: executionAsyncId: 66 | asyncId: 66, durationMs: 0
>> [2384] before: executionAsyncId: 67 | asyncId: 67
>> [2384] after: executionAsyncId: 67 | asyncId: 67, durationMs: 0
>> [2384] destroy: executionAsyncId: 0 | asyncId: 33
>> [2384] destroy: executionAsyncId: 0 | asyncId: 61
>> [2384] destroy: executionAsyncId: 0 | asyncId: 62
>> [2384] destroy: executionAsyncId: 0 | asyncId: 64
>> [2384] destroy: executionAsyncId: 0 | asyncId: 65
>> [2384] destroy: executionAsyncId: 0 | asyncId: 66
>> [2384] destroy: executionAsyncId: 0 | asyncId: 67
>> [2384] destroy: executionAsyncId: 0 | asyncId: 54
>> [2385] before: executionAsyncId: 32 | asyncId: 32
>> [2385] init: executionAsyncId: 32 | asyncId: 68, type: "TickObject", triggerAsyncId: 32, resource: Object
>> [2385] init: executionAsyncId: 32 | asyncId: 69, type: "TickObject", triggerAsyncId: 32, resource: Object
>> [2385] after: executionAsyncId: 32 | asyncId: 32, durationMs: 0
>> [2385] before: executionAsyncId: 68 | asyncId: 68
>> [2385] init: executionAsyncId: 68 | asyncId: 70, type: "TickObject", triggerAsyncId: 68, resource: Object
>> [2385] after: executionAsyncId: 68 | asyncId: 68, durationMs: 0
>> [2385] before: executionAsyncId: 69 | asyncId: 69
>> [2385] after: executionAsyncId: 69 | asyncId: 69, durationMs: 0
>> [2385] before: executionAsyncId: 70 | asyncId: 70
>> [2385] init: executionAsyncId: 70 | asyncId: 71, type: "SHUTDOWNWRAP", triggerAsyncId: 32, resource: ShutdownWrap
>> [2385] after: executionAsyncId: 70 | asyncId: 70, durationMs: 0
>> [2385] destroy: executionAsyncId: 0 | asyncId: 68
>> [2385] destroy: executionAsyncId: 0 | asyncId: 69
>> [2385] destroy: executionAsyncId: 0 | asyncId: 70
>> [2385] before: executionAsyncId: 71 | asyncId: 71
>> [2386] init: executionAsyncId: 71 | asyncId: 72, type: "TickObject", triggerAsyncId: 71, resource: Object
>> [2386] after: executionAsyncId: 71 | asyncId: 71, durationMs: 0
>> [2386] before: executionAsyncId: 72 | asyncId: 72
>> [2386] after: executionAsyncId: 72 | asyncId: 72, durationMs: 0
>> [2386] destroy: executionAsyncId: 0 | asyncId: 63
>> [2386] destroy: executionAsyncId: 0 | asyncId: 72
>> [2386] destroy: executionAsyncId: 0 | asyncId: 71
>> [2386] before: executionAsyncId: 32 | asyncId: 32
>> [2386] after: executionAsyncId: 32 | asyncId: 32, durationMs: 0
>> [2386] destroy: executionAsyncId: 0 | asyncId: 34
>> [2386] destroy: executionAsyncId: 0 | asyncId: 32
>> [2388] before: executionAsyncId: 59 | asyncId: 59
>> [2388] init: executionAsyncId: 59 | asyncId: 73, type: "TickObject", triggerAsyncId: 59, resource: Object
>> [2388] init: executionAsyncId: 59 | asyncId: 74, type: "TickObject", triggerAsyncId: 59, resource: Object
>> [2388] init: executionAsyncId: 59 | asyncId: 75, type: "Timeout", triggerAsyncId: 59, resource: Timeout
>> [2388] res.finish: executionAsyncId: 59 |
[2388] -- Took 302ms to flush response for request 5 --
>> [2388] init: executionAsyncId: 59 | asyncId: 76, type: "TickObject", triggerAsyncId: 59, resource: Object
>> [2388] after: executionAsyncId: 59 | asyncId: 59, durationMs: 0
>> [2388] before: executionAsyncId: 73 | asyncId: 73
>> [2388] init: executionAsyncId: 73 | asyncId: 77, type: "TickObject", triggerAsyncId: 73, resource: Object
>> [2388] init: executionAsyncId: 73 | asyncId: 78, type: "TickObject", triggerAsyncId: 73, resource: Object
>> [2388] init: executionAsyncId: 73 | asyncId: 79, type: "TickObject", triggerAsyncId: 73, resource: Object
>> [2388] after: executionAsyncId: 73 | asyncId: 73, durationMs: 0
>> [2388] before: executionAsyncId: 74 | asyncId: 74
>> [2388] res.close: executionAsyncId: 74 |
>> [2388] after: executionAsyncId: 74 | asyncId: 74, durationMs: 0
>> [2388] before: executionAsyncId: 76 | asyncId: 76
>> [2388] after: executionAsyncId: 76 | asyncId: 76, durationMs: 0
>> [2388] before: executionAsyncId: 77 | asyncId: 77
>> [2388] after: executionAsyncId: 77 | asyncId: 77, durationMs: 0
>> [2388] before: executionAsyncId: 78 | asyncId: 78
>> [2388] after: executionAsyncId: 78 | asyncId: 78, durationMs: 0
>> [2388] before: executionAsyncId: 79 | asyncId: 79
>> [2388] after: executionAsyncId: 79 | asyncId: 79, durationMs: 0
>> [2388] destroy: executionAsyncId: 0 | asyncId: 37
>> [2388] destroy: executionAsyncId: 0 | asyncId: 73
>> [2388] destroy: executionAsyncId: 0 | asyncId: 74
>> [2388] destroy: executionAsyncId: 0 | asyncId: 76
>> [2388] destroy: executionAsyncId: 0 | asyncId: 77
>> [2388] destroy: executionAsyncId: 0 | asyncId: 78
>> [2388] destroy: executionAsyncId: 0 | asyncId: 79
>> [2388] destroy: executionAsyncId: 0 | asyncId: 59
>> [2388] before: executionAsyncId: 36 | asyncId: 36
>> [2388] init: executionAsyncId: 36 | asyncId: 80, type: "TickObject", triggerAsyncId: 36, resource: Object
>> [2388] init: executionAsyncId: 36 | asyncId: 81, type: "TickObject", triggerAsyncId: 36, resource: Object
>> [2388] after: executionAsyncId: 36 | asyncId: 36, durationMs: 0
>> [2388] before: executionAsyncId: 80 | asyncId: 80
>> [2388] init: executionAsyncId: 80 | asyncId: 82, type: "TickObject", triggerAsyncId: 80, resource: Object
>> [2389] after: executionAsyncId: 80 | asyncId: 80, durationMs: 0
>> [2389] before: executionAsyncId: 81 | asyncId: 81
>> [2389] after: executionAsyncId: 81 | asyncId: 81, durationMs: 0
>> [2389] before: executionAsyncId: 82 | asyncId: 82
>> [2389] init: executionAsyncId: 82 | asyncId: 83, type: "SHUTDOWNWRAP", triggerAsyncId: 36, resource: ShutdownWrap
>> [2389] after: executionAsyncId: 82 | asyncId: 82, durationMs: 0
>> [2389] destroy: executionAsyncId: 0 | asyncId: 80
>> [2389] destroy: executionAsyncId: 0 | asyncId: 81
>> [2389] destroy: executionAsyncId: 0 | asyncId: 82
>> [2389] before: executionAsyncId: 83 | asyncId: 83
>> [2389] init: executionAsyncId: 83 | asyncId: 84, type: "TickObject", triggerAsyncId: 83, resource: Object
>> [2389] after: executionAsyncId: 83 | asyncId: 83, durationMs: 0
>> [2389] before: executionAsyncId: 84 | asyncId: 84
>> [2389] after: executionAsyncId: 84 | asyncId: 84, durationMs: 0
>> [2389] destroy: executionAsyncId: 0 | asyncId: 75
>> [2389] destroy: executionAsyncId: 0 | asyncId: 84
>> [2389] destroy: executionAsyncId: 0 | asyncId: 83
>> [2389] before: executionAsyncId: 36 | asyncId: 36
>> [2389] after: executionAsyncId: 36 | asyncId: 36, durationMs: 0
>> [2389] destroy: executionAsyncId: 0 | asyncId: 38
>> [2389] destroy: executionAsyncId: 0 | asyncId: 36
>> [2390] before: executionAsyncId: 43 | asyncId: 43
>> [2390] init: executionAsyncId: 43 | asyncId: 85, type: "TickObject", triggerAsyncId: 43, resource: Object
>> [2390] init: executionAsyncId: 43 | asyncId: 86, type: "TickObject", triggerAsyncId: 43, resource: Object
>> [2390] init: executionAsyncId: 43 | asyncId: 87, type: "Timeout", triggerAsyncId: 43, resource: Timeout
>> [2390] res.finish: executionAsyncId: 43 |
[2390] -- Took 1622ms to flush response for request 2 --
>> [2390] init: executionAsyncId: 43 | asyncId: 88, type: "TickObject", triggerAsyncId: 43, resource: Object
>> [2390] after: executionAsyncId: 43 | asyncId: 43, durationMs: 0
>> [2390] before: executionAsyncId: 85 | asyncId: 85
>> [2390] init: executionAsyncId: 85 | asyncId: 89, type: "TickObject", triggerAsyncId: 85, resource: Object
>> [2390] init: executionAsyncId: 85 | asyncId: 90, type: "TickObject", triggerAsyncId: 85, resource: Object
>> [2390] init: executionAsyncId: 85 | asyncId: 91, type: "TickObject", triggerAsyncId: 85, resource: Object
>> [2390] after: executionAsyncId: 85 | asyncId: 85, durationMs: 0
>> [2390] before: executionAsyncId: 86 | asyncId: 86
>> [2390] res.close: executionAsyncId: 86 |
>> [2390] after: executionAsyncId: 86 | asyncId: 86, durationMs: 0
>> [2390] before: executionAsyncId: 88 | asyncId: 88
>> [2390] after: executionAsyncId: 88 | asyncId: 88, durationMs: 0
>> [2390] before: executionAsyncId: 89 | asyncId: 89
>> [2390] after: executionAsyncId: 89 | asyncId: 89, durationMs: 0
>> [2390] before: executionAsyncId: 90 | asyncId: 90
>> [2390] after: executionAsyncId: 90 | asyncId: 90, durationMs: 0
>> [2390] before: executionAsyncId: 91 | asyncId: 91
>> [2391] after: executionAsyncId: 91 | asyncId: 91, durationMs: 0
>> [2391] destroy: executionAsyncId: 0 | asyncId: 19
>> [2391] destroy: executionAsyncId: 0 | asyncId: 85
>> [2391] destroy: executionAsyncId: 0 | asyncId: 86
>> [2391] destroy: executionAsyncId: 0 | asyncId: 88
>> [2391] destroy: executionAsyncId: 0 | asyncId: 89
>> [2391] destroy: executionAsyncId: 0 | asyncId: 90
>> [2391] destroy: executionAsyncId: 0 | asyncId: 91
>> [2391] destroy: executionAsyncId: 0 | asyncId: 43
>> [2391] before: executionAsyncId: 18 | asyncId: 18
>> [2391] init: executionAsyncId: 18 | asyncId: 92, type: "TickObject", triggerAsyncId: 18, resource: Object
>> [2391] init: executionAsyncId: 18 | asyncId: 93, type: "TickObject", triggerAsyncId: 18, resource: Object
>> [2391] after: executionAsyncId: 18 | asyncId: 18, durationMs: 0
>> [2391] before: executionAsyncId: 92 | asyncId: 92
>> [2391] init: executionAsyncId: 92 | asyncId: 94, type: "TickObject", triggerAsyncId: 92, resource: Object
>> [2391] after: executionAsyncId: 92 | asyncId: 92, durationMs: 0
>> [2391] before: executionAsyncId: 93 | asyncId: 93
>> [2391] after: executionAsyncId: 93 | asyncId: 93, durationMs: 0
>> [2391] before: executionAsyncId: 94 | asyncId: 94
>> [2391] init: executionAsyncId: 94 | asyncId: 95, type: "SHUTDOWNWRAP", triggerAsyncId: 18, resource: ShutdownWrap
>> [2391] after: executionAsyncId: 94 | asyncId: 94, durationMs: 0
>> [2391] destroy: executionAsyncId: 0 | asyncId: 92
>> [2391] destroy: executionAsyncId: 0 | asyncId: 93
>> [2391] destroy: executionAsyncId: 0 | asyncId: 94
>> [2391] before: executionAsyncId: 95 | asyncId: 95
>> [2391] init: executionAsyncId: 95 | asyncId: 96, type: "TickObject", triggerAsyncId: 95, resource: Object
>> [2391] after: executionAsyncId: 95 | asyncId: 95, durationMs: 0
>> [2391] before: executionAsyncId: 96 | asyncId: 96
>> [2391] after: executionAsyncId: 96 | asyncId: 96, durationMs: 0
>> [2391] destroy: executionAsyncId: 0 | asyncId: 87
>> [2391] destroy: executionAsyncId: 0 | asyncId: 96
>> [2391] destroy: executionAsyncId: 0 | asyncId: 95
>> [2391] before: executionAsyncId: 18 | asyncId: 18
>> [2391] after: executionAsyncId: 18 | asyncId: 18, durationMs: 0
>> [2391] destroy: executionAsyncId: 0 | asyncId: 20
>> [2391] destroy: executionAsyncId: 0 | asyncId: 18
>> [2392] before: executionAsyncId: 30 | asyncId: 30
>> [2392] init: executionAsyncId: 30 | asyncId: 97, type: "TickObject", triggerAsyncId: 30, resource: Object
>> [2392] init: executionAsyncId: 30 | asyncId: 98, type: "TickObject", triggerAsyncId: 30, resource: Object
>> [2392] init: executionAsyncId: 30 | asyncId: 99, type: "Timeout", triggerAsyncId: 30, resource: Timeout
>> [2392] res.finish: executionAsyncId: 30 |
[2392] -- Took 2059ms to flush response for request 1 --
>> [2392] init: executionAsyncId: 30 | asyncId: 100, type: "TickObject", triggerAsyncId: 30, resource: Object
>> [2392] after: executionAsyncId: 30 | asyncId: 30, durationMs: 0
>> [2392] before: executionAsyncId: 97 | asyncId: 97
>> [2392] init: executionAsyncId: 97 | asyncId: 101, type: "TickObject", triggerAsyncId: 97, resource: Object
>> [2392] init: executionAsyncId: 97 | asyncId: 102, type: "TickObject", triggerAsyncId: 97, resource: Object
>> [2392] init: executionAsyncId: 97 | asyncId: 103, type: "TickObject", triggerAsyncId: 97, resource: Object
>> [2392] after: executionAsyncId: 97 | asyncId: 97, durationMs: 0
>> [2392] before: executionAsyncId: 98 | asyncId: 98
>> [2392] res.close: executionAsyncId: 98 |
>> [2392] after: executionAsyncId: 98 | asyncId: 98, durationMs: 0
>> [2392] before: executionAsyncId: 100 | asyncId: 100
>> [2392] after: executionAsyncId: 100 | asyncId: 100, durationMs: 0
>> [2392] before: executionAsyncId: 101 | asyncId: 101
>> [2392] after: executionAsyncId: 101 | asyncId: 101, durationMs: 0
>> [2392] before: executionAsyncId: 102 | asyncId: 102
>> [2392] after: executionAsyncId: 102 | asyncId: 102, durationMs: 0
>> [2392] before: executionAsyncId: 103 | asyncId: 103
>> [2392] after: executionAsyncId: 103 | asyncId: 103, durationMs: 0
>> [2392] destroy: executionAsyncId: 0 | asyncId: 15
>> [2392] destroy: executionAsyncId: 0 | asyncId: 97
>> [2392] destroy: executionAsyncId: 0 | asyncId: 98
>> [2392] destroy: executionAsyncId: 0 | asyncId: 100
>> [2392] destroy: executionAsyncId: 0 | asyncId: 101
>> [2392] destroy: executionAsyncId: 0 | asyncId: 102
>> [2392] destroy: executionAsyncId: 0 | asyncId: 103
>> [2392] destroy: executionAsyncId: 0 | asyncId: 30
>> [2392] before: executionAsyncId: 14 | asyncId: 14
>> [2392] init: executionAsyncId: 14 | asyncId: 104, type: "TickObject", triggerAsyncId: 14, resource: Object
>> [2392] init: executionAsyncId: 14 | asyncId: 105, type: "TickObject", triggerAsyncId: 14, resource: Object
>> [2392] after: executionAsyncId: 14 | asyncId: 14, durationMs: 0
>> [2392] before: executionAsyncId: 104 | asyncId: 104
>> [2392] init: executionAsyncId: 104 | asyncId: 106, type: "TickObject", triggerAsyncId: 104, resource: Object
>> [2392] after: executionAsyncId: 104 | asyncId: 104, durationMs: 0
>> [2392] before: executionAsyncId: 105 | asyncId: 105
>> [2392] after: executionAsyncId: 105 | asyncId: 105, durationMs: 0
>> [2392] before: executionAsyncId: 106 | asyncId: 106
>> [2393] init: executionAsyncId: 106 | asyncId: 107, type: "SHUTDOWNWRAP", triggerAsyncId: 14, resource: ShutdownWrap
>> [2393] after: executionAsyncId: 106 | asyncId: 106, durationMs: 0
>> [2393] destroy: executionAsyncId: 0 | asyncId: 104
>> [2393] destroy: executionAsyncId: 0 | asyncId: 105
>> [2393] destroy: executionAsyncId: 0 | asyncId: 106
>> [2393] before: executionAsyncId: 107 | asyncId: 107
>> [2393] init: executionAsyncId: 107 | asyncId: 108, type: "TickObject", triggerAsyncId: 107, resource: Object
>> [2393] after: executionAsyncId: 107 | asyncId: 107, durationMs: 0
>> [2393] before: executionAsyncId: 108 | asyncId: 108
>> [2393] after: executionAsyncId: 108 | asyncId: 108, durationMs: 0
>> [2393] destroy: executionAsyncId: 0 | asyncId: 99
>> [2393] destroy: executionAsyncId: 0 | asyncId: 108
>> [2393] destroy: executionAsyncId: 0 | asyncId: 107
>> [2393] before: executionAsyncId: 14 | asyncId: 14
>> [2393] after: executionAsyncId: 14 | asyncId: 14, durationMs: 0
>> [2393] destroy: executionAsyncId: 0 | asyncId: 16
>> [2393] destroy: executionAsyncId: 0 | asyncId: 14
>> [2393] before: executionAsyncId: 48 | asyncId: 48
>> [2393] init: executionAsyncId: 48 | asyncId: 109, type: "TickObject", triggerAsyncId: 48, resource: Object
>> [2393] init: executionAsyncId: 48 | asyncId: 110, type: "TickObject", triggerAsyncId: 48, resource: Object
>> [2393] init: executionAsyncId: 48 | asyncId: 111, type: "Timeout", triggerAsyncId: 48, resource: Timeout
>> [2394] res.finish: executionAsyncId: 48 |
[2394] -- Took 1177ms to flush response for request 3 --
>> [2394] init: executionAsyncId: 48 | asyncId: 112, type: "TickObject", triggerAsyncId: 48, resource: Object
>> [2394] after: executionAsyncId: 48 | asyncId: 48, durationMs: 0
>> [2394] before: executionAsyncId: 109 | asyncId: 109
>> [2394] init: executionAsyncId: 109 | asyncId: 113, type: "TickObject", triggerAsyncId: 109, resource: Object
>> [2394] init: executionAsyncId: 109 | asyncId: 114, type: "TickObject", triggerAsyncId: 109, resource: Object
>> [2394] init: executionAsyncId: 109 | asyncId: 115, type: "TickObject", triggerAsyncId: 109, resource: Object
>> [2394] after: executionAsyncId: 109 | asyncId: 109, durationMs: 0
>> [2394] before: executionAsyncId: 110 | asyncId: 110
>> [2394] res.close: executionAsyncId: 110 |

Between request 1 resSendEnd and request 2 serializeStart
  - total time: 1727 us
  - total cpu time: 941 us
  - total idle time: 786 us
  - number of sync operations: 9
Between request 2 resSendEnd and request 3 serializeStart
  - total time: 486 us
  - total cpu time: 116 us
  - total idle time: 370 us
  - number of sync operations: 5
Between request 3 resSendEnd and request 4 serializeStart
  - total time: 2008 us
  - total cpu time: 133 us
  - total idle time: 1875 us
  - number of sync operations: 6
Between request 4 resSendEnd and request 5 serializeStart
  - total time: 558 us
  - total cpu time: 119 us
  - total idle time: 439 us
  - number of sync operations: 5
Between request 5 resSendEnd and request 4 resFinish
  - total time: 169364 us
  - total cpu time: 118 us
  - total idle time: 169246 us
  - number of sync operations: 5

>> [2394] after: executionAsyncId: 110 | asyncId: 110, durationMs: 0
>> [2394] before: executionAsyncId: 112 | asyncId: 112
>> [2394] after: executionAsyncId: 112 | asyncId: 112, durationMs: 0
>> [2394] before: executionAsyncId: 113 | asyncId: 113
>> [2394] after: executionAsyncId: 113 | asyncId: 113, durationMs: 0
>> [2394] before: executionAsyncId: 114 | asyncId: 114
>> [2394] after: executionAsyncId: 114 | asyncId: 114, durationMs: 0
>> [2394] before: executionAsyncId: 115 | asyncId: 115
>> [2394] after: executionAsyncId: 115 | asyncId: 115, durationMs: 0
>> [2394] destroy: executionAsyncId: 0 | asyncId: 23
>> [2394] destroy: executionAsyncId: 0 | asyncId: 109
>> [2394] destroy: executionAsyncId: 0 | asyncId: 110
>> [2394] destroy: executionAsyncId: 0 | asyncId: 112
>> [2394] destroy: executionAsyncId: 0 | asyncId: 113
>> [2394] destroy: executionAsyncId: 0 | asyncId: 114
>> [2394] destroy: executionAsyncId: 0 | asyncId: 115
>> [2394] destroy: executionAsyncId: 0 | asyncId: 48
>> [2395] before: executionAsyncId: 22 | asyncId: 22
>> [2395] init: executionAsyncId: 22 | asyncId: 116, type: "TickObject", triggerAsyncId: 22, resource: Object
>> [2395] init: executionAsyncId: 22 | asyncId: 117, type: "TickObject", triggerAsyncId: 22, resource: Object
>> [2395] after: executionAsyncId: 22 | asyncId: 22, durationMs: 0
>> [2395] before: executionAsyncId: 116 | asyncId: 116
>> [2395] init: executionAsyncId: 116 | asyncId: 118, type: "TickObject", triggerAsyncId: 116, resource: Object
>> [2395] after: executionAsyncId: 116 | asyncId: 116, durationMs: 0
>> [2395] before: executionAsyncId: 117 | asyncId: 117
>> [2395] after: executionAsyncId: 117 | asyncId: 117, durationMs: 0
>> [2395] before: executionAsyncId: 118 | asyncId: 118
>> [2395] init: executionAsyncId: 118 | asyncId: 119, type: "SHUTDOWNWRAP", triggerAsyncId: 22, resource: ShutdownWrap
>> [2395] after: executionAsyncId: 118 | asyncId: 118, durationMs: 0
>> [2395] destroy: executionAsyncId: 0 | asyncId: 116
>> [2395] destroy: executionAsyncId: 0 | asyncId: 117
>> [2395] destroy: executionAsyncId: 0 | asyncId: 118
>> [2395] before: executionAsyncId: 119 | asyncId: 119
>> [2395] init: executionAsyncId: 119 | asyncId: 120, type: "TickObject", triggerAsyncId: 119, resource: Object
>> [2395] after: executionAsyncId: 119 | asyncId: 119, durationMs: 0
>> [2395] before: executionAsyncId: 120 | asyncId: 120
>> [2395] after: executionAsyncId: 120 | asyncId: 120, durationMs: 0
>> [2395] destroy: executionAsyncId: 0 | asyncId: 111
>> [2395] destroy: executionAsyncId: 0 | asyncId: 120
>> [2395] destroy: executionAsyncId: 0 | asyncId: 119
>> [2395] before: executionAsyncId: 22 | asyncId: 22
>> [2395] after: executionAsyncId: 22 | asyncId: 22, durationMs: 0
>> [2724] destroy: executionAsyncId: 0 | asyncId: 24
>> [2724] destroy: executionAsyncId: 0 | asyncId: 22
>> [2724] before: executionAsyncId: 53 | asyncId: 53
>> [2724] after: executionAsyncId: 53 | asyncId: 53, durationMs: 0
>> [4693] destroy: executionAsyncId: 0 | asyncId: 53
