>> init: executionAsyncId: 0 | asyncId: 8, type: "PIPESERVERWRAP", triggerAsyncId: 0, resource: Pipe
>> init: executionAsyncId: 0 | asyncId: 9, type: "TickObject", triggerAsyncId: 8, resource: Object
>> before: executionAsyncId: 9 | asyncId: 9
Example app listening on Unix domain socket /tmp/sock!
>> init: executionAsyncId: 9 | asyncId: 13, type: "TickObject", triggerAsyncId: 9, resource: Object
>> after: executionAsyncId: 9 | asyncId: 9, durationMs: 1
>> before: executionAsyncId: 13 | asyncId: 13
>> after: executionAsyncId: 13 | asyncId: 13, durationMs: 0
>> destroy: executionAsyncId: 0 | asyncId: 9
>> destroy: executionAsyncId: 0 | asyncId: 13
>> init: executionAsyncId: 0 | asyncId: 14, type: "PIPEWRAP", triggerAsyncId: 8, resource: Pipe
>> before: executionAsyncId: 8 | asyncId: 8
>> init: executionAsyncId: 8 | asyncId: 15, type: "Timeout", triggerAsyncId: 14, resource: Timeout
>> init: executionAsyncId: 8 | asyncId: 16, type: "HTTPINCOMINGMESSAGE", triggerAsyncId: 14, resource: HTTPServerAsyncResource
>> init: executionAsyncId: 8 | asyncId: 17, type: "TickObject", triggerAsyncId: 14, resource: Object
>> after: executionAsyncId: 8 | asyncId: 8, durationMs: 1
>> before: executionAsyncId: 17 | asyncId: 17
>> after: executionAsyncId: 17 | asyncId: 17, durationMs: 0
>> destroy: executionAsyncId: 0 | asyncId: 17
>> init: executionAsyncId: 0 | asyncId: 18, type: "PIPEWRAP", triggerAsyncId: 8, resource: Pipe
>> before: executionAsyncId: 8 | asyncId: 8
>> init: executionAsyncId: 8 | asyncId: 19, type: "Timeout", triggerAsyncId: 18, resource: Timeout
>> init: executionAsyncId: 8 | asyncId: 20, type: "HTTPINCOMINGMESSAGE", triggerAsyncId: 18, resource: HTTPServerAsyncResource
>> init: executionAsyncId: 8 | asyncId: 21, type: "TickObject", triggerAsyncId: 18, resource: Object
>> after: executionAsyncId: 8 | asyncId: 8, durationMs: 0
>> before: executionAsyncId: 21 | asyncId: 21
>> after: executionAsyncId: 21 | asyncId: 21, durationMs: 0
>> before: executionAsyncId: 16 | asyncId: 16
>> init: executionAsyncId: 16 | asyncId: 22, type: "PROMISE", triggerAsyncId: 16, resource: PromiseWrap
>> init: executionAsyncId: 16 | asyncId: 23, type: "PROMISE", triggerAsyncId: 16, resource: PromiseWrap
[0] Serializing response for request 1...
>> init: executionAsyncId: 16 | asyncId: 24, type: "TickObject", triggerAsyncId: 16, resource: Object
[327] Sending 55MB response for request 1...
>> [461] init: executionAsyncId: 16 | asyncId: 25, type: "Timeout", triggerAsyncId: 16, resource: Timeout
>> [465] init: executionAsyncId: 16 | asyncId: 26, type: "WRITEWRAP", triggerAsyncId: 14, resource: WriteWrap
[465] - Handler done for request 1 -
>> [465] after: executionAsyncId: 16 | asyncId: 16, durationMs: 467, event loop blocked!
>> [465] before: executionAsyncId: 16 | asyncId: 16
>> [466] init: executionAsyncId: 16 | asyncId: 27, type: "TickObject", triggerAsyncId: 16, resource: Object
>> [466] after: executionAsyncId: 16 | asyncId: 16, durationMs: 0
>> [466] before: executionAsyncId: 16 | asyncId: 16
>> [466] after: executionAsyncId: 16 | asyncId: 16, durationMs: 0
>> [466] before: executionAsyncId: 24 | asyncId: 24
>> [466] after: executionAsyncId: 24 | asyncId: 24, durationMs: 0
>> [466] before: executionAsyncId: 27 | asyncId: 27
>> [466] after: executionAsyncId: 27 | asyncId: 27, durationMs: 0
>> [466] destroy: executionAsyncId: 0 | asyncId: 21
>> [466] destroy: executionAsyncId: 0 | asyncId: 12
>> [466] destroy: executionAsyncId: 0 | asyncId: 10
>> [466] destroy: executionAsyncId: 0 | asyncId: 11
>> [466] destroy: executionAsyncId: 0 | asyncId: 24
>> [466] destroy: executionAsyncId: 0 | asyncId: 27
>> [466] before: executionAsyncId: 20 | asyncId: 20
>> [467] init: executionAsyncId: 20 | asyncId: 28, type: "PROMISE", triggerAsyncId: 20, resource: PromiseWrap
>> [467] init: executionAsyncId: 20 | asyncId: 29, type: "PROMISE", triggerAsyncId: 20, resource: PromiseWrap
[467] Serializing response for request 2...
>> [467] init: executionAsyncId: 20 | asyncId: 30, type: "TickObject", triggerAsyncId: 20, resource: Object
[762] Sending 55MB response for request 2...
>> [893] init: executionAsyncId: 20 | asyncId: 31, type: "WRITEWRAP", triggerAsyncId: 18, resource: WriteWrap
[893] - Handler done for request 2 -
>> [893] after: executionAsyncId: 20 | asyncId: 20, durationMs: 427, event loop blocked!
>> [893] before: executionAsyncId: 20 | asyncId: 20
>> [893] init: executionAsyncId: 20 | asyncId: 32, type: "TickObject", triggerAsyncId: 20, resource: Object
>> [893] after: executionAsyncId: 20 | asyncId: 20, durationMs: 0
>> [893] before: executionAsyncId: 20 | asyncId: 20
>> [893] after: executionAsyncId: 20 | asyncId: 20, durationMs: 0
>> [893] before: executionAsyncId: 30 | asyncId: 30
>> [893] after: executionAsyncId: 30 | asyncId: 30, durationMs: 0
>> [893] before: executionAsyncId: 32 | asyncId: 32
>> [893] after: executionAsyncId: 32 | asyncId: 32, durationMs: 0
>> [895] destroy: executionAsyncId: 0 | asyncId: 30
>> [895] destroy: executionAsyncId: 0 | asyncId: 32
>> [904] before: executionAsyncId: 26 | asyncId: 26
>> [904] init: executionAsyncId: 26 | asyncId: 33, type: "TickObject", triggerAsyncId: 26, resource: Object
>> [904] init: executionAsyncId: 26 | asyncId: 34, type: "TickObject", triggerAsyncId: 26, resource: Object
>> [904] init: executionAsyncId: 26 | asyncId: 35, type: "Timeout", triggerAsyncId: 26, resource: Timeout
>> [905] res.finish: executionAsyncId: 26 |
[905] -- Took 578ms to flush response for request 1 --
>> [905] init: executionAsyncId: 26 | asyncId: 36, type: "TickObject", triggerAsyncId: 26, resource: Object
>> [905] after: executionAsyncId: 26 | asyncId: 26, durationMs: 1
>> [905] before: executionAsyncId: 33 | asyncId: 33
>> [905] init: executionAsyncId: 33 | asyncId: 37, type: "TickObject", triggerAsyncId: 33, resource: Object
>> [905] init: executionAsyncId: 33 | asyncId: 38, type: "TickObject", triggerAsyncId: 33, resource: Object
>> [905] init: executionAsyncId: 33 | asyncId: 39, type: "TickObject", triggerAsyncId: 33, resource: Object
>> [905] after: executionAsyncId: 33 | asyncId: 33, durationMs: 0
>> [905] before: executionAsyncId: 34 | asyncId: 34
>> [905] res.close: executionAsyncId: 34 |
>> [905] after: executionAsyncId: 34 | asyncId: 34, durationMs: 0
>> [905] before: executionAsyncId: 36 | asyncId: 36
>> [905] after: executionAsyncId: 36 | asyncId: 36, durationMs: 0
>> [905] before: executionAsyncId: 37 | asyncId: 37
>> [905] after: executionAsyncId: 37 | asyncId: 37, durationMs: 0
>> [905] before: executionAsyncId: 38 | asyncId: 38
>> [905] after: executionAsyncId: 38 | asyncId: 38, durationMs: 0
>> [905] before: executionAsyncId: 39 | asyncId: 39
>> [905] after: executionAsyncId: 39 | asyncId: 39, durationMs: 0
>> [906] destroy: executionAsyncId: 0 | asyncId: 15
>> [906] destroy: executionAsyncId: 0 | asyncId: 33
>> [906] destroy: executionAsyncId: 0 | asyncId: 34
>> [906] destroy: executionAsyncId: 0 | asyncId: 36
>> [906] destroy: executionAsyncId: 0 | asyncId: 37
>> [907] destroy: executionAsyncId: 0 | asyncId: 38
>> [907] destroy: executionAsyncId: 0 | asyncId: 39
>> [907] destroy: executionAsyncId: 0 | asyncId: 26
>> [907] before: executionAsyncId: 14 | asyncId: 14
>> [907] init: executionAsyncId: 14 | asyncId: 40, type: "TickObject", triggerAsyncId: 14, resource: Object
>> [907] init: executionAsyncId: 14 | asyncId: 41, type: "TickObject", triggerAsyncId: 14, resource: Object
>> [907] after: executionAsyncId: 14 | asyncId: 14, durationMs: 0
>> [907] before: executionAsyncId: 40 | asyncId: 40
>> [907] init: executionAsyncId: 40 | asyncId: 42, type: "TickObject", triggerAsyncId: 40, resource: Object
>> [907] after: executionAsyncId: 40 | asyncId: 40, durationMs: 0
>> [907] before: executionAsyncId: 41 | asyncId: 41
>> [907] after: executionAsyncId: 41 | asyncId: 41, durationMs: 0
>> [907] before: executionAsyncId: 42 | asyncId: 42
>> [907] init: executionAsyncId: 42 | asyncId: 43, type: "SHUTDOWNWRAP", triggerAsyncId: 14, resource: ShutdownWrap
>> [907] after: executionAsyncId: 42 | asyncId: 42, durationMs: 0
>> [907] destroy: executionAsyncId: 0 | asyncId: 40
>> [907] destroy: executionAsyncId: 0 | asyncId: 41
>> [907] destroy: executionAsyncId: 0 | asyncId: 42
>> [907] before: executionAsyncId: 31 | asyncId: 31
>> [907] init: executionAsyncId: 31 | asyncId: 44, type: "TickObject", triggerAsyncId: 31, resource: Object
>> [907] init: executionAsyncId: 31 | asyncId: 45, type: "TickObject", triggerAsyncId: 31, resource: Object
>> [907] init: executionAsyncId: 31 | asyncId: 46, type: "Timeout", triggerAsyncId: 31, resource: Timeout
>> [907] res.finish: executionAsyncId: 31 |
[907] -- Took 145ms to flush response for request 2 --
>> [908] init: executionAsyncId: 31 | asyncId: 47, type: "TickObject", triggerAsyncId: 31, resource: Object
>> [908] after: executionAsyncId: 31 | asyncId: 31, durationMs: 0
>> [908] before: executionAsyncId: 44 | asyncId: 44
>> [908] init: executionAsyncId: 44 | asyncId: 48, type: "TickObject", triggerAsyncId: 44, resource: Object
>> [908] init: executionAsyncId: 44 | asyncId: 49, type: "TickObject", triggerAsyncId: 44, resource: Object
>> [908] init: executionAsyncId: 44 | asyncId: 50, type: "TickObject", triggerAsyncId: 44, resource: Object
>> [908] after: executionAsyncId: 44 | asyncId: 44, durationMs: 0
>> [908] before: executionAsyncId: 45 | asyncId: 45
>> [908] res.close: executionAsyncId: 45 |

Between request 1 resSendEnd and request 2 serializeStart
  - total time: 1789 us
  - total cpu time: 705 us
  - total idle time: 1084 us
  - number of sync operations: 5
Between request 2 resSendEnd and request 1 resFinish
  - total time: 11521 us
  - total cpu time: 124 us
  - total idle time: 11397 us
  - number of sync operations: 5

>> [908] after: executionAsyncId: 45 | asyncId: 45, durationMs: 0
>> [908] before: executionAsyncId: 47 | asyncId: 47
>> [908] after: executionAsyncId: 47 | asyncId: 47, durationMs: 0
>> [908] before: executionAsyncId: 48 | asyncId: 48
>> [908] after: executionAsyncId: 48 | asyncId: 48, durationMs: 0
>> [908] before: executionAsyncId: 49 | asyncId: 49
>> [908] after: executionAsyncId: 49 | asyncId: 49, durationMs: 0
>> [908] before: executionAsyncId: 50 | asyncId: 50
>> [908] after: executionAsyncId: 50 | asyncId: 50, durationMs: 0
>> [908] before: executionAsyncId: 43 | asyncId: 43
>> [908] init: executionAsyncId: 43 | asyncId: 51, type: "TickObject", triggerAsyncId: 43, resource: Object
>> [908] after: executionAsyncId: 43 | asyncId: 43, durationMs: 0
>> [909] before: executionAsyncId: 51 | asyncId: 51
>> [909] after: executionAsyncId: 51 | asyncId: 51, durationMs: 0
>> [909] destroy: executionAsyncId: 0 | asyncId: 19
>> [909] destroy: executionAsyncId: 0 | asyncId: 44
>> [909] destroy: executionAsyncId: 0 | asyncId: 45
>> [909] destroy: executionAsyncId: 0 | asyncId: 47
>> [909] destroy: executionAsyncId: 0 | asyncId: 48
>> [909] destroy: executionAsyncId: 0 | asyncId: 49
>> [909] destroy: executionAsyncId: 0 | asyncId: 50
>> [909] destroy: executionAsyncId: 0 | asyncId: 31
>> [909] destroy: executionAsyncId: 0 | asyncId: 35
>> [909] destroy: executionAsyncId: 0 | asyncId: 51
>> [909] destroy: executionAsyncId: 0 | asyncId: 43
>> [909] before: executionAsyncId: 14 | asyncId: 14
>> [909] after: executionAsyncId: 14 | asyncId: 14, durationMs: 0
>> [909] before: executionAsyncId: 18 | asyncId: 18
>> [909] init: executionAsyncId: 18 | asyncId: 52, type: "TickObject", triggerAsyncId: 18, resource: Object
>> [909] init: executionAsyncId: 18 | asyncId: 53, type: "TickObject", triggerAsyncId: 18, resource: Object
>> [909] after: executionAsyncId: 18 | asyncId: 18, durationMs: 0
>> [909] before: executionAsyncId: 52 | asyncId: 52
>> [909] init: executionAsyncId: 52 | asyncId: 54, type: "TickObject", triggerAsyncId: 52, resource: Object
>> [909] after: executionAsyncId: 52 | asyncId: 52, durationMs: 0
>> [909] before: executionAsyncId: 53 | asyncId: 53
>> [909] after: executionAsyncId: 53 | asyncId: 53, durationMs: 0
>> [909] before: executionAsyncId: 54 | asyncId: 54
>> [909] init: executionAsyncId: 54 | asyncId: 55, type: "SHUTDOWNWRAP", triggerAsyncId: 18, resource: ShutdownWrap
>> [909] after: executionAsyncId: 54 | asyncId: 54, durationMs: 0
>> [909] destroy: executionAsyncId: 0 | asyncId: 16
>> [909] destroy: executionAsyncId: 0 | asyncId: 14
>> [909] destroy: executionAsyncId: 0 | asyncId: 52
>> [909] destroy: executionAsyncId: 0 | asyncId: 53
>> [909] destroy: executionAsyncId: 0 | asyncId: 54
>> [909] before: executionAsyncId: 55 | asyncId: 55
>> [910] init: executionAsyncId: 55 | asyncId: 56, type: "TickObject", triggerAsyncId: 55, resource: Object
>> [910] after: executionAsyncId: 55 | asyncId: 55, durationMs: 0
>> [910] before: executionAsyncId: 56 | asyncId: 56
>> [910] after: executionAsyncId: 56 | asyncId: 56, durationMs: 0
>> [910] destroy: executionAsyncId: 0 | asyncId: 46
>> [910] destroy: executionAsyncId: 0 | asyncId: 56
>> [910] destroy: executionAsyncId: 0 | asyncId: 55
>> [910] before: executionAsyncId: 18 | asyncId: 18
>> [910] after: executionAsyncId: 18 | asyncId: 18, durationMs: 0
>> [1114] destroy: executionAsyncId: 0 | asyncId: 20
>> [1114] destroy: executionAsyncId: 0 | asyncId: 18
>> [1114] before: executionAsyncId: 25 | asyncId: 25
>> [1114] after: executionAsyncId: 25 | asyncId: 25, durationMs: 0
