>> init: executionAsyncId: 0 | asyncId: 8, type: "PIPESERVERWRAP", triggerAsyncId: 0, resource: Pipe
>> init: executionAsyncId: 0 | asyncId: 9, type: "TickObject", triggerAsyncId: 8, resource: Object
>> before: executionAsyncId: 9 | asyncId: 9
Example app listening on Unix domain socket /tmp/sock!
>> init: executionAsyncId: 9 | asyncId: 13, type: "TickObject", triggerAsyncId: 9, resource: Object
>> after: executionAsyncId: 9 | asyncId: 9, durationMs: 1
>> before: executionAsyncId: 13 | asyncId: 13
>> after: executionAsyncId: 13 | asyncId: 13, durationMs: 0
>> destroy: executionAsyncId: 0 | asyncId: 9
>> destroy: executionAsyncId: 0 | asyncId: 13
>> init: executionAsyncId: 0 | asyncId: 14, type: "PIPEWRAP", triggerAsyncId: 8, resource: Pipe
>> before: executionAsyncId: 8 | asyncId: 8
>> init: executionAsyncId: 8 | asyncId: 15, type: "Timeout", triggerAsyncId: 14, resource: Timeout
>> init: executionAsyncId: 8 | asyncId: 16, type: "HTTPINCOMINGMESSAGE", triggerAsyncId: 14, resource: HTTPServerAsyncResource
>> init: executionAsyncId: 8 | asyncId: 17, type: "TickObject", triggerAsyncId: 14, resource: Object
>> after: executionAsyncId: 8 | asyncId: 8, durationMs: 2
>> before: executionAsyncId: 17 | asyncId: 17
>> after: executionAsyncId: 17 | asyncId: 17, durationMs: 0
>> destroy: executionAsyncId: 0 | asyncId: 17
>> init: executionAsyncId: 0 | asyncId: 18, type: "PIPEWRAP", triggerAsyncId: 8, resource: Pipe
>> before: executionAsyncId: 8 | asyncId: 8
>> init: executionAsyncId: 8 | asyncId: 19, type: "Timeout", triggerAsyncId: 18, resource: Timeout
>> init: executionAsyncId: 8 | asyncId: 20, type: "HTTPINCOMINGMESSAGE", triggerAsyncId: 18, resource: HTTPServerAsyncResource
>> init: executionAsyncId: 8 | asyncId: 21, type: "TickObject", triggerAsyncId: 18, resource: Object
>> after: executionAsyncId: 8 | asyncId: 8, durationMs: 0
>> before: executionAsyncId: 21 | asyncId: 21
>> after: executionAsyncId: 21 | asyncId: 21, durationMs: 0
>> init: executionAsyncId: 0 | asyncId: 22, type: "PIPEWRAP", triggerAsyncId: 8, resource: Pipe
>> before: executionAsyncId: 8 | asyncId: 8
>> init: executionAsyncId: 8 | asyncId: 23, type: "Timeout", triggerAsyncId: 22, resource: Timeout
>> init: executionAsyncId: 8 | asyncId: 24, type: "HTTPINCOMINGMESSAGE", triggerAsyncId: 22, resource: HTTPServerAsyncResource
>> init: executionAsyncId: 8 | asyncId: 25, type: "TickObject", triggerAsyncId: 22, resource: Object
>> after: executionAsyncId: 8 | asyncId: 8, durationMs: 0
>> before: executionAsyncId: 25 | asyncId: 25
>> after: executionAsyncId: 25 | asyncId: 25, durationMs: 0
>> init: executionAsyncId: 0 | asyncId: 26, type: "PIPEWRAP", triggerAsyncId: 8, resource: Pipe
>> before: executionAsyncId: 8 | asyncId: 8
>> init: executionAsyncId: 8 | asyncId: 27, type: "Timeout", triggerAsyncId: 26, resource: Timeout
>> init: executionAsyncId: 8 | asyncId: 28, type: "HTTPINCOMINGMESSAGE", triggerAsyncId: 26, resource: HTTPServerAsyncResource
>> init: executionAsyncId: 8 | asyncId: 29, type: "TickObject", triggerAsyncId: 26, resource: Object
>> after: executionAsyncId: 8 | asyncId: 8, durationMs: 0
>> before: executionAsyncId: 29 | asyncId: 29
>> after: executionAsyncId: 29 | asyncId: 29, durationMs: 0
>> init: executionAsyncId: 0 | asyncId: 30, type: "PIPEWRAP", triggerAsyncId: 8, resource: Pipe
>> before: executionAsyncId: 8 | asyncId: 8
>> init: executionAsyncId: 8 | asyncId: 31, type: "Timeout", triggerAsyncId: 30, resource: Timeout
>> init: executionAsyncId: 8 | asyncId: 32, type: "HTTPINCOMINGMESSAGE", triggerAsyncId: 30, resource: HTTPServerAsyncResource
>> init: executionAsyncId: 8 | asyncId: 33, type: "TickObject", triggerAsyncId: 30, resource: Object
>> after: executionAsyncId: 8 | asyncId: 8, durationMs: 0
>> before: executionAsyncId: 33 | asyncId: 33
>> after: executionAsyncId: 33 | asyncId: 33, durationMs: 0
>> before: executionAsyncId: 16 | asyncId: 16
>> init: executionAsyncId: 16 | asyncId: 34, type: "PROMISE", triggerAsyncId: 16, resource: PromiseWrap
>> init: executionAsyncId: 16 | asyncId: 35, type: "PROMISE", triggerAsyncId: 16, resource: PromiseWrap
[0] Serializing response for request 1...
>> init: executionAsyncId: 16 | asyncId: 36, type: "TickObject", triggerAsyncId: 16, resource: Object
[332] Sending 55MB response for request 1...
>> [465] init: executionAsyncId: 16 | asyncId: 37, type: "Timeout", triggerAsyncId: 16, resource: Timeout
>> [467] init: executionAsyncId: 16 | asyncId: 38, type: "WRITEWRAP", triggerAsyncId: 14, resource: WriteWrap
[467] - Handler done for request 1 -
>> [467] after: executionAsyncId: 16 | asyncId: 16, durationMs: 469, event loop blocked!
>> [467] before: executionAsyncId: 16 | asyncId: 16
>> [467] init: executionAsyncId: 16 | asyncId: 39, type: "TickObject", triggerAsyncId: 16, resource: Object
>> [467] after: executionAsyncId: 16 | asyncId: 16, durationMs: 0
>> [467] before: executionAsyncId: 16 | asyncId: 16
>> [467] after: executionAsyncId: 16 | asyncId: 16, durationMs: 0
>> [467] before: executionAsyncId: 36 | asyncId: 36
>> [467] after: executionAsyncId: 36 | asyncId: 36, durationMs: 0
>> [467] before: executionAsyncId: 39 | asyncId: 39
>> [467] after: executionAsyncId: 39 | asyncId: 39, durationMs: 0
>> [467] destroy: executionAsyncId: 0 | asyncId: 21
>> [467] destroy: executionAsyncId: 0 | asyncId: 25
>> [467] destroy: executionAsyncId: 0 | asyncId: 29
>> [467] destroy: executionAsyncId: 0 | asyncId: 33
>> [467] destroy: executionAsyncId: 0 | asyncId: 12
>> [467] destroy: executionAsyncId: 0 | asyncId: 10
>> [467] destroy: executionAsyncId: 0 | asyncId: 11
>> [467] destroy: executionAsyncId: 0 | asyncId: 36
>> [467] destroy: executionAsyncId: 0 | asyncId: 39
>> [468] before: executionAsyncId: 20 | asyncId: 20
>> [468] init: executionAsyncId: 20 | asyncId: 40, type: "PROMISE", triggerAsyncId: 20, resource: PromiseWrap
>> [468] init: executionAsyncId: 20 | asyncId: 41, type: "PROMISE", triggerAsyncId: 20, resource: PromiseWrap
[468] Serializing response for request 2...
>> [468] init: executionAsyncId: 20 | asyncId: 42, type: "TickObject", triggerAsyncId: 20, resource: Object
[768] Sending 55MB response for request 2...
>> [896] init: executionAsyncId: 20 | asyncId: 43, type: "WRITEWRAP", triggerAsyncId: 18, resource: WriteWrap
[896] - Handler done for request 2 -
>> [896] after: executionAsyncId: 20 | asyncId: 20, durationMs: 429, event loop blocked!
>> [896] before: executionAsyncId: 20 | asyncId: 20
>> [896] init: executionAsyncId: 20 | asyncId: 44, type: "TickObject", triggerAsyncId: 20, resource: Object
>> [896] after: executionAsyncId: 20 | asyncId: 20, durationMs: 0
>> [896] before: executionAsyncId: 20 | asyncId: 20
>> [896] after: executionAsyncId: 20 | asyncId: 20, durationMs: 0
>> [896] before: executionAsyncId: 42 | asyncId: 42
>> [896] after: executionAsyncId: 42 | asyncId: 42, durationMs: 0
>> [896] before: executionAsyncId: 44 | asyncId: 44
>> [896] after: executionAsyncId: 44 | asyncId: 44, durationMs: 0
>> [896] before: executionAsyncId: 24 | asyncId: 24
>> [897] init: executionAsyncId: 24 | asyncId: 45, type: "PROMISE", triggerAsyncId: 24, resource: PromiseWrap
>> [897] init: executionAsyncId: 24 | asyncId: 46, type: "PROMISE", triggerAsyncId: 24, resource: PromiseWrap
[897] Serializing response for request 3...
>> [897] init: executionAsyncId: 24 | asyncId: 47, type: "TickObject", triggerAsyncId: 24, resource: Object
[1193] Sending 55MB response for request 3...
>> [1326] init: executionAsyncId: 24 | asyncId: 48, type: "WRITEWRAP", triggerAsyncId: 22, resource: WriteWrap
[1326] - Handler done for request 3 -
>> [1327] after: executionAsyncId: 24 | asyncId: 24, durationMs: 430, event loop blocked!
>> [1327] before: executionAsyncId: 24 | asyncId: 24
>> [1327] init: executionAsyncId: 24 | asyncId: 49, type: "TickObject", triggerAsyncId: 24, resource: Object
>> [1327] after: executionAsyncId: 24 | asyncId: 24, durationMs: 0
>> [1327] before: executionAsyncId: 24 | asyncId: 24
>> [1327] after: executionAsyncId: 24 | asyncId: 24, durationMs: 0
>> [1327] before: executionAsyncId: 47 | asyncId: 47
>> [1327] after: executionAsyncId: 47 | asyncId: 47, durationMs: 0
>> [1327] before: executionAsyncId: 49 | asyncId: 49
>> [1327] after: executionAsyncId: 49 | asyncId: 49, durationMs: 0
>> [1327] before: executionAsyncId: 28 | asyncId: 28
>> [1327] init: executionAsyncId: 28 | asyncId: 50, type: "PROMISE", triggerAsyncId: 28, resource: PromiseWrap
>> [1327] init: executionAsyncId: 28 | asyncId: 51, type: "PROMISE", triggerAsyncId: 28, resource: PromiseWrap
[1327] Serializing response for request 4...
>> [1327] init: executionAsyncId: 28 | asyncId: 52, type: "TickObject", triggerAsyncId: 28, resource: Object
[1632] Sending 55MB response for request 4...
>> [1761] init: executionAsyncId: 28 | asyncId: 53, type: "WRITEWRAP", triggerAsyncId: 26, resource: WriteWrap
[1761] - Handler done for request 4 -
>> [1761] after: executionAsyncId: 28 | asyncId: 28, durationMs: 434, event loop blocked!
>> [1761] before: executionAsyncId: 28 | asyncId: 28
>> [1761] init: executionAsyncId: 28 | asyncId: 54, type: "TickObject", triggerAsyncId: 28, resource: Object
>> [1761] after: executionAsyncId: 28 | asyncId: 28, durationMs: 0
>> [1761] before: executionAsyncId: 28 | asyncId: 28
>> [1761] after: executionAsyncId: 28 | asyncId: 28, durationMs: 0
>> [1761] before: executionAsyncId: 52 | asyncId: 52
>> [1761] after: executionAsyncId: 52 | asyncId: 52, durationMs: 0
>> [1761] before: executionAsyncId: 54 | asyncId: 54
>> [1761] after: executionAsyncId: 54 | asyncId: 54, durationMs: 0
>> [1761] before: executionAsyncId: 32 | asyncId: 32
>> [1762] init: executionAsyncId: 32 | asyncId: 55, type: "PROMISE", triggerAsyncId: 32, resource: PromiseWrap
>> [1763] init: executionAsyncId: 32 | asyncId: 56, type: "PROMISE", triggerAsyncId: 32, resource: PromiseWrap
[1763] Serializing response for request 5...
>> [1763] init: executionAsyncId: 32 | asyncId: 57, type: "TickObject", triggerAsyncId: 32, resource: Object
[2077] Sending 55MB response for request 5...
>> [2209] init: executionAsyncId: 32 | asyncId: 58, type: "WRITEWRAP", triggerAsyncId: 30, resource: WriteWrap
[2209] - Handler done for request 5 -
>> [2209] after: executionAsyncId: 32 | asyncId: 32, durationMs: 448, event loop blocked!
>> [2209] before: executionAsyncId: 32 | asyncId: 32
>> [2209] init: executionAsyncId: 32 | asyncId: 59, type: "TickObject", triggerAsyncId: 32, resource: Object
>> [2209] after: executionAsyncId: 32 | asyncId: 32, durationMs: 0
>> [2209] before: executionAsyncId: 32 | asyncId: 32
>> [2209] after: executionAsyncId: 32 | asyncId: 32, durationMs: 0
>> [2209] before: executionAsyncId: 57 | asyncId: 57
>> [2209] after: executionAsyncId: 57 | asyncId: 57, durationMs: 0
>> [2209] before: executionAsyncId: 59 | asyncId: 59
>> [2210] after: executionAsyncId: 59 | asyncId: 59, durationMs: 0
>> [2216] destroy: executionAsyncId: 0 | asyncId: 42
>> [2216] destroy: executionAsyncId: 0 | asyncId: 44
>> [2216] destroy: executionAsyncId: 0 | asyncId: 47
>> [2216] destroy: executionAsyncId: 0 | asyncId: 49
>> [2216] destroy: executionAsyncId: 0 | asyncId: 35
>> [2216] destroy: executionAsyncId: 0 | asyncId: 41
>> [2216] destroy: executionAsyncId: 0 | asyncId: 34
>> [2216] destroy: executionAsyncId: 0 | asyncId: 40
>> [2216] destroy: executionAsyncId: 0 | asyncId: 46
>> [2216] destroy: executionAsyncId: 0 | asyncId: 45
>> [2216] destroy: executionAsyncId: 0 | asyncId: 52
>> [2216] destroy: executionAsyncId: 0 | asyncId: 54
>> [2216] destroy: executionAsyncId: 0 | asyncId: 51
>> [2216] destroy: executionAsyncId: 0 | asyncId: 50
>> [2216] destroy: executionAsyncId: 0 | asyncId: 57
>> [2216] destroy: executionAsyncId: 0 | asyncId: 59
>> [2217] before: executionAsyncId: 37 | asyncId: 37
>> [2217] after: executionAsyncId: 37 | asyncId: 37, durationMs: 0
>> [2217] before: executionAsyncId: 38 | asyncId: 38
>> [2217] init: executionAsyncId: 38 | asyncId: 60, type: "TickObject", triggerAsyncId: 38, resource: Object
>> [2218] init: executionAsyncId: 38 | asyncId: 61, type: "TickObject", triggerAsyncId: 38, resource: Object
>> [2218] init: executionAsyncId: 38 | asyncId: 62, type: "Timeout", triggerAsyncId: 38, resource: Timeout
>> [2218] res.finish: executionAsyncId: 38 |
[2218] -- Took 1886ms to flush response for request 1 --
>> [2218] init: executionAsyncId: 38 | asyncId: 63, type: "TickObject", triggerAsyncId: 38, resource: Object
>> [2218] after: executionAsyncId: 38 | asyncId: 38, durationMs: 2
>> [2218] before: executionAsyncId: 60 | asyncId: 60
>> [2219] init: executionAsyncId: 60 | asyncId: 64, type: "TickObject", triggerAsyncId: 60, resource: Object
>> [2219] init: executionAsyncId: 60 | asyncId: 65, type: "TickObject", triggerAsyncId: 60, resource: Object
>> [2219] init: executionAsyncId: 60 | asyncId: 66, type: "TickObject", triggerAsyncId: 60, resource: Object
>> [2219] after: executionAsyncId: 60 | asyncId: 60, durationMs: 0
>> [2219] before: executionAsyncId: 61 | asyncId: 61
>> [2219] res.close: executionAsyncId: 61 |
>> [2219] after: executionAsyncId: 61 | asyncId: 61, durationMs: 0
>> [2219] before: executionAsyncId: 63 | asyncId: 63
>> [2219] after: executionAsyncId: 63 | asyncId: 63, durationMs: 0
>> [2219] before: executionAsyncId: 64 | asyncId: 64
>> [2219] after: executionAsyncId: 64 | asyncId: 64, durationMs: 0
>> [2219] before: executionAsyncId: 65 | asyncId: 65
>> [2219] after: executionAsyncId: 65 | asyncId: 65, durationMs: 0
>> [2219] before: executionAsyncId: 66 | asyncId: 66
>> [2219] after: executionAsyncId: 66 | asyncId: 66, durationMs: 0
>> [2226] destroy: executionAsyncId: 0 | asyncId: 37
>> [2226] destroy: executionAsyncId: 0 | asyncId: 15
>> [2226] destroy: executionAsyncId: 0 | asyncId: 60
>> [2226] destroy: executionAsyncId: 0 | asyncId: 61
>> [2226] destroy: executionAsyncId: 0 | asyncId: 63
>> [2226] destroy: executionAsyncId: 0 | asyncId: 64
>> [2226] destroy: executionAsyncId: 0 | asyncId: 65
>> [2226] destroy: executionAsyncId: 0 | asyncId: 66
>> [2226] destroy: executionAsyncId: 0 | asyncId: 38
>> [2241] before: executionAsyncId: 14 | asyncId: 14
>> [2241] init: executionAsyncId: 14 | asyncId: 67, type: "TickObject", triggerAsyncId: 14, resource: Object
>> [2241] init: executionAsyncId: 14 | asyncId: 68, type: "TickObject", triggerAsyncId: 14, resource: Object
>> [2241] after: executionAsyncId: 14 | asyncId: 14, durationMs: 0
>> [2241] before: executionAsyncId: 67 | asyncId: 67
>> [2241] init: executionAsyncId: 67 | asyncId: 69, type: "TickObject", triggerAsyncId: 67, resource: Object
>> [2241] after: executionAsyncId: 67 | asyncId: 67, durationMs: 0
>> [2241] before: executionAsyncId: 68 | asyncId: 68
>> [2241] after: executionAsyncId: 68 | asyncId: 68, durationMs: 0
>> [2242] before: executionAsyncId: 69 | asyncId: 69
>> [2242] init: executionAsyncId: 69 | asyncId: 70, type: "SHUTDOWNWRAP", triggerAsyncId: 14, resource: ShutdownWrap
>> [2242] after: executionAsyncId: 69 | asyncId: 69, durationMs: 0
>> [2242] destroy: executionAsyncId: 0 | asyncId: 67
>> [2242] destroy: executionAsyncId: 0 | asyncId: 68
>> [2242] destroy: executionAsyncId: 0 | asyncId: 69
>> [2242] before: executionAsyncId: 43 | asyncId: 43
>> [2242] init: executionAsyncId: 43 | asyncId: 71, type: "TickObject", triggerAsyncId: 43, resource: Object
>> [2243] init: executionAsyncId: 43 | asyncId: 72, type: "TickObject", triggerAsyncId: 43, resource: Object
>> [2243] init: executionAsyncId: 43 | asyncId: 73, type: "TickObject", triggerAsyncId: 43, resource: Object
>> [2243] res.finish: executionAsyncId: 43 |
[2243] -- Took 1475ms to flush response for request 2 --
>> [2243] init: executionAsyncId: 43 | asyncId: 74, type: "TickObject", triggerAsyncId: 43, resource: Object
>> [2243] after: executionAsyncId: 43 | asyncId: 43, durationMs: 1
>> [2243] before: executionAsyncId: 71 | asyncId: 71
>> [2243] after: executionAsyncId: 71 | asyncId: 71, durationMs: 0
>> [2243] before: executionAsyncId: 72 | asyncId: 72
>> [2243] init: executionAsyncId: 72 | asyncId: 75, type: "TickObject", triggerAsyncId: 72, resource: Object
>> [2243] init: executionAsyncId: 72 | asyncId: 76, type: "TickObject", triggerAsyncId: 72, resource: Object
>> [2243] init: executionAsyncId: 72 | asyncId: 77, type: "TickObject", triggerAsyncId: 72, resource: Object
>> [2243] after: executionAsyncId: 72 | asyncId: 72, durationMs: 0
>> [2243] before: executionAsyncId: 73 | asyncId: 73
>> [2243] res.close: executionAsyncId: 73 |
>> [2243] after: executionAsyncId: 73 | asyncId: 73, durationMs: 0
>> [2243] before: executionAsyncId: 74 | asyncId: 74
>> [2243] after: executionAsyncId: 74 | asyncId: 74, durationMs: 0
>> [2243] before: executionAsyncId: 75 | asyncId: 75
>> [2243] after: executionAsyncId: 75 | asyncId: 75, durationMs: 0
>> [2243] before: executionAsyncId: 76 | asyncId: 76
>> [2243] after: executionAsyncId: 76 | asyncId: 76, durationMs: 0
>> [2243] before: executionAsyncId: 77 | asyncId: 77
>> [2243] after: executionAsyncId: 77 | asyncId: 77, durationMs: 0
>> [2247] before: executionAsyncId: 70 | asyncId: 70
>> [2248] init: executionAsyncId: 70 | asyncId: 78, type: "TickObject", triggerAsyncId: 70, resource: Object
>> [2248] after: executionAsyncId: 70 | asyncId: 70, durationMs: 0
>> [2248] before: executionAsyncId: 78 | asyncId: 78
>> [2248] after: executionAsyncId: 78 | asyncId: 78, durationMs: 0
>> [2248] destroy: executionAsyncId: 0 | asyncId: 19
>> [2248] destroy: executionAsyncId: 0 | asyncId: 71
>> [2248] destroy: executionAsyncId: 0 | asyncId: 72
>> [2248] destroy: executionAsyncId: 0 | asyncId: 73
>> [2248] destroy: executionAsyncId: 0 | asyncId: 74
>> [2248] destroy: executionAsyncId: 0 | asyncId: 75
>> [2248] destroy: executionAsyncId: 0 | asyncId: 76
>> [2248] destroy: executionAsyncId: 0 | asyncId: 77
>> [2248] destroy: executionAsyncId: 0 | asyncId: 43
>> [2248] destroy: executionAsyncId: 0 | asyncId: 62
>> [2248] destroy: executionAsyncId: 0 | asyncId: 78
>> [2248] destroy: executionAsyncId: 0 | asyncId: 70
>> [2248] before: executionAsyncId: 14 | asyncId: 14
>> [2248] after: executionAsyncId: 14 | asyncId: 14, durationMs: 0
>> [2248] before: executionAsyncId: 18 | asyncId: 18
>> [2248] after: executionAsyncId: 18 | asyncId: 18, durationMs: 0
>> [2248] before: executionAsyncId: 48 | asyncId: 48
>> [2248] init: executionAsyncId: 48 | asyncId: 79, type: "TickObject", triggerAsyncId: 48, resource: Object
>> [2248] init: executionAsyncId: 48 | asyncId: 80, type: "TickObject", triggerAsyncId: 48, resource: Object
>> [2248] init: executionAsyncId: 48 | asyncId: 81, type: "TickObject", triggerAsyncId: 48, resource: Object
>> [2248] res.finish: executionAsyncId: 48 |
[2248] -- Took 1055ms to flush response for request 3 --
>> [2248] init: executionAsyncId: 48 | asyncId: 82, type: "TickObject", triggerAsyncId: 48, resource: Object
>> [2248] after: executionAsyncId: 48 | asyncId: 48, durationMs: 0
>> [2248] before: executionAsyncId: 79 | asyncId: 79
>> [2248] after: executionAsyncId: 79 | asyncId: 79, durationMs: 0
>> [2248] before: executionAsyncId: 80 | asyncId: 80
>> [2248] init: executionAsyncId: 80 | asyncId: 83, type: "TickObject", triggerAsyncId: 80, resource: Object
>> [2248] init: executionAsyncId: 80 | asyncId: 84, type: "TickObject", triggerAsyncId: 80, resource: Object
>> [2248] init: executionAsyncId: 80 | asyncId: 85, type: "TickObject", triggerAsyncId: 80, resource: Object
>> [2248] after: executionAsyncId: 80 | asyncId: 80, durationMs: 0
>> [2248] before: executionAsyncId: 81 | asyncId: 81
>> [2248] res.close: executionAsyncId: 81 |
>> [2248] after: executionAsyncId: 81 | asyncId: 81, durationMs: 0
>> [2248] before: executionAsyncId: 82 | asyncId: 82
>> [2248] after: executionAsyncId: 82 | asyncId: 82, durationMs: 0
>> [2248] before: executionAsyncId: 83 | asyncId: 83
>> [2248] after: executionAsyncId: 83 | asyncId: 83, durationMs: 0
>> [2248] before: executionAsyncId: 84 | asyncId: 84
>> [2248] after: executionAsyncId: 84 | asyncId: 84, durationMs: 0
>> [2248] before: executionAsyncId: 85 | asyncId: 85
>> [2249] after: executionAsyncId: 85 | asyncId: 85, durationMs: 0
>> [2252] destroy: executionAsyncId: 0 | asyncId: 16
>> [2252] destroy: executionAsyncId: 0 | asyncId: 14
>> [2252] destroy: executionAsyncId: 0 | asyncId: 20
>> [2252] destroy: executionAsyncId: 0 | asyncId: 18
>> [2252] destroy: executionAsyncId: 0 | asyncId: 23
>> [2252] destroy: executionAsyncId: 0 | asyncId: 79
>> [2252] destroy: executionAsyncId: 0 | asyncId: 80
>> [2253] destroy: executionAsyncId: 0 | asyncId: 81
>> [2253] destroy: executionAsyncId: 0 | asyncId: 82
>> [2253] destroy: executionAsyncId: 0 | asyncId: 83
>> [2253] destroy: executionAsyncId: 0 | asyncId: 84
>> [2253] destroy: executionAsyncId: 0 | asyncId: 85
>> [2253] destroy: executionAsyncId: 0 | asyncId: 48
>> [2253] before: executionAsyncId: 22 | asyncId: 22
>> [2253] after: executionAsyncId: 22 | asyncId: 22, durationMs: 0
>> [2253] before: executionAsyncId: 53 | asyncId: 53
>> [2253] init: executionAsyncId: 53 | asyncId: 86, type: "TickObject", triggerAsyncId: 53, resource: Object
>> [2253] init: executionAsyncId: 53 | asyncId: 87, type: "TickObject", triggerAsyncId: 53, resource: Object
>> [2253] init: executionAsyncId: 53 | asyncId: 88, type: "TickObject", triggerAsyncId: 53, resource: Object
>> [2253] res.finish: executionAsyncId: 53 |
[2253] -- Took 621ms to flush response for request 4 --
>> [2253] init: executionAsyncId: 53 | asyncId: 89, type: "TickObject", triggerAsyncId: 53, resource: Object
>> [2253] after: executionAsyncId: 53 | asyncId: 53, durationMs: 0
>> [2253] before: executionAsyncId: 86 | asyncId: 86
>> [2253] after: executionAsyncId: 86 | asyncId: 86, durationMs: 0
>> [2253] before: executionAsyncId: 87 | asyncId: 87
>> [2253] init: executionAsyncId: 87 | asyncId: 90, type: "TickObject", triggerAsyncId: 87, resource: Object
>> [2253] init: executionAsyncId: 87 | asyncId: 91, type: "TickObject", triggerAsyncId: 87, resource: Object
>> [2253] init: executionAsyncId: 87 | asyncId: 92, type: "TickObject", triggerAsyncId: 87, resource: Object
>> [2253] after: executionAsyncId: 87 | asyncId: 87, durationMs: 0
>> [2253] before: executionAsyncId: 88 | asyncId: 88
>> [2253] res.close: executionAsyncId: 88 |
>> [2253] after: executionAsyncId: 88 | asyncId: 88, durationMs: 0
>> [2253] before: executionAsyncId: 89 | asyncId: 89
>> [2253] after: executionAsyncId: 89 | asyncId: 89, durationMs: 0
>> [2253] before: executionAsyncId: 90 | asyncId: 90
>> [2253] after: executionAsyncId: 90 | asyncId: 90, durationMs: 0
>> [2253] before: executionAsyncId: 91 | asyncId: 91
>> [2253] after: executionAsyncId: 91 | asyncId: 91, durationMs: 0
>> [2253] before: executionAsyncId: 92 | asyncId: 92
>> [2253] after: executionAsyncId: 92 | asyncId: 92, durationMs: 0
>> [2254] destroy: executionAsyncId: 0 | asyncId: 24
>> [2254] destroy: executionAsyncId: 0 | asyncId: 22
>> [2254] destroy: executionAsyncId: 0 | asyncId: 27
>> [2254] destroy: executionAsyncId: 0 | asyncId: 86
>> [2254] destroy: executionAsyncId: 0 | asyncId: 87
>> [2254] destroy: executionAsyncId: 0 | asyncId: 88
>> [2254] destroy: executionAsyncId: 0 | asyncId: 89
>> [2254] destroy: executionAsyncId: 0 | asyncId: 90
>> [2254] destroy: executionAsyncId: 0 | asyncId: 91
>> [2254] destroy: executionAsyncId: 0 | asyncId: 92
>> [2254] destroy: executionAsyncId: 0 | asyncId: 53
>> [2254] before: executionAsyncId: 26 | asyncId: 26
>> [2254] after: executionAsyncId: 26 | asyncId: 26, durationMs: 0
>> [2254] before: executionAsyncId: 58 | asyncId: 58
>> [2254] init: executionAsyncId: 58 | asyncId: 93, type: "TickObject", triggerAsyncId: 58, resource: Object
>> [2254] init: executionAsyncId: 58 | asyncId: 94, type: "TickObject", triggerAsyncId: 58, resource: Object
>> [2254] init: executionAsyncId: 58 | asyncId: 95, type: "Timeout", triggerAsyncId: 58, resource: Timeout
>> [2254] res.finish: executionAsyncId: 58 |
[2254] -- Took 177ms to flush response for request 5 --
>> [2254] init: executionAsyncId: 58 | asyncId: 96, type: "TickObject", triggerAsyncId: 58, resource: Object
>> [2254] after: executionAsyncId: 58 | asyncId: 58, durationMs: 0
>> [2254] before: executionAsyncId: 93 | asyncId: 93
>> [2254] init: executionAsyncId: 93 | asyncId: 97, type: "TickObject", triggerAsyncId: 93, resource: Object
>> [2254] init: executionAsyncId: 93 | asyncId: 98, type: "TickObject", triggerAsyncId: 93, resource: Object
>> [2254] init: executionAsyncId: 93 | asyncId: 99, type: "TickObject", triggerAsyncId: 93, resource: Object
>> [2254] after: executionAsyncId: 93 | asyncId: 93, durationMs: 0
>> [2254] before: executionAsyncId: 94 | asyncId: 94
>> [2254] res.close: executionAsyncId: 94 |

Between request 1 resSendEnd and request 2 serializeStart
  - total time: 928 us
  - total cpu time: 412 us
  - total idle time: 516 us
  - number of sync operations: 5
Between request 2 resSendEnd and request 3 serializeStart
  - total time: 407 us
  - total cpu time: 118 us
  - total idle time: 289 us
  - number of sync operations: 5
Between request 3 resSendEnd and request 4 serializeStart
  - total time: 549 us
  - total cpu time: 188 us
  - total idle time: 361 us
  - number of sync operations: 5
Between request 4 resSendEnd and request 5 serializeStart
  - total time: 2074 us
  - total cpu time: 111 us
  - total idle time: 1963 us
  - number of sync operations: 5
Between request 5 resSendEnd and request 1 resFinish
  - total time: 8891 us
  - total cpu time: 159 us
  - total idle time: 8732 us
  - number of sync operations: 6

>> [2255] after: executionAsyncId: 94 | asyncId: 94, durationMs: 0
>> [2255] before: executionAsyncId: 96 | asyncId: 96
>> [2255] after: executionAsyncId: 96 | asyncId: 96, durationMs: 0
>> [2255] before: executionAsyncId: 97 | asyncId: 97
>> [2255] after: executionAsyncId: 97 | asyncId: 97, durationMs: 0
>> [2255] before: executionAsyncId: 98 | asyncId: 98
>> [2255] after: executionAsyncId: 98 | asyncId: 98, durationMs: 0
>> [2255] before: executionAsyncId: 99 | asyncId: 99
>> [2255] after: executionAsyncId: 99 | asyncId: 99, durationMs: 0
>> [2255] destroy: executionAsyncId: 0 | asyncId: 28
>> [2255] destroy: executionAsyncId: 0 | asyncId: 26
>> [2255] destroy: executionAsyncId: 0 | asyncId: 31
>> [2255] destroy: executionAsyncId: 0 | asyncId: 93
>> [2255] destroy: executionAsyncId: 0 | asyncId: 94
>> [2255] destroy: executionAsyncId: 0 | asyncId: 96
>> [2255] destroy: executionAsyncId: 0 | asyncId: 97
>> [2255] destroy: executionAsyncId: 0 | asyncId: 98
>> [2255] destroy: executionAsyncId: 0 | asyncId: 99
>> [2255] destroy: executionAsyncId: 0 | asyncId: 58
>> [2255] before: executionAsyncId: 30 | asyncId: 30
>> [2255] init: executionAsyncId: 30 | asyncId: 100, type: "TickObject", triggerAsyncId: 30, resource: Object
>> [2255] init: executionAsyncId: 30 | asyncId: 101, type: "TickObject", triggerAsyncId: 30, resource: Object
>> [2255] after: executionAsyncId: 30 | asyncId: 30, durationMs: 0
>> [2255] before: executionAsyncId: 100 | asyncId: 100
>> [2255] init: executionAsyncId: 100 | asyncId: 102, type: "TickObject", triggerAsyncId: 100, resource: Object
>> [2255] after: executionAsyncId: 100 | asyncId: 100, durationMs: 0
>> [2255] before: executionAsyncId: 101 | asyncId: 101
>> [2255] after: executionAsyncId: 101 | asyncId: 101, durationMs: 0
>> [2255] before: executionAsyncId: 102 | asyncId: 102
>> [2255] init: executionAsyncId: 102 | asyncId: 103, type: "SHUTDOWNWRAP", triggerAsyncId: 30, resource: ShutdownWrap
>> [2255] after: executionAsyncId: 102 | asyncId: 102, durationMs: 0
>> [2255] destroy: executionAsyncId: 0 | asyncId: 100
>> [2255] destroy: executionAsyncId: 0 | asyncId: 101
>> [2255] destroy: executionAsyncId: 0 | asyncId: 102
>> [2255] before: executionAsyncId: 103 | asyncId: 103
>> [2255] init: executionAsyncId: 103 | asyncId: 104, type: "TickObject", triggerAsyncId: 103, resource: Object
>> [2255] after: executionAsyncId: 103 | asyncId: 103, durationMs: 0
>> [2255] before: executionAsyncId: 104 | asyncId: 104
>> [2255] after: executionAsyncId: 104 | asyncId: 104, durationMs: 0
>> [2255] destroy: executionAsyncId: 0 | asyncId: 95
>> [2255] destroy: executionAsyncId: 0 | asyncId: 104
>> [2256] destroy: executionAsyncId: 0 | asyncId: 103
>> [2256] before: executionAsyncId: 30 | asyncId: 30
>> [2256] after: executionAsyncId: 30 | asyncId: 30, durationMs: 0
