Example app listening on Unix domain socket /tmp/sock!
[18] Serializing response for request 1...
[358] Sending 55MB response for request 1...
[497] - Handler done for request 1 -
[505] -- Took 147ms to flush response for request 1 --
[513] Serializing response for request 2...
[817] Sending 55MB response for request 2...
[928] - Handler done for request 2 -
[937] -- Took 120ms to flush response for request 2 --
[943] Serializing response for request 3...
[1252] Sending 55MB response for request 3...
[1369] - Handler done for request 3 -
[1377] -- Took 125ms to flush response for request 3 --
[1384] Serializing response for request 4...
[1690] Sending 55MB response for request 4...
[1800] - Handler done for request 4 -
[1807] -- Took 117ms to flush response for request 4 --
[1814] Serializing response for request 5...
[2120] Sending 55MB response for request 5...
[2235] - Handler done for request 5 -
[2244] -- Took 124ms to flush response for request 5 --
