>> init: executionAsyncId: 0 | asyncId: 8, type: "PIPESERVERWRAP", triggerAsyncId: 0, resource: Pipe
>> init: executionAsyncId: 0 | asyncId: 9, type: "TickObject", triggerAsyncId: 8, resource: Object
>> before: executionAsyncId: 9 | asyncId: 9
Example app listening on Unix domain socket /tmp/sock!
>> init: executionAsyncId: 9 | asyncId: 13, type: "TickObject", triggerAsyncId: 9, resource: Object
>> after: executionAsyncId: 9 | asyncId: 9, durationMs: 1
>> before: executionAsyncId: 13 | asyncId: 13
>> after: executionAsyncId: 13 | asyncId: 13, durationMs: 0
>> destroy: executionAsyncId: 0 | asyncId: 9
>> destroy: executionAsyncId: 0 | asyncId: 13
>> init: executionAsyncId: 0 | asyncId: 14, type: "PIPEWRAP", triggerAsyncId: 8, resource: Pipe
>> before: executionAsyncId: 8 | asyncId: 8
>> init: executionAsyncId: 8 | asyncId: 15, type: "Timeout", triggerAsyncId: 14, resource: Timeout
>> init: executionAsyncId: 8 | asyncId: 16, type: "HTTPINCOMINGMESSAGE", triggerAsyncId: 14, resource: HTTPServerAsyncResource
>> init: executionAsyncId: 8 | asyncId: 17, type: "TickObject", triggerAsyncId: 14, resource: Object
>> after: executionAsyncId: 8 | asyncId: 8, durationMs: 1
>> before: executionAsyncId: 17 | asyncId: 17
>> after: executionAsyncId: 17 | asyncId: 17, durationMs: 0
>> destroy: executionAsyncId: 0 | asyncId: 17
>> init: executionAsyncId: 0 | asyncId: 18, type: "PIPEWRAP", triggerAsyncId: 8, resource: Pipe
>> before: executionAsyncId: 8 | asyncId: 8
>> init: executionAsyncId: 8 | asyncId: 19, type: "Timeout", triggerAsyncId: 18, resource: Timeout
>> init: executionAsyncId: 8 | asyncId: 20, type: "HTTPINCOMINGMESSAGE", triggerAsyncId: 18, resource: HTTPServerAsyncResource
>> init: executionAsyncId: 8 | asyncId: 21, type: "TickObject", triggerAsyncId: 18, resource: Object
>> after: executionAsyncId: 8 | asyncId: 8, durationMs: 0
>> before: executionAsyncId: 21 | asyncId: 21
>> after: executionAsyncId: 21 | asyncId: 21, durationMs: 0
>> before: executionAsyncId: 16 | asyncId: 16
>> init: executionAsyncId: 16 | asyncId: 22, type: "PROMISE", triggerAsyncId: 16, resource: PromiseWrap
>> init: executionAsyncId: 16 | asyncId: 23, type: "Immediate", triggerAsyncId: 16, resource: Immediate
>> after: executionAsyncId: 16 | asyncId: 16, durationMs: 2
>> before: executionAsyncId: 16 | asyncId: 16
>> init: executionAsyncId: 16 | asyncId: 24, type: "TickObject", triggerAsyncId: 16, resource: Object
>> after: executionAsyncId: 16 | asyncId: 16, durationMs: 0
>> before: executionAsyncId: 16 | asyncId: 16
>> after: executionAsyncId: 16 | asyncId: 16, durationMs: 0
>> before: executionAsyncId: 24 | asyncId: 24
>> after: executionAsyncId: 24 | asyncId: 24, durationMs: 0
>> destroy: executionAsyncId: 0 | asyncId: 21
>> destroy: executionAsyncId: 0 | asyncId: 24
>> before: executionAsyncId: 23 | asyncId: 23
>> init: executionAsyncId: 23 | asyncId: 25, type: "PROMISE", triggerAsyncId: 23, resource: PromiseWrap
>> init: executionAsyncId: 23 | asyncId: 26, type: "PROMISE", triggerAsyncId: 23, resource: PromiseWrap
>> init: executionAsyncId: 23 | asyncId: 27, type: "PROMISE", triggerAsyncId: 23, resource: PromiseWrap
>> init: executionAsyncId: 23 | asyncId: 28, type: "Timeout", triggerAsyncId: 23, resource: Timeout
>> init: executionAsyncId: 23 | asyncId: 29, type: "PROMISE", triggerAsyncId: 27, resource: PromiseWrap
>> init: executionAsyncId: 23 | asyncId: 30, type: "PROMISE", triggerAsyncId: 26, resource: PromiseWrap
>> after: executionAsyncId: 23 | asyncId: 23, durationMs: 1
>> before: executionAsyncId: 20 | asyncId: 20
>> init: executionAsyncId: 20 | asyncId: 31, type: "PROMISE", triggerAsyncId: 20, resource: PromiseWrap
>> [1] init: executionAsyncId: 20 | asyncId: 32, type: "Immediate", triggerAsyncId: 20, resource: Immediate
>> [1] after: executionAsyncId: 20 | asyncId: 20, durationMs: 0
>> [1] before: executionAsyncId: 20 | asyncId: 20
>> [1] init: executionAsyncId: 20 | asyncId: 33, type: "TickObject", triggerAsyncId: 20, resource: Object
>> [1] after: executionAsyncId: 20 | asyncId: 20, durationMs: 0
>> [1] before: executionAsyncId: 20 | asyncId: 20
>> [1] after: executionAsyncId: 20 | asyncId: 20, durationMs: 0
>> [1] before: executionAsyncId: 33 | asyncId: 33
>> [1] after: executionAsyncId: 33 | asyncId: 33, durationMs: 0
>> [1] destroy: executionAsyncId: 0 | asyncId: 23
>> [1] destroy: executionAsyncId: 0 | asyncId: 33
>> [1] before: executionAsyncId: 32 | asyncId: 32
>> [1] after: executionAsyncId: 32 | asyncId: 32, durationMs: 0
>> [1] before: executionAsyncId: 28 | asyncId: 28
>> [1] after: executionAsyncId: 28 | asyncId: 28, durationMs: 0
>> [1] before: executionAsyncId: 29 | asyncId: 29
>> [1] init: executionAsyncId: 29 | asyncId: 34, type: "PROMISE", triggerAsyncId: 29, resource: PromiseWrap
>> [1] init: executionAsyncId: 29 | asyncId: 35, type: "Timeout", triggerAsyncId: 29, resource: Timeout
>> [1] init: executionAsyncId: 29 | asyncId: 36, type: "PROMISE", triggerAsyncId: 34, resource: PromiseWrap
>> [1] after: executionAsyncId: 29 | asyncId: 29, durationMs: 0
>> [3] destroy: executionAsyncId: 0 | asyncId: 32
>> [3] destroy: executionAsyncId: 0 | asyncId: 28
>> [3] before: executionAsyncId: 35 | asyncId: 35
>> [3] after: executionAsyncId: 35 | asyncId: 35, durationMs: 0
>> [3] before: executionAsyncId: 36 | asyncId: 36
>> [3] init: executionAsyncId: 36 | asyncId: 37, type: "PROMISE", triggerAsyncId: 36, resource: PromiseWrap
>> [3] init: executionAsyncId: 36 | asyncId: 38, type: "Timeout", triggerAsyncId: 36, resource: Timeout
>> [3] init: executionAsyncId: 36 | asyncId: 39, type: "PROMISE", triggerAsyncId: 37, resource: PromiseWrap
>> [3] after: executionAsyncId: 36 | asyncId: 36, durationMs: 0
>> [4] destroy: executionAsyncId: 0 | asyncId: 35
>> [4] before: executionAsyncId: 38 | asyncId: 38
>> [4] after: executionAsyncId: 38 | asyncId: 38, durationMs: 0
>> [4] before: executionAsyncId: 39 | asyncId: 39
>> [4] init: executionAsyncId: 39 | asyncId: 40, type: "PROMISE", triggerAsyncId: 39, resource: PromiseWrap
>> [4] init: executionAsyncId: 39 | asyncId: 41, type: "Timeout", triggerAsyncId: 39, resource: Timeout
>> [4] init: executionAsyncId: 39 | asyncId: 42, type: "PROMISE", triggerAsyncId: 40, resource: PromiseWrap
>> [4] after: executionAsyncId: 39 | asyncId: 39, durationMs: 0
>> [5] destroy: executionAsyncId: 0 | asyncId: 38
>> [5] before: executionAsyncId: 41 | asyncId: 41
>> [5] after: executionAsyncId: 41 | asyncId: 41, durationMs: 0
>> [6] before: executionAsyncId: 42 | asyncId: 42
>> [6] init: executionAsyncId: 42 | asyncId: 43, type: "PROMISE", triggerAsyncId: 42, resource: PromiseWrap
>> [6] init: executionAsyncId: 42 | asyncId: 44, type: "Timeout", triggerAsyncId: 42, resource: Timeout
>> [6] init: executionAsyncId: 42 | asyncId: 45, type: "PROMISE", triggerAsyncId: 43, resource: PromiseWrap
>> [6] after: executionAsyncId: 42 | asyncId: 42, durationMs: 0
>> [7] destroy: executionAsyncId: 0 | asyncId: 41
>> [7] before: executionAsyncId: 44 | asyncId: 44
>> [7] after: executionAsyncId: 44 | asyncId: 44, durationMs: 0
>> [7] before: executionAsyncId: 45 | asyncId: 45
>> [7] init: executionAsyncId: 45 | asyncId: 46, type: "PROMISE", triggerAsyncId: 45, resource: PromiseWrap
>> [7] init: executionAsyncId: 45 | asyncId: 47, type: "Timeout", triggerAsyncId: 45, resource: Timeout
>> [7] init: executionAsyncId: 45 | asyncId: 48, type: "PROMISE", triggerAsyncId: 46, resource: PromiseWrap
>> [7] after: executionAsyncId: 45 | asyncId: 45, durationMs: 0
>> [8] destroy: executionAsyncId: 0 | asyncId: 44
>> [8] before: executionAsyncId: 47 | asyncId: 47
>> [8] after: executionAsyncId: 47 | asyncId: 47, durationMs: 0
>> [8] before: executionAsyncId: 48 | asyncId: 48
>> [8] init: executionAsyncId: 48 | asyncId: 49, type: "PROMISE", triggerAsyncId: 48, resource: PromiseWrap
>> [8] init: executionAsyncId: 48 | asyncId: 50, type: "Timeout", triggerAsyncId: 48, resource: Timeout
>> [8] init: executionAsyncId: 48 | asyncId: 51, type: "PROMISE", triggerAsyncId: 49, resource: PromiseWrap
>> [9] after: executionAsyncId: 48 | asyncId: 48, durationMs: 0
>> [10] destroy: executionAsyncId: 0 | asyncId: 47
>> [10] before: executionAsyncId: 50 | asyncId: 50
>> [10] after: executionAsyncId: 50 | asyncId: 50, durationMs: 0
>> [10] before: executionAsyncId: 51 | asyncId: 51
>> [10] init: executionAsyncId: 51 | asyncId: 52, type: "PROMISE", triggerAsyncId: 51, resource: PromiseWrap
>> [10] init: executionAsyncId: 51 | asyncId: 53, type: "Timeout", triggerAsyncId: 51, resource: Timeout
>> [10] init: executionAsyncId: 51 | asyncId: 54, type: "PROMISE", triggerAsyncId: 52, resource: PromiseWrap
>> [10] after: executionAsyncId: 51 | asyncId: 51, durationMs: 0
>> [11] destroy: executionAsyncId: 0 | asyncId: 50
>> [11] before: executionAsyncId: 53 | asyncId: 53
>> [11] after: executionAsyncId: 53 | asyncId: 53, durationMs: 0
>> [11] before: executionAsyncId: 54 | asyncId: 54
>> [11] init: executionAsyncId: 54 | asyncId: 55, type: "PROMISE", triggerAsyncId: 54, resource: PromiseWrap
>> [11] init: executionAsyncId: 54 | asyncId: 56, type: "Timeout", triggerAsyncId: 54, resource: Timeout
>> [11] init: executionAsyncId: 54 | asyncId: 57, type: "PROMISE", triggerAsyncId: 55, resource: PromiseWrap
>> [11] after: executionAsyncId: 54 | asyncId: 54, durationMs: 0
>> [12] destroy: executionAsyncId: 0 | asyncId: 53
>> [12] before: executionAsyncId: 56 | asyncId: 56
>> [12] after: executionAsyncId: 56 | asyncId: 56, durationMs: 0
>> [13] before: executionAsyncId: 57 | asyncId: 57
>> [13] init: executionAsyncId: 57 | asyncId: 58, type: "PROMISE", triggerAsyncId: 57, resource: PromiseWrap
>> [13] init: executionAsyncId: 57 | asyncId: 59, type: "Timeout", triggerAsyncId: 57, resource: Timeout
>> [13] init: executionAsyncId: 57 | asyncId: 60, type: "PROMISE", triggerAsyncId: 58, resource: PromiseWrap
>> [13] after: executionAsyncId: 57 | asyncId: 57, durationMs: 0
>> [14] destroy: executionAsyncId: 0 | asyncId: 56
>> [14] before: executionAsyncId: 59 | asyncId: 59
>> [14] after: executionAsyncId: 59 | asyncId: 59, durationMs: 0
>> [14] before: executionAsyncId: 60 | asyncId: 60
>> [14] init: executionAsyncId: 60 | asyncId: 61, type: "PROMISE", triggerAsyncId: 60, resource: PromiseWrap
>> [14] init: executionAsyncId: 60 | asyncId: 62, type: "Timeout", triggerAsyncId: 60, resource: Timeout
>> [14] init: executionAsyncId: 60 | asyncId: 63, type: "PROMISE", triggerAsyncId: 61, resource: PromiseWrap
>> [14] after: executionAsyncId: 60 | asyncId: 60, durationMs: 0
>> [15] destroy: executionAsyncId: 0 | asyncId: 59
>> [15] before: executionAsyncId: 62 | asyncId: 62
>> [15] after: executionAsyncId: 62 | asyncId: 62, durationMs: 0
>> [15] before: executionAsyncId: 63 | asyncId: 63
>> [15] init: executionAsyncId: 63 | asyncId: 64, type: "PROMISE", triggerAsyncId: 63, resource: PromiseWrap
>> [15] init: executionAsyncId: 63 | asyncId: 65, type: "Timeout", triggerAsyncId: 63, resource: Timeout
>> [15] init: executionAsyncId: 63 | asyncId: 66, type: "PROMISE", triggerAsyncId: 64, resource: PromiseWrap
>> [15] after: executionAsyncId: 63 | asyncId: 63, durationMs: 0
>> [16] destroy: executionAsyncId: 0 | asyncId: 62
>> [16] before: executionAsyncId: 65 | asyncId: 65
>> [16] after: executionAsyncId: 65 | asyncId: 65, durationMs: 0
>> [16] before: executionAsyncId: 66 | asyncId: 66
>> [16] init: executionAsyncId: 66 | asyncId: 67, type: "PROMISE", triggerAsyncId: 66, resource: PromiseWrap
>> [16] init: executionAsyncId: 66 | asyncId: 68, type: "Timeout", triggerAsyncId: 66, resource: Timeout
>> [16] init: executionAsyncId: 66 | asyncId: 69, type: "PROMISE", triggerAsyncId: 67, resource: PromiseWrap
>> [16] after: executionAsyncId: 66 | asyncId: 66, durationMs: 0
>> [18] destroy: executionAsyncId: 0 | asyncId: 65
>> [18] before: executionAsyncId: 68 | asyncId: 68
>> [18] after: executionAsyncId: 68 | asyncId: 68, durationMs: 0
>> [18] before: executionAsyncId: 69 | asyncId: 69
>> [18] init: executionAsyncId: 69 | asyncId: 70, type: "PROMISE", triggerAsyncId: 69, resource: PromiseWrap
>> [18] init: executionAsyncId: 69 | asyncId: 71, type: "Timeout", triggerAsyncId: 69, resource: Timeout
>> [18] init: executionAsyncId: 69 | asyncId: 72, type: "PROMISE", triggerAsyncId: 70, resource: PromiseWrap
>> [18] after: executionAsyncId: 69 | asyncId: 69, durationMs: 0
>> [19] destroy: executionAsyncId: 0 | asyncId: 68
>> [19] before: executionAsyncId: 71 | asyncId: 71
>> [19] after: executionAsyncId: 71 | asyncId: 71, durationMs: 0
>> [19] before: executionAsyncId: 72 | asyncId: 72
[19] Serializing response for request 1...
>> [19] init: executionAsyncId: 72 | asyncId: 73, type: "TickObject", triggerAsyncId: 72, resource: Object
[350] Sending 55MB response for request 1...
>> [485] init: executionAsyncId: 72 | asyncId: 74, type: "Timeout", triggerAsyncId: 72, resource: Timeout
>> [486] init: executionAsyncId: 72 | asyncId: 75, type: "WRITEWRAP", triggerAsyncId: 14, resource: WriteWrap
[487] - Handler done for request 1 -
>> [487] after: executionAsyncId: 72 | asyncId: 72, durationMs: 467, event loop blocked!
>> [487] before: executionAsyncId: 30 | asyncId: 30
>> [487] init: executionAsyncId: 30 | asyncId: 76, type: "PROMISE", triggerAsyncId: 30, resource: PromiseWrap
>> [487] init: executionAsyncId: 30 | asyncId: 77, type: "PROMISE", triggerAsyncId: 30, resource: PromiseWrap
>> [487] init: executionAsyncId: 30 | asyncId: 78, type: "PROMISE", triggerAsyncId: 30, resource: PromiseWrap
>> [487] init: executionAsyncId: 30 | asyncId: 79, type: "Timeout", triggerAsyncId: 30, resource: Timeout
>> [487] init: executionAsyncId: 30 | asyncId: 80, type: "PROMISE", triggerAsyncId: 78, resource: PromiseWrap
>> [487] init: executionAsyncId: 30 | asyncId: 81, type: "PROMISE", triggerAsyncId: 77, resource: PromiseWrap
>> [487] after: executionAsyncId: 30 | asyncId: 30, durationMs: 0
>> [487] before: executionAsyncId: 73 | asyncId: 73
>> [487] after: executionAsyncId: 73 | asyncId: 73, durationMs: 0
>> [488] destroy: executionAsyncId: 0 | asyncId: 71
>> [488] destroy: executionAsyncId: 0 | asyncId: 55
>> [488] destroy: executionAsyncId: 0 | asyncId: 57
>> [488] destroy: executionAsyncId: 0 | asyncId: 52
>> [488] destroy: executionAsyncId: 0 | asyncId: 54
>> [488] destroy: executionAsyncId: 0 | asyncId: 49
>> [488] destroy: executionAsyncId: 0 | asyncId: 51
>> [488] destroy: executionAsyncId: 0 | asyncId: 48
>> [488] destroy: executionAsyncId: 0 | asyncId: 46
>> [488] destroy: executionAsyncId: 0 | asyncId: 45
>> [488] destroy: executionAsyncId: 0 | asyncId: 40
>> [488] destroy: executionAsyncId: 0 | asyncId: 42
>> [488] destroy: executionAsyncId: 0 | asyncId: 37
>> [488] destroy: executionAsyncId: 0 | asyncId: 39
>> [488] destroy: executionAsyncId: 0 | asyncId: 34
>> [488] destroy: executionAsyncId: 0 | asyncId: 36
>> [488] destroy: executionAsyncId: 0 | asyncId: 31
>> [488] destroy: executionAsyncId: 0 | asyncId: 58
>> [488] destroy: executionAsyncId: 0 | asyncId: 60
>> [488] destroy: executionAsyncId: 0 | asyncId: 61
>> [488] destroy: executionAsyncId: 0 | asyncId: 63
>> [488] destroy: executionAsyncId: 0 | asyncId: 64
>> [488] destroy: executionAsyncId: 0 | asyncId: 66
>> [488] destroy: executionAsyncId: 0 | asyncId: 67
>> [488] destroy: executionAsyncId: 0 | asyncId: 69
>> [488] destroy: executionAsyncId: 0 | asyncId: 70
>> [488] destroy: executionAsyncId: 0 | asyncId: 27
>> [488] destroy: executionAsyncId: 0 | asyncId: 29
>> [488] destroy: executionAsyncId: 0 | asyncId: 43
>> [488] destroy: executionAsyncId: 0 | asyncId: 22
>> [488] destroy: executionAsyncId: 0 | asyncId: 12
>> [488] destroy: executionAsyncId: 0 | asyncId: 10
>> [488] destroy: executionAsyncId: 0 | asyncId: 11
>> [488] destroy: executionAsyncId: 0 | asyncId: 73
>> [488] before: executionAsyncId: 79 | asyncId: 79
>> [488] after: executionAsyncId: 79 | asyncId: 79, durationMs: 0
>> [488] before: executionAsyncId: 80 | asyncId: 80
>> [488] init: executionAsyncId: 80 | asyncId: 82, type: "PROMISE", triggerAsyncId: 80, resource: PromiseWrap
>> [488] init: executionAsyncId: 80 | asyncId: 83, type: "Timeout", triggerAsyncId: 80, resource: Timeout
>> [488] init: executionAsyncId: 80 | asyncId: 84, type: "PROMISE", triggerAsyncId: 82, resource: PromiseWrap
>> [488] after: executionAsyncId: 80 | asyncId: 80, durationMs: 0
>> [489] destroy: executionAsyncId: 0 | asyncId: 79
>> [489] before: executionAsyncId: 83 | asyncId: 83
>> [489] after: executionAsyncId: 83 | asyncId: 83, durationMs: 0
>> [489] before: executionAsyncId: 84 | asyncId: 84
>> [489] init: executionAsyncId: 84 | asyncId: 85, type: "PROMISE", triggerAsyncId: 84, resource: PromiseWrap
>> [489] init: executionAsyncId: 84 | asyncId: 86, type: "Timeout", triggerAsyncId: 84, resource: Timeout
>> [489] init: executionAsyncId: 84 | asyncId: 87, type: "PROMISE", triggerAsyncId: 85, resource: PromiseWrap
>> [489] after: executionAsyncId: 84 | asyncId: 84, durationMs: 0
>> [489] destroy: executionAsyncId: 0 | asyncId: 83
>> [489] before: executionAsyncId: 86 | asyncId: 86
>> [489] after: executionAsyncId: 86 | asyncId: 86, durationMs: 0
>> [489] before: executionAsyncId: 87 | asyncId: 87
>> [489] init: executionAsyncId: 87 | asyncId: 88, type: "PROMISE", triggerAsyncId: 87, resource: PromiseWrap
>> [490] init: executionAsyncId: 87 | asyncId: 89, type: "Timeout", triggerAsyncId: 87, resource: Timeout
>> [490] init: executionAsyncId: 87 | asyncId: 90, type: "PROMISE", triggerAsyncId: 88, resource: PromiseWrap
>> [490] after: executionAsyncId: 87 | asyncId: 87, durationMs: 0
>> [491] destroy: executionAsyncId: 0 | asyncId: 86
>> [491] before: executionAsyncId: 89 | asyncId: 89
>> [491] after: executionAsyncId: 89 | asyncId: 89, durationMs: 0
>> [491] before: executionAsyncId: 90 | asyncId: 90
>> [491] init: executionAsyncId: 90 | asyncId: 91, type: "PROMISE", triggerAsyncId: 90, resource: PromiseWrap
>> [491] init: executionAsyncId: 90 | asyncId: 92, type: "Timeout", triggerAsyncId: 90, resource: Timeout
>> [491] init: executionAsyncId: 90 | asyncId: 93, type: "PROMISE", triggerAsyncId: 91, resource: PromiseWrap
>> [491] after: executionAsyncId: 90 | asyncId: 90, durationMs: 0
>> [496] destroy: executionAsyncId: 0 | asyncId: 89
>> [496] before: executionAsyncId: 92 | asyncId: 92
>> [496] after: executionAsyncId: 92 | asyncId: 92, durationMs: 0
>> [496] before: executionAsyncId: 93 | asyncId: 93
>> [496] init: executionAsyncId: 93 | asyncId: 94, type: "PROMISE", triggerAsyncId: 93, resource: PromiseWrap
>> [496] init: executionAsyncId: 93 | asyncId: 95, type: "Timeout", triggerAsyncId: 93, resource: Timeout
>> [496] init: executionAsyncId: 93 | asyncId: 96, type: "PROMISE", triggerAsyncId: 94, resource: PromiseWrap
>> [496] after: executionAsyncId: 93 | asyncId: 93, durationMs: 0
>> [496] before: executionAsyncId: 75 | asyncId: 75
>> [496] init: executionAsyncId: 75 | asyncId: 97, type: "TickObject", triggerAsyncId: 75, resource: Object
>> [497] init: executionAsyncId: 75 | asyncId: 98, type: "TickObject", triggerAsyncId: 75, resource: Object
>> [497] init: executionAsyncId: 75 | asyncId: 99, type: "TickObject", triggerAsyncId: 75, resource: Object
>> [497] res.finish: executionAsyncId: 75 |
[497] -- Took 147ms to flush response for request 1 --
>> [497] init: executionAsyncId: 75 | asyncId: 100, type: "TickObject", triggerAsyncId: 75, resource: Object
>> [497] after: executionAsyncId: 75 | asyncId: 75, durationMs: 1
>> [497] before: executionAsyncId: 97 | asyncId: 97
>> [497] after: executionAsyncId: 97 | asyncId: 97, durationMs: 0
>> [497] before: executionAsyncId: 98 | asyncId: 98
>> [497] init: executionAsyncId: 98 | asyncId: 101, type: "TickObject", triggerAsyncId: 98, resource: Object
>> [497] init: executionAsyncId: 98 | asyncId: 102, type: "TickObject", triggerAsyncId: 98, resource: Object
>> [497] init: executionAsyncId: 98 | asyncId: 103, type: "TickObject", triggerAsyncId: 98, resource: Object
>> [497] after: executionAsyncId: 98 | asyncId: 98, durationMs: 0
>> [497] before: executionAsyncId: 99 | asyncId: 99
>> [497] res.close: executionAsyncId: 99 |
>> [497] after: executionAsyncId: 99 | asyncId: 99, durationMs: 0
>> [497] before: executionAsyncId: 100 | asyncId: 100
>> [497] after: executionAsyncId: 100 | asyncId: 100, durationMs: 0
>> [497] before: executionAsyncId: 101 | asyncId: 101
>> [497] after: executionAsyncId: 101 | asyncId: 101, durationMs: 0
>> [497] before: executionAsyncId: 102 | asyncId: 102
>> [497] after: executionAsyncId: 102 | asyncId: 102, durationMs: 0
>> [497] before: executionAsyncId: 103 | asyncId: 103
>> [498] after: executionAsyncId: 103 | asyncId: 103, durationMs: 0
>> [498] destroy: executionAsyncId: 0 | asyncId: 92
>> [498] destroy: executionAsyncId: 0 | asyncId: 15
>> [498] destroy: executionAsyncId: 0 | asyncId: 97
>> [498] destroy: executionAsyncId: 0 | asyncId: 98
>> [498] destroy: executionAsyncId: 0 | asyncId: 99
>> [498] destroy: executionAsyncId: 0 | asyncId: 100
>> [498] destroy: executionAsyncId: 0 | asyncId: 101
>> [498] destroy: executionAsyncId: 0 | asyncId: 102
>> [498] destroy: executionAsyncId: 0 | asyncId: 103
>> [498] destroy: executionAsyncId: 0 | asyncId: 75
>> [498] before: executionAsyncId: 14 | asyncId: 14
>> [498] after: executionAsyncId: 14 | asyncId: 14, durationMs: 0
>> [498] before: executionAsyncId: 95 | asyncId: 95
>> [498] after: executionAsyncId: 95 | asyncId: 95, durationMs: 0
>> [498] before: executionAsyncId: 96 | asyncId: 96
>> [498] init: executionAsyncId: 96 | asyncId: 104, type: "PROMISE", triggerAsyncId: 96, resource: PromiseWrap
>> [498] init: executionAsyncId: 96 | asyncId: 105, type: "Timeout", triggerAsyncId: 96, resource: Timeout
>> [498] init: executionAsyncId: 96 | asyncId: 106, type: "PROMISE", triggerAsyncId: 104, resource: PromiseWrap
>> [498] after: executionAsyncId: 96 | asyncId: 96, durationMs: 0
>> [498] destroy: executionAsyncId: 0 | asyncId: 16
>> [498] destroy: executionAsyncId: 0 | asyncId: 14
>> [498] destroy: executionAsyncId: 0 | asyncId: 95
>> [499] before: executionAsyncId: 105 | asyncId: 105
>> [499] after: executionAsyncId: 105 | asyncId: 105, durationMs: 0
>> [499] before: executionAsyncId: 106 | asyncId: 106
>> [499] init: executionAsyncId: 106 | asyncId: 107, type: "PROMISE", triggerAsyncId: 106, resource: PromiseWrap
>> [499] init: executionAsyncId: 106 | asyncId: 108, type: "Timeout", triggerAsyncId: 106, resource: Timeout
>> [499] init: executionAsyncId: 106 | asyncId: 109, type: "PROMISE", triggerAsyncId: 107, resource: PromiseWrap
>> [499] after: executionAsyncId: 106 | asyncId: 106, durationMs: 0
>> [501] destroy: executionAsyncId: 0 | asyncId: 105
>> [501] before: executionAsyncId: 108 | asyncId: 108
>> [501] after: executionAsyncId: 108 | asyncId: 108, durationMs: 0
>> [501] before: executionAsyncId: 109 | asyncId: 109
>> [501] init: executionAsyncId: 109 | asyncId: 110, type: "PROMISE", triggerAsyncId: 109, resource: PromiseWrap
>> [501] init: executionAsyncId: 109 | asyncId: 111, type: "Timeout", triggerAsyncId: 109, resource: Timeout
>> [501] init: executionAsyncId: 109 | asyncId: 112, type: "PROMISE", triggerAsyncId: 110, resource: PromiseWrap
>> [501] after: executionAsyncId: 109 | asyncId: 109, durationMs: 0
>> [502] destroy: executionAsyncId: 0 | asyncId: 108
>> [503] before: executionAsyncId: 111 | asyncId: 111
>> [503] after: executionAsyncId: 111 | asyncId: 111, durationMs: 0
>> [503] before: executionAsyncId: 112 | asyncId: 112
>> [503] init: executionAsyncId: 112 | asyncId: 113, type: "PROMISE", triggerAsyncId: 112, resource: PromiseWrap
>> [503] init: executionAsyncId: 112 | asyncId: 114, type: "Timeout", triggerAsyncId: 112, resource: Timeout
>> [503] init: executionAsyncId: 112 | asyncId: 115, type: "PROMISE", triggerAsyncId: 113, resource: PromiseWrap
>> [503] after: executionAsyncId: 112 | asyncId: 112, durationMs: 0
>> [504] destroy: executionAsyncId: 0 | asyncId: 111
>> [504] before: executionAsyncId: 114 | asyncId: 114
>> [504] after: executionAsyncId: 114 | asyncId: 114, durationMs: 0
>> [504] before: executionAsyncId: 115 | asyncId: 115
>> [504] init: executionAsyncId: 115 | asyncId: 116, type: "PROMISE", triggerAsyncId: 115, resource: PromiseWrap
>> [504] init: executionAsyncId: 115 | asyncId: 117, type: "Timeout", triggerAsyncId: 115, resource: Timeout
>> [504] init: executionAsyncId: 115 | asyncId: 118, type: "PROMISE", triggerAsyncId: 116, resource: PromiseWrap
>> [504] after: executionAsyncId: 115 | asyncId: 115, durationMs: 0
>> [506] destroy: executionAsyncId: 0 | asyncId: 114
>> [506] before: executionAsyncId: 117 | asyncId: 117
>> [506] after: executionAsyncId: 117 | asyncId: 117, durationMs: 0
>> [506] before: executionAsyncId: 118 | asyncId: 118
>> [506] init: executionAsyncId: 118 | asyncId: 119, type: "PROMISE", triggerAsyncId: 118, resource: PromiseWrap
>> [506] init: executionAsyncId: 118 | asyncId: 120, type: "Timeout", triggerAsyncId: 118, resource: Timeout
>> [506] init: executionAsyncId: 118 | asyncId: 121, type: "PROMISE", triggerAsyncId: 119, resource: PromiseWrap
>> [506] after: executionAsyncId: 118 | asyncId: 118, durationMs: 0
>> [507] destroy: executionAsyncId: 0 | asyncId: 117
>> [507] before: executionAsyncId: 120 | asyncId: 120
>> [507] after: executionAsyncId: 120 | asyncId: 120, durationMs: 0
>> [507] before: executionAsyncId: 121 | asyncId: 121
>> [507] init: executionAsyncId: 121 | asyncId: 122, type: "PROMISE", triggerAsyncId: 121, resource: PromiseWrap
>> [507] init: executionAsyncId: 121 | asyncId: 123, type: "Timeout", triggerAsyncId: 121, resource: Timeout
>> [507] init: executionAsyncId: 121 | asyncId: 124, type: "PROMISE", triggerAsyncId: 122, resource: PromiseWrap
>> [508] after: executionAsyncId: 121 | asyncId: 121, durationMs: 0
>> [509] destroy: executionAsyncId: 0 | asyncId: 120
>> [509] before: executionAsyncId: 123 | asyncId: 123
>> [509] after: executionAsyncId: 123 | asyncId: 123, durationMs: 0
>> [509] before: executionAsyncId: 124 | asyncId: 124
>> [509] init: executionAsyncId: 124 | asyncId: 125, type: "PROMISE", triggerAsyncId: 124, resource: PromiseWrap
>> [509] init: executionAsyncId: 124 | asyncId: 126, type: "Timeout", triggerAsyncId: 124, resource: Timeout
>> [509] init: executionAsyncId: 124 | asyncId: 127, type: "PROMISE", triggerAsyncId: 125, resource: PromiseWrap
>> [509] after: executionAsyncId: 124 | asyncId: 124, durationMs: 0
>> [510] destroy: executionAsyncId: 0 | asyncId: 123
>> [510] before: executionAsyncId: 126 | asyncId: 126
>> [511] after: executionAsyncId: 126 | asyncId: 126, durationMs: 0
>> [511] before: executionAsyncId: 127 | asyncId: 127
[511] Serializing response for request 2...
>> [511] init: executionAsyncId: 127 | asyncId: 128, type: "TickObject", triggerAsyncId: 127, resource: Object
[826] Sending 55MB response for request 2...
>> [936] init: executionAsyncId: 127 | asyncId: 129, type: "WRITEWRAP", triggerAsyncId: 18, resource: WriteWrap
[936] - Handler done for request 2 -
>> [936] after: executionAsyncId: 127 | asyncId: 127, durationMs: 425, event loop blocked!
>> [936] before: executionAsyncId: 81 | asyncId: 81
>> [936] after: executionAsyncId: 81 | asyncId: 81, durationMs: 0
>> [936] before: executionAsyncId: 128 | asyncId: 128
>> [936] after: executionAsyncId: 128 | asyncId: 128, durationMs: 0
>> [936] destroy: executionAsyncId: 0 | asyncId: 126
>> [936] destroy: executionAsyncId: 0 | asyncId: 128
>> [944] before: executionAsyncId: 129 | asyncId: 129
>> [944] init: executionAsyncId: 129 | asyncId: 130, type: "TickObject", triggerAsyncId: 129, resource: Object
>> [945] init: executionAsyncId: 129 | asyncId: 131, type: "TickObject", triggerAsyncId: 129, resource: Object
>> [945] init: executionAsyncId: 129 | asyncId: 132, type: "Timeout", triggerAsyncId: 129, resource: Timeout
>> [945] res.finish: executionAsyncId: 129 |
[945] -- Took 119ms to flush response for request 2 --
>> [945] init: executionAsyncId: 129 | asyncId: 133, type: "TickObject", triggerAsyncId: 129, resource: Object
>> [945] after: executionAsyncId: 129 | asyncId: 129, durationMs: 1
>> [945] before: executionAsyncId: 130 | asyncId: 130
>> [945] init: executionAsyncId: 130 | asyncId: 134, type: "TickObject", triggerAsyncId: 130, resource: Object
>> [945] init: executionAsyncId: 130 | asyncId: 135, type: "TickObject", triggerAsyncId: 130, resource: Object
>> [945] init: executionAsyncId: 130 | asyncId: 136, type: "TickObject", triggerAsyncId: 130, resource: Object
>> [945] after: executionAsyncId: 130 | asyncId: 130, durationMs: 0
>> [945] before: executionAsyncId: 131 | asyncId: 131
>> [945] res.close: executionAsyncId: 131 |

Between request 1 resSendEnd and request 1 resFinish
  - total time: 10349 us
  - total cpu time: 630 us
  - total idle time: 9719 us
  - number of sync operations: 13
Between request 2 resSendEnd and request 2 resFinish
  - total time: 9152 us
  - total cpu time: 77 us
  - total idle time: 9075 us
  - number of sync operations: 3

>> [946] after: executionAsyncId: 131 | asyncId: 131, durationMs: 1
>> [946] before: executionAsyncId: 133 | asyncId: 133
>> [946] after: executionAsyncId: 133 | asyncId: 133, durationMs: 0
>> [946] before: executionAsyncId: 134 | asyncId: 134
>> [946] after: executionAsyncId: 134 | asyncId: 134, durationMs: 0
>> [946] before: executionAsyncId: 135 | asyncId: 135
>> [946] after: executionAsyncId: 135 | asyncId: 135, durationMs: 0
>> [946] before: executionAsyncId: 136 | asyncId: 136
>> [946] after: executionAsyncId: 136 | asyncId: 136, durationMs: 0
>> [946] destroy: executionAsyncId: 0 | asyncId: 19
>> [946] destroy: executionAsyncId: 0 | asyncId: 130
>> [946] destroy: executionAsyncId: 0 | asyncId: 131
>> [947] destroy: executionAsyncId: 0 | asyncId: 133
>> [947] destroy: executionAsyncId: 0 | asyncId: 134
>> [947] destroy: executionAsyncId: 0 | asyncId: 135
>> [947] destroy: executionAsyncId: 0 | asyncId: 136
>> [947] destroy: executionAsyncId: 0 | asyncId: 129
>> [947] before: executionAsyncId: 18 | asyncId: 18
>> [947] init: executionAsyncId: 18 | asyncId: 137, type: "TickObject", triggerAsyncId: 18, resource: Object
>> [947] init: executionAsyncId: 18 | asyncId: 138, type: "TickObject", triggerAsyncId: 18, resource: Object
>> [947] after: executionAsyncId: 18 | asyncId: 18, durationMs: 0
>> [947] before: executionAsyncId: 137 | asyncId: 137
>> [947] init: executionAsyncId: 137 | asyncId: 139, type: "TickObject", triggerAsyncId: 137, resource: Object
>> [947] after: executionAsyncId: 137 | asyncId: 137, durationMs: 0
>> [947] before: executionAsyncId: 138 | asyncId: 138
>> [947] after: executionAsyncId: 138 | asyncId: 138, durationMs: 0
>> [947] before: executionAsyncId: 139 | asyncId: 139
>> [947] init: executionAsyncId: 139 | asyncId: 140, type: "SHUTDOWNWRAP", triggerAsyncId: 18, resource: ShutdownWrap
>> [947] after: executionAsyncId: 139 | asyncId: 139, durationMs: 0
>> [947] destroy: executionAsyncId: 0 | asyncId: 137
>> [947] destroy: executionAsyncId: 0 | asyncId: 138
>> [947] destroy: executionAsyncId: 0 | asyncId: 139
>> [947] before: executionAsyncId: 140 | asyncId: 140
>> [947] init: executionAsyncId: 140 | asyncId: 141, type: "TickObject", triggerAsyncId: 140, resource: Object
>> [948] after: executionAsyncId: 140 | asyncId: 140, durationMs: 0
>> [948] before: executionAsyncId: 141 | asyncId: 141
>> [948] after: executionAsyncId: 141 | asyncId: 141, durationMs: 0
>> [948] destroy: executionAsyncId: 0 | asyncId: 132
>> [948] destroy: executionAsyncId: 0 | asyncId: 141
>> [948] destroy: executionAsyncId: 0 | asyncId: 140
>> [948] before: executionAsyncId: 18 | asyncId: 18
>> [948] after: executionAsyncId: 18 | asyncId: 18, durationMs: 0
>> [1371] destroy: executionAsyncId: 0 | asyncId: 20
>> [1371] destroy: executionAsyncId: 0 | asyncId: 18
>> [1371] before: executionAsyncId: 74 | asyncId: 74
>> [1371] after: executionAsyncId: 74 | asyncId: 74, durationMs: 0
>> [3117] destroy: executionAsyncId: 0 | asyncId: 74
