>> init: executionAsyncId: 0 | asyncId: 8, type: "PIPESERVERWRAP", triggerAsyncId: 0, resource: Pipe
>> init: executionAsyncId: 0 | asyncId: 9, type: "TickObject", triggerAsyncId: 8, resource: Object
>> before: executionAsyncId: 9 | asyncId: 9
Example app listening on Unix domain socket /tmp/sock!
>> init: executionAsyncId: 9 | asyncId: 13, type: "TickObject", triggerAsyncId: 9, resource: Object
>> after: executionAsyncId: 9 | asyncId: 9, durationMs: 1
>> before: executionAsyncId: 13 | asyncId: 13
>> after: executionAsyncId: 13 | asyncId: 13, durationMs: 0
>> destroy: executionAsyncId: 0 | asyncId: 9
>> destroy: executionAsyncId: 0 | asyncId: 13
>> init: executionAsyncId: 0 | asyncId: 14, type: "PIPEWRAP", triggerAsyncId: 8, resource: Pipe
>> before: executionAsyncId: 8 | asyncId: 8
>> init: executionAsyncId: 8 | asyncId: 15, type: "Timeout", triggerAsyncId: 14, resource: Timeout
>> init: executionAsyncId: 8 | asyncId: 16, type: "HTTPINCOMINGMESSAGE", triggerAsyncId: 14, resource: HTTPServerAsyncResource
>> init: executionAsyncId: 8 | asyncId: 17, type: "TickObject", triggerAsyncId: 14, resource: Object
>> after: executionAsyncId: 8 | asyncId: 8, durationMs: 2
>> before: executionAsyncId: 17 | asyncId: 17
>> after: executionAsyncId: 17 | asyncId: 17, durationMs: 0
>> destroy: executionAsyncId: 0 | asyncId: 17
>> before: executionAsyncId: 16 | asyncId: 16
>> init: executionAsyncId: 16 | asyncId: 18, type: "PROMISE", triggerAsyncId: 16, resource: PromiseWrap
>> init: executionAsyncId: 16 | asyncId: 19, type: "Immediate", triggerAsyncId: 16, resource: Immediate
>> after: executionAsyncId: 16 | asyncId: 16, durationMs: 2
>> before: executionAsyncId: 16 | asyncId: 16
>> init: executionAsyncId: 16 | asyncId: 20, type: "TickObject", triggerAsyncId: 16, resource: Object
>> after: executionAsyncId: 16 | asyncId: 16, durationMs: 0
>> before: executionAsyncId: 16 | asyncId: 16
>> after: executionAsyncId: 16 | asyncId: 16, durationMs: 0
>> before: executionAsyncId: 20 | asyncId: 20
>> after: executionAsyncId: 20 | asyncId: 20, durationMs: 0
>> destroy: executionAsyncId: 0 | asyncId: 20
>> before: executionAsyncId: 19 | asyncId: 19
>> init: executionAsyncId: 19 | asyncId: 21, type: "PROMISE", triggerAsyncId: 19, resource: PromiseWrap
>> init: executionAsyncId: 19 | asyncId: 22, type: "PROMISE", triggerAsyncId: 19, resource: PromiseWrap
>> init: executionAsyncId: 19 | asyncId: 23, type: "PROMISE", triggerAsyncId: 19, resource: PromiseWrap
>> init: executionAsyncId: 19 | asyncId: 24, type: "Timeout", triggerAsyncId: 19, resource: Timeout
>> init: executionAsyncId: 19 | asyncId: 25, type: "PROMISE", triggerAsyncId: 23, resource: PromiseWrap
>> init: executionAsyncId: 19 | asyncId: 26, type: "PROMISE", triggerAsyncId: 22, resource: PromiseWrap
>> after: executionAsyncId: 19 | asyncId: 19, durationMs: 1
>> [1] destroy: executionAsyncId: 0 | asyncId: 19
>> [2] before: executionAsyncId: 24 | asyncId: 24
>> [2] after: executionAsyncId: 24 | asyncId: 24, durationMs: 0
>> [2] before: executionAsyncId: 25 | asyncId: 25
>> [2] init: executionAsyncId: 25 | asyncId: 27, type: "PROMISE", triggerAsyncId: 25, resource: PromiseWrap
>> [2] init: executionAsyncId: 25 | asyncId: 28, type: "Timeout", triggerAsyncId: 25, resource: Timeout
>> [2] init: executionAsyncId: 25 | asyncId: 29, type: "PROMISE", triggerAsyncId: 27, resource: PromiseWrap
>> [2] after: executionAsyncId: 25 | asyncId: 25, durationMs: 0
>> [3] destroy: executionAsyncId: 0 | asyncId: 24
>> [3] before: executionAsyncId: 28 | asyncId: 28
>> [3] after: executionAsyncId: 28 | asyncId: 28, durationMs: 0
>> [3] before: executionAsyncId: 29 | asyncId: 29
>> [3] init: executionAsyncId: 29 | asyncId: 30, type: "PROMISE", triggerAsyncId: 29, resource: PromiseWrap
>> [3] init: executionAsyncId: 29 | asyncId: 31, type: "Timeout", triggerAsyncId: 29, resource: Timeout
>> [3] init: executionAsyncId: 29 | asyncId: 32, type: "PROMISE", triggerAsyncId: 30, resource: PromiseWrap
>> [3] after: executionAsyncId: 29 | asyncId: 29, durationMs: 0
>> [5] destroy: executionAsyncId: 0 | asyncId: 28
>> [5] before: executionAsyncId: 31 | asyncId: 31
>> [5] after: executionAsyncId: 31 | asyncId: 31, durationMs: 0
>> [5] before: executionAsyncId: 32 | asyncId: 32
>> [5] init: executionAsyncId: 32 | asyncId: 33, type: "PROMISE", triggerAsyncId: 32, resource: PromiseWrap
>> [5] init: executionAsyncId: 32 | asyncId: 34, type: "Timeout", triggerAsyncId: 32, resource: Timeout
>> [5] init: executionAsyncId: 32 | asyncId: 35, type: "PROMISE", triggerAsyncId: 33, resource: PromiseWrap
>> [5] after: executionAsyncId: 32 | asyncId: 32, durationMs: 0
>> [6] destroy: executionAsyncId: 0 | asyncId: 31
>> [6] before: executionAsyncId: 34 | asyncId: 34
>> [6] after: executionAsyncId: 34 | asyncId: 34, durationMs: 0
>> [6] before: executionAsyncId: 35 | asyncId: 35
>> [6] init: executionAsyncId: 35 | asyncId: 36, type: "PROMISE", triggerAsyncId: 35, resource: PromiseWrap
>> [6] init: executionAsyncId: 35 | asyncId: 37, type: "Timeout", triggerAsyncId: 35, resource: Timeout
>> [6] init: executionAsyncId: 35 | asyncId: 38, type: "PROMISE", triggerAsyncId: 36, resource: PromiseWrap
>> [6] after: executionAsyncId: 35 | asyncId: 35, durationMs: 0
>> [8] destroy: executionAsyncId: 0 | asyncId: 34
>> [8] before: executionAsyncId: 37 | asyncId: 37
>> [8] after: executionAsyncId: 37 | asyncId: 37, durationMs: 0
>> [8] before: executionAsyncId: 38 | asyncId: 38
>> [8] init: executionAsyncId: 38 | asyncId: 39, type: "PROMISE", triggerAsyncId: 38, resource: PromiseWrap
>> [8] init: executionAsyncId: 38 | asyncId: 40, type: "Timeout", triggerAsyncId: 38, resource: Timeout
>> [8] init: executionAsyncId: 38 | asyncId: 41, type: "PROMISE", triggerAsyncId: 39, resource: PromiseWrap
>> [8] after: executionAsyncId: 38 | asyncId: 38, durationMs: 0
>> [9] destroy: executionAsyncId: 0 | asyncId: 37
>> [9] before: executionAsyncId: 40 | asyncId: 40
>> [9] after: executionAsyncId: 40 | asyncId: 40, durationMs: 0
>> [9] before: executionAsyncId: 41 | asyncId: 41
>> [9] init: executionAsyncId: 41 | asyncId: 42, type: "PROMISE", triggerAsyncId: 41, resource: PromiseWrap
>> [9] init: executionAsyncId: 41 | asyncId: 43, type: "Timeout", triggerAsyncId: 41, resource: Timeout
>> [9] init: executionAsyncId: 41 | asyncId: 44, type: "PROMISE", triggerAsyncId: 42, resource: PromiseWrap
>> [9] after: executionAsyncId: 41 | asyncId: 41, durationMs: 0
>> [10] destroy: executionAsyncId: 0 | asyncId: 40
>> [10] before: executionAsyncId: 43 | asyncId: 43
>> [10] after: executionAsyncId: 43 | asyncId: 43, durationMs: 0
>> [10] before: executionAsyncId: 44 | asyncId: 44
>> [10] init: executionAsyncId: 44 | asyncId: 45, type: "PROMISE", triggerAsyncId: 44, resource: PromiseWrap
>> [10] init: executionAsyncId: 44 | asyncId: 46, type: "Timeout", triggerAsyncId: 44, resource: Timeout
>> [10] init: executionAsyncId: 44 | asyncId: 47, type: "PROMISE", triggerAsyncId: 45, resource: PromiseWrap
>> [10] after: executionAsyncId: 44 | asyncId: 44, durationMs: 0
>> [10] destroy: executionAsyncId: 0 | asyncId: 43
>> [10] before: executionAsyncId: 46 | asyncId: 46
>> [10] after: executionAsyncId: 46 | asyncId: 46, durationMs: 0
>> [10] before: executionAsyncId: 47 | asyncId: 47
>> [10] init: executionAsyncId: 47 | asyncId: 48, type: "PROMISE", triggerAsyncId: 47, resource: PromiseWrap
>> [11] init: executionAsyncId: 47 | asyncId: 49, type: "Timeout", triggerAsyncId: 47, resource: Timeout
>> [11] init: executionAsyncId: 47 | asyncId: 50, type: "PROMISE", triggerAsyncId: 48, resource: PromiseWrap
>> [11] after: executionAsyncId: 47 | asyncId: 47, durationMs: 0
>> [12] destroy: executionAsyncId: 0 | asyncId: 46
>> [12] before: executionAsyncId: 49 | asyncId: 49
>> [12] after: executionAsyncId: 49 | asyncId: 49, durationMs: 0
>> [12] before: executionAsyncId: 50 | asyncId: 50
>> [12] init: executionAsyncId: 50 | asyncId: 51, type: "PROMISE", triggerAsyncId: 50, resource: PromiseWrap
>> [12] init: executionAsyncId: 50 | asyncId: 52, type: "Timeout", triggerAsyncId: 50, resource: Timeout
>> [12] init: executionAsyncId: 50 | asyncId: 53, type: "PROMISE", triggerAsyncId: 51, resource: PromiseWrap
>> [12] after: executionAsyncId: 50 | asyncId: 50, durationMs: 0
>> [13] destroy: executionAsyncId: 0 | asyncId: 49
>> [13] before: executionAsyncId: 52 | asyncId: 52
>> [13] after: executionAsyncId: 52 | asyncId: 52, durationMs: 0
>> [13] before: executionAsyncId: 53 | asyncId: 53
>> [13] init: executionAsyncId: 53 | asyncId: 54, type: "PROMISE", triggerAsyncId: 53, resource: PromiseWrap
>> [13] init: executionAsyncId: 53 | asyncId: 55, type: "Timeout", triggerAsyncId: 53, resource: Timeout
>> [13] init: executionAsyncId: 53 | asyncId: 56, type: "PROMISE", triggerAsyncId: 54, resource: PromiseWrap
>> [13] after: executionAsyncId: 53 | asyncId: 53, durationMs: 0
>> [15] destroy: executionAsyncId: 0 | asyncId: 52
>> [15] before: executionAsyncId: 55 | asyncId: 55
>> [15] after: executionAsyncId: 55 | asyncId: 55, durationMs: 0
>> [15] before: executionAsyncId: 56 | asyncId: 56
>> [15] init: executionAsyncId: 56 | asyncId: 57, type: "PROMISE", triggerAsyncId: 56, resource: PromiseWrap
>> [15] init: executionAsyncId: 56 | asyncId: 58, type: "Timeout", triggerAsyncId: 56, resource: Timeout
>> [15] init: executionAsyncId: 56 | asyncId: 59, type: "PROMISE", triggerAsyncId: 57, resource: PromiseWrap
>> [15] after: executionAsyncId: 56 | asyncId: 56, durationMs: 0
>> [16] destroy: executionAsyncId: 0 | asyncId: 55
>> [16] before: executionAsyncId: 58 | asyncId: 58
>> [16] after: executionAsyncId: 58 | asyncId: 58, durationMs: 0
>> [16] before: executionAsyncId: 59 | asyncId: 59
>> [16] init: executionAsyncId: 59 | asyncId: 60, type: "PROMISE", triggerAsyncId: 59, resource: PromiseWrap
>> [16] init: executionAsyncId: 59 | asyncId: 61, type: "Timeout", triggerAsyncId: 59, resource: Timeout
>> [16] init: executionAsyncId: 59 | asyncId: 62, type: "PROMISE", triggerAsyncId: 60, resource: PromiseWrap
>> [16] after: executionAsyncId: 59 | asyncId: 59, durationMs: 0
>> [17] destroy: executionAsyncId: 0 | asyncId: 58
>> [17] before: executionAsyncId: 61 | asyncId: 61
>> [17] after: executionAsyncId: 61 | asyncId: 61, durationMs: 0
>> [17] before: executionAsyncId: 62 | asyncId: 62
>> [17] init: executionAsyncId: 62 | asyncId: 63, type: "PROMISE", triggerAsyncId: 62, resource: PromiseWrap
>> [17] init: executionAsyncId: 62 | asyncId: 64, type: "Timeout", triggerAsyncId: 62, resource: Timeout
>> [17] init: executionAsyncId: 62 | asyncId: 65, type: "PROMISE", triggerAsyncId: 63, resource: PromiseWrap
>> [17] after: executionAsyncId: 62 | asyncId: 62, durationMs: 0
>> [19] destroy: executionAsyncId: 0 | asyncId: 61
>> [19] before: executionAsyncId: 64 | asyncId: 64
>> [19] after: executionAsyncId: 64 | asyncId: 64, durationMs: 0
>> [19] before: executionAsyncId: 65 | asyncId: 65
[19] Serializing response for request 1...
>> [19] init: executionAsyncId: 65 | asyncId: 66, type: "TickObject", triggerAsyncId: 65, resource: Object
[353] Sending 55MB response for request 1...
>> [487] init: executionAsyncId: 65 | asyncId: 67, type: "Timeout", triggerAsyncId: 65, resource: Timeout
>> [489] init: executionAsyncId: 65 | asyncId: 68, type: "WRITEWRAP", triggerAsyncId: 14, resource: WriteWrap
[489] - Handler done for request 1 -
>> [489] after: executionAsyncId: 65 | asyncId: 65, durationMs: 470, event loop blocked!
>> [489] before: executionAsyncId: 26 | asyncId: 26
>> [489] after: executionAsyncId: 26 | asyncId: 26, durationMs: 0
>> [489] before: executionAsyncId: 66 | asyncId: 66
>> [489] after: executionAsyncId: 66 | asyncId: 66, durationMs: 0
>> [490] destroy: executionAsyncId: 0 | asyncId: 64
>> [490] destroy: executionAsyncId: 0 | asyncId: 53
>> [490] destroy: executionAsyncId: 0 | asyncId: 54
>> [490] destroy: executionAsyncId: 0 | asyncId: 50
>> [490] destroy: executionAsyncId: 0 | asyncId: 51
>> [490] destroy: executionAsyncId: 0 | asyncId: 47
>> [490] destroy: executionAsyncId: 0 | asyncId: 48
>> [490] destroy: executionAsyncId: 0 | asyncId: 45
>> [490] destroy: executionAsyncId: 0 | asyncId: 44
>> [490] destroy: executionAsyncId: 0 | asyncId: 42
>> [490] destroy: executionAsyncId: 0 | asyncId: 38
>> [490] destroy: executionAsyncId: 0 | asyncId: 39
>> [490] destroy: executionAsyncId: 0 | asyncId: 35
>> [490] destroy: executionAsyncId: 0 | asyncId: 36
>> [490] destroy: executionAsyncId: 0 | asyncId: 32
>> [490] destroy: executionAsyncId: 0 | asyncId: 33
>> [490] destroy: executionAsyncId: 0 | asyncId: 29
>> [490] destroy: executionAsyncId: 0 | asyncId: 30
>> [490] destroy: executionAsyncId: 0 | asyncId: 56
>> [490] destroy: executionAsyncId: 0 | asyncId: 57
>> [490] destroy: executionAsyncId: 0 | asyncId: 59
>> [490] destroy: executionAsyncId: 0 | asyncId: 60
>> [490] destroy: executionAsyncId: 0 | asyncId: 62
>> [490] destroy: executionAsyncId: 0 | asyncId: 63
>> [490] destroy: executionAsyncId: 0 | asyncId: 27
>> [490] destroy: executionAsyncId: 0 | asyncId: 41
>> [490] destroy: executionAsyncId: 0 | asyncId: 25
>> [490] destroy: executionAsyncId: 0 | asyncId: 23
>> [490] destroy: executionAsyncId: 0 | asyncId: 18
>> [490] destroy: executionAsyncId: 0 | asyncId: 12
>> [490] destroy: executionAsyncId: 0 | asyncId: 10
>> [490] destroy: executionAsyncId: 0 | asyncId: 11
>> [490] destroy: executionAsyncId: 0 | asyncId: 66
>> [496] before: executionAsyncId: 68 | asyncId: 68
>> [497] init: executionAsyncId: 68 | asyncId: 69, type: "TickObject", triggerAsyncId: 68, resource: Object
>> [497] init: executionAsyncId: 68 | asyncId: 70, type: "TickObject", triggerAsyncId: 68, resource: Object
>> [497] init: executionAsyncId: 68 | asyncId: 71, type: "Timeout", triggerAsyncId: 68, resource: Timeout
>> [497] res.finish: executionAsyncId: 68 |
[497] -- Took 144ms to flush response for request 1 --
>> [497] init: executionAsyncId: 68 | asyncId: 72, type: "TickObject", triggerAsyncId: 68, resource: Object
>> [497] after: executionAsyncId: 68 | asyncId: 68, durationMs: 1
>> [497] before: executionAsyncId: 69 | asyncId: 69
>> [497] init: executionAsyncId: 69 | asyncId: 73, type: "TickObject", triggerAsyncId: 69, resource: Object
>> [497] init: executionAsyncId: 69 | asyncId: 74, type: "TickObject", triggerAsyncId: 69, resource: Object
>> [497] init: executionAsyncId: 69 | asyncId: 75, type: "TickObject", triggerAsyncId: 69, resource: Object
>> [497] after: executionAsyncId: 69 | asyncId: 69, durationMs: 0
>> [497] before: executionAsyncId: 70 | asyncId: 70
>> [498] res.close: executionAsyncId: 70 |

Between request 1 resSendEnd and request 1 resFinish
  - total time: 8248 us
  - total cpu time: 183 us
  - total idle time: 8065 us
  - number of sync operations: 3

>> [498] after: executionAsyncId: 70 | asyncId: 70, durationMs: 0
>> [498] before: executionAsyncId: 72 | asyncId: 72
>> [498] after: executionAsyncId: 72 | asyncId: 72, durationMs: 0
>> [498] before: executionAsyncId: 73 | asyncId: 73
>> [498] after: executionAsyncId: 73 | asyncId: 73, durationMs: 0
>> [498] before: executionAsyncId: 74 | asyncId: 74
>> [498] after: executionAsyncId: 74 | asyncId: 74, durationMs: 0
>> [498] before: executionAsyncId: 75 | asyncId: 75
>> [498] after: executionAsyncId: 75 | asyncId: 75, durationMs: 0
>> [498] destroy: executionAsyncId: 0 | asyncId: 15
>> [498] destroy: executionAsyncId: 0 | asyncId: 69
>> [498] destroy: executionAsyncId: 0 | asyncId: 70
>> [498] destroy: executionAsyncId: 0 | asyncId: 72
>> [498] destroy: executionAsyncId: 0 | asyncId: 73
>> [498] destroy: executionAsyncId: 0 | asyncId: 74
>> [498] destroy: executionAsyncId: 0 | asyncId: 75
>> [498] destroy: executionAsyncId: 0 | asyncId: 68
>> [498] before: executionAsyncId: 14 | asyncId: 14
>> [498] init: executionAsyncId: 14 | asyncId: 76, type: "TickObject", triggerAsyncId: 14, resource: Object
>> [498] init: executionAsyncId: 14 | asyncId: 77, type: "TickObject", triggerAsyncId: 14, resource: Object
>> [498] after: executionAsyncId: 14 | asyncId: 14, durationMs: 0
>> [498] before: executionAsyncId: 76 | asyncId: 76
>> [498] init: executionAsyncId: 76 | asyncId: 78, type: "TickObject", triggerAsyncId: 76, resource: Object
>> [498] after: executionAsyncId: 76 | asyncId: 76, durationMs: 0
>> [498] before: executionAsyncId: 77 | asyncId: 77
>> [498] after: executionAsyncId: 77 | asyncId: 77, durationMs: 0
>> [499] before: executionAsyncId: 78 | asyncId: 78
>> [499] init: executionAsyncId: 78 | asyncId: 79, type: "SHUTDOWNWRAP", triggerAsyncId: 14, resource: ShutdownWrap
>> [499] after: executionAsyncId: 78 | asyncId: 78, durationMs: 0
>> [499] destroy: executionAsyncId: 0 | asyncId: 76
>> [499] destroy: executionAsyncId: 0 | asyncId: 77
>> [499] destroy: executionAsyncId: 0 | asyncId: 78
>> [500] before: executionAsyncId: 79 | asyncId: 79
>> [501] init: executionAsyncId: 79 | asyncId: 80, type: "TickObject", triggerAsyncId: 79, resource: Object
>> [501] after: executionAsyncId: 79 | asyncId: 79, durationMs: 1
>> [501] before: executionAsyncId: 80 | asyncId: 80
>> [501] after: executionAsyncId: 80 | asyncId: 80, durationMs: 0
>> [501] destroy: executionAsyncId: 0 | asyncId: 71
>> [501] destroy: executionAsyncId: 0 | asyncId: 80
>> [501] destroy: executionAsyncId: 0 | asyncId: 79
>> [501] before: executionAsyncId: 14 | asyncId: 14
>> [501] after: executionAsyncId: 14 | asyncId: 14, durationMs: 0
>> [501] destroy: executionAsyncId: 0 | asyncId: 16
>> [501] destroy: executionAsyncId: 0 | asyncId: 14
>> [1101] before: executionAsyncId: 67 | asyncId: 67
>> [1102] after: executionAsyncId: 67 | asyncId: 67, durationMs: 0
>> [5339] destroy: executionAsyncId: 0 | asyncId: 67
>> [8649] destroy: executionAsyncId: 0 | asyncId: 65
>> [8649] destroy: executionAsyncId: 0 | asyncId: 26
>> [8649] destroy: executionAsyncId: 0 | asyncId: 22
>> [8649] destroy: executionAsyncId: 0 | asyncId: 21
