Example app listening on Unix domain socket /tmp/sock!
[0] Serializing response for request 1...
[340] Sending 55MB response for request 1...
[495] - Handler done for request 1 -
[496] Serializing response for request 2...
[804] Sending 55MB response for request 2...
[940] - Handler done for request 2 -
[940] Serializing response for request 3...
[1244] Sending 55MB response for request 3...
[1384] - Handler done for request 3 -
[1386] Serializing response for request 4...
[1688] Sending 55MB response for request 4...
[1825] - Handler done for request 4 -
[1831] Serializing response for request 5...
[2130] Sending 55MB response for request 5...
[2269] - Handler done for request 5 -
[2418] -- Took 1613ms to flush response for request 2 --
[2425] -- Took 1181ms to flush response for request 3 --
[2428] -- Took 298ms to flush response for request 5 --
[2429] -- Took 741ms to flush response for request 4 --
[2432] -- Took 2093ms to flush response for request 1 --
