>> init: executionAsyncId: 0 | asyncId: 8, type: "PIPESERVERWRAP", triggerAsyncId: 0, resource: Pipe
>> init: executionAsyncId: 0 | asyncId: 9, type: "TickObject", triggerAsyncId: 8, resource: Object
>> before: executionAsyncId: 9 | asyncId: 9
Example app listening on Unix domain socket /tmp/sock!
>> init: executionAsyncId: 9 | asyncId: 13, type: "TickObject", triggerAsyncId: 9, resource: Object
>> after: executionAsyncId: 9 | asyncId: 9, durationMs: 1
>> before: executionAsyncId: 13 | asyncId: 13
>> after: executionAsyncId: 13 | asyncId: 13, durationMs: 0
>> destroy: executionAsyncId: 0 | asyncId: 9
>> destroy: executionAsyncId: 0 | asyncId: 13
>> init: executionAsyncId: 0 | asyncId: 14, type: "PIPEWRAP", triggerAsyncId: 8, resource: Pipe
>> before: executionAsyncId: 8 | asyncId: 8
>> init: executionAsyncId: 8 | asyncId: 15, type: "Timeout", triggerAsyncId: 14, resource: Timeout
>> init: executionAsyncId: 8 | asyncId: 16, type: "HTTPINCOMINGMESSAGE", triggerAsyncId: 14, resource: HTTPServerAsyncResource
>> init: executionAsyncId: 8 | asyncId: 17, type: "TickObject", triggerAsyncId: 14, resource: Object
>> after: executionAsyncId: 8 | asyncId: 8, durationMs: 1
>> before: executionAsyncId: 17 | asyncId: 17
>> after: executionAsyncId: 17 | asyncId: 17, durationMs: 0
>> destroy: executionAsyncId: 0 | asyncId: 17
>> before: executionAsyncId: 16 | asyncId: 16
>> init: executionAsyncId: 16 | asyncId: 18, type: "PROMISE", triggerAsyncId: 16, resource: PromiseWrap
>> init: executionAsyncId: 16 | asyncId: 19, type: "PROMISE", triggerAsyncId: 16, resource: PromiseWrap
[0] Serializing response for request 1...
>> init: executionAsyncId: 16 | asyncId: 20, type: "TickObject", triggerAsyncId: 16, resource: Object
[331] Sending 55MB response for request 1...
>> [463] init: executionAsyncId: 16 | asyncId: 21, type: "Timeout", triggerAsyncId: 16, resource: Timeout
>> [465] init: executionAsyncId: 16 | asyncId: 22, type: "WRITEWRAP", triggerAsyncId: 14, resource: WriteWrap
[465] - Handler done for request 1 -
>> [465] after: executionAsyncId: 16 | asyncId: 16, durationMs: 467, event loop blocked!
>> [465] before: executionAsyncId: 16 | asyncId: 16
>> [465] init: executionAsyncId: 16 | asyncId: 23, type: "TickObject", triggerAsyncId: 16, resource: Object
>> [465] after: executionAsyncId: 16 | asyncId: 16, durationMs: 0
>> [465] before: executionAsyncId: 16 | asyncId: 16
>> [465] after: executionAsyncId: 16 | asyncId: 16, durationMs: 0
>> [465] before: executionAsyncId: 20 | asyncId: 20
>> [465] after: executionAsyncId: 20 | asyncId: 20, durationMs: 0
>> [465] before: executionAsyncId: 23 | asyncId: 23
>> [465] after: executionAsyncId: 23 | asyncId: 23, durationMs: 0
>> [465] destroy: executionAsyncId: 0 | asyncId: 12
>> [465] destroy: executionAsyncId: 0 | asyncId: 10
>> [465] destroy: executionAsyncId: 0 | asyncId: 11
>> [466] destroy: executionAsyncId: 0 | asyncId: 20
>> [466] destroy: executionAsyncId: 0 | asyncId: 23
>> [472] before: executionAsyncId: 22 | asyncId: 22
>> [472] init: executionAsyncId: 22 | asyncId: 24, type: "TickObject", triggerAsyncId: 22, resource: Object
>> [473] init: executionAsyncId: 22 | asyncId: 25, type: "TickObject", triggerAsyncId: 22, resource: Object
>> [473] init: executionAsyncId: 22 | asyncId: 26, type: "Timeout", triggerAsyncId: 22, resource: Timeout
>> [473] res.finish: executionAsyncId: 22 |
[473] -- Took 142ms to flush response for request 1 --
>> [473] init: executionAsyncId: 22 | asyncId: 27, type: "TickObject", triggerAsyncId: 22, resource: Object
>> [473] after: executionAsyncId: 22 | asyncId: 22, durationMs: 1
>> [473] before: executionAsyncId: 24 | asyncId: 24
>> [473] init: executionAsyncId: 24 | asyncId: 28, type: "TickObject", triggerAsyncId: 24, resource: Object
>> [473] init: executionAsyncId: 24 | asyncId: 29, type: "TickObject", triggerAsyncId: 24, resource: Object
>> [473] init: executionAsyncId: 24 | asyncId: 30, type: "TickObject", triggerAsyncId: 24, resource: Object
>> [473] after: executionAsyncId: 24 | asyncId: 24, durationMs: 0
>> [473] before: executionAsyncId: 25 | asyncId: 25
>> [473] res.close: executionAsyncId: 25 |

Between request 1 resSendEnd and request 1 resFinish
  - total time: 7845 us
  - total cpu time: 425 us
  - total idle time: 7420 us
  - number of sync operations: 5

>> [473] after: executionAsyncId: 25 | asyncId: 25, durationMs: 0
>> [473] before: executionAsyncId: 27 | asyncId: 27
>> [473] after: executionAsyncId: 27 | asyncId: 27, durationMs: 0
>> [473] before: executionAsyncId: 28 | asyncId: 28
>> [474] after: executionAsyncId: 28 | asyncId: 28, durationMs: 0
>> [474] before: executionAsyncId: 29 | asyncId: 29
>> [474] after: executionAsyncId: 29 | asyncId: 29, durationMs: 0
>> [474] before: executionAsyncId: 30 | asyncId: 30
>> [474] after: executionAsyncId: 30 | asyncId: 30, durationMs: 0
>> [474] destroy: executionAsyncId: 0 | asyncId: 15
>> [474] destroy: executionAsyncId: 0 | asyncId: 24
>> [474] destroy: executionAsyncId: 0 | asyncId: 25
>> [474] destroy: executionAsyncId: 0 | asyncId: 27
>> [474] destroy: executionAsyncId: 0 | asyncId: 28
>> [474] destroy: executionAsyncId: 0 | asyncId: 29
>> [474] destroy: executionAsyncId: 0 | asyncId: 30
>> [474] destroy: executionAsyncId: 0 | asyncId: 22
>> [474] before: executionAsyncId: 14 | asyncId: 14
>> [474] init: executionAsyncId: 14 | asyncId: 31, type: "TickObject", triggerAsyncId: 14, resource: Object
>> [474] init: executionAsyncId: 14 | asyncId: 32, type: "TickObject", triggerAsyncId: 14, resource: Object
>> [474] after: executionAsyncId: 14 | asyncId: 14, durationMs: 0
>> [474] before: executionAsyncId: 31 | asyncId: 31
>> [474] init: executionAsyncId: 31 | asyncId: 33, type: "TickObject", triggerAsyncId: 31, resource: Object
>> [474] after: executionAsyncId: 31 | asyncId: 31, durationMs: 0
>> [475] before: executionAsyncId: 32 | asyncId: 32
>> [475] after: executionAsyncId: 32 | asyncId: 32, durationMs: 0
>> [475] before: executionAsyncId: 33 | asyncId: 33
>> [475] init: executionAsyncId: 33 | asyncId: 34, type: "SHUTDOWNWRAP", triggerAsyncId: 14, resource: ShutdownWrap
>> [475] after: executionAsyncId: 33 | asyncId: 33, durationMs: 0
>> [475] destroy: executionAsyncId: 0 | asyncId: 31
>> [475] destroy: executionAsyncId: 0 | asyncId: 32
>> [475] destroy: executionAsyncId: 0 | asyncId: 33
>> [476] before: executionAsyncId: 34 | asyncId: 34
>> [477] init: executionAsyncId: 34 | asyncId: 35, type: "TickObject", triggerAsyncId: 34, resource: Object
>> [477] after: executionAsyncId: 34 | asyncId: 34, durationMs: 1
>> [477] before: executionAsyncId: 35 | asyncId: 35
>> [477] after: executionAsyncId: 35 | asyncId: 35, durationMs: 0
>> [477] destroy: executionAsyncId: 0 | asyncId: 26
>> [477] destroy: executionAsyncId: 0 | asyncId: 35
>> [477] destroy: executionAsyncId: 0 | asyncId: 34
>> [477] before: executionAsyncId: 14 | asyncId: 14
>> [477] after: executionAsyncId: 14 | asyncId: 14, durationMs: 0
>> [477] destroy: executionAsyncId: 0 | asyncId: 16
>> [477] destroy: executionAsyncId: 0 | asyncId: 14
>> [1009] before: executionAsyncId: 21 | asyncId: 21
>> [1009] after: executionAsyncId: 21 | asyncId: 21, durationMs: 0
