Example app listening on Unix domain socket /tmp/sock!
[25] Serializing response for request 1...
[356] Sending 55MB response for request 1...
[495] - Handler done for request 1 -
[626] -- Took 270ms to flush response for request 1 --
[650] Serializing response for request 2...
[990] Sending 55MB response for request 2...
[1101] - Handler done for request 2 -
[1189] -- Took 199ms to flush response for request 2 --
[1215] Serializing response for request 3...
[1545] Sending 55MB response for request 3...
[1667] - Handler done for request 3 -
[1755] -- Took 210ms to flush response for request 3 --
[1780] Serializing response for request 4...
[2103] Sending 55MB response for request 4...
[2213] - Handler done for request 4 -
[2305] -- Took 202ms to flush response for request 4 --
[2330] Serializing response for request 5...
[2630] Sending 55MB response for request 5...
[2739] - Handler done for request 5 -
[2834] -- Took 204ms to flush response for request 5 --
