Example app listening on Unix domain socket /tmp/sock!
[0] Serializing response for request 1...
[327] Sending 55MB response for request 1...
[463] - Handler done for request 1 -
[465] Serializing response for request 2...
[757] Sending 55MB response for request 2...
[894] - Handler done for request 2 -
[898] Serializing response for request 3...
[1192] Sending 55MB response for request 3...
[1321] - Handler done for request 3 -
[1321] Serializing response for request 4...
[1623] Sending 55MB response for request 4...
[1753] - Handler done for request 4 -
[1754] Serializing response for request 5...
[2055] Sending 55MB response for request 5...
[2181] - Handler done for request 5 -
[2198] -- Took 1870ms to flush response for request 1 --
[2209] -- Took 586ms to flush response for request 4 --
[2210] -- Took 1453ms to flush response for request 2 --
[2217] -- Took 1024ms to flush response for request 3 --
[2217] -- Took 162ms to flush response for request 5 --
