Example app listening on Unix domain socket /tmp/sock!
[0] Serializing response for request 1...
[327] Sending 55MB response for request 1...
[461] - Handler done for request 1 -
[463] Serializing response for request 2...
[767] Sending 55MB response for request 2...
[896] - Handler done for request 2 -
[904] Serializing response for request 3...
[1212] Sending 55MB response for request 3...
[1342] - Handler done for request 3 -
[1343] Serializing response for request 4...
[1640] Sending 55MB response for request 4...
[1774] - Handler done for request 4 -
[1774] Serializing response for request 5...
[2067] Sending 55MB response for request 5...
[2207] - Handler done for request 5 -
[2223] -- Took 1896ms to flush response for request 1 --
[2224] -- Took 1457ms to flush response for request 2 --
[2239] -- Took 1027ms to flush response for request 3 --
[2240] -- Took 600ms to flush response for request 4 --
[2242] -- Took 175ms to flush response for request 5 --
